#
# There is insufficient memory for the Java Runtime Environment to continue.
# Native memory allocation (mmap) failed to map 91750400 bytes for committing reserved memory.
# Possible reasons:
#   The system is out of physical RAM or swap space
#   In 32 bit mode, the process size limit was hit
# Possible solutions:
#   Reduce memory load on the system
#   Increase physical memory or swap space
#   Check if swap backing store is full
#   Use 64 bit Java on a 64 bit OS
#   Decrease Java heap size (-Xmx/-Xms)
#   Decrease number of Java threads
#   Decrease Java thread stack sizes (-Xss)
#   Set larger code cache with -XX:ReservedCodeCacheSize=
# This output file may be truncated or incomplete.
#
#  Out of Memory Error (os_linux.cpp:2643), pid=15150, tid=0x00007fd388bfb700
#
# JRE version: OpenJDK Runtime Environment (8.0_131-b11) (build 1.8.0_131-8u131-b11-2ubuntu1.16.04.3-b11)
# Java VM: OpenJDK 64-Bit Server VM (25.131-b11 mixed mode linux-amd64 compressed oops)
# Failed to write core dump. Core dumps have been disabled. To enable core dumping, try "ulimit -c unlimited" before starting Java again
#

---------------  T H R E A D  ---------------

Current thread (0x00007fd398082800):  VMThread [stack: 0x00007fd388afb000,0x00007fd388bfc000] [id=15162]

Stack: [0x00007fd388afb000,0x00007fd388bfc000],  sp=0x00007fd388bfa4c0,  free space=1021k
Native frames: (J=compiled Java code, j=interpreted, Vv=VM code, C=native code)
V  [libjvm.so+0xa6a1bb]
V  [libjvm.so+0x4c5a6c]
V  [libjvm.so+0x8b85a0]
V  [libjvm.so+0x8b2a1e]
V  [libjvm.so+0x92d556]
V  [libjvm.so+0x92e883]
V  [libjvm.so+0x92af33]
V  [libjvm.so+0x92b1fc]
V  [libjvm.so+0x8dd093]
V  [libjvm.so+0xa6be72]
V  [libjvm.so+0xa70f57]
V  [libjvm.so+0xa6e727]
V  [libjvm.so+0xa6fbaf]
V  [libjvm.so+0xa700a1]
V  [libjvm.so+0x8b5a82]

VM_Operation (0x00007fd3a1eb60a0): ParallelGCFailedAllocation, mode: safepoint, requested by thread 0x00007fd398015800


---------------  P R O C E S S  ---------------

Java Threads: ( => current thread )
  0x00007fd398e67000 JavaThread "Keep-Alive-Timer" daemon [_thread_blocked, id=15190, stack(0x00007fd343eff000,0x00007fd344000000)]
  0x00007fd398bbd000 JavaThread "RMI TCP Accept-0" daemon [_thread_in_native, id=15180, stack(0x00007fd3543f0000,0x00007fd3544f1000)]
  0x00007fd398bb5000 JavaThread "RMI TCP Accept-36377" daemon [_thread_in_native, id=15179, stack(0x00007fd3544f1000,0x00007fd3545f2000)]
  0x00007fd398b9a000 JavaThread "RMI TCP Accept-0" daemon [_thread_in_native, id=15178, stack(0x00007fd3545f2000,0x00007fd3546f3000)]
  0x00007fd3980c6000 JavaThread "Service Thread" daemon [_thread_blocked, id=15174, stack(0x00007fd38811b000,0x00007fd38821c000)]
  0x00007fd3980be000 JavaThread "C1 CompilerThread2" daemon [_thread_blocked, id=15173, stack(0x00007fd38821c000,0x00007fd38831d000)]
  0x00007fd3980bc800 JavaThread "C2 CompilerThread1" daemon [_thread_blocked, id=15172, stack(0x00007fd38831d000,0x00007fd38841e000)]
  0x00007fd3980b9800 JavaThread "C2 CompilerThread0" daemon [_thread_blocked, id=15171, stack(0x00007fd38841e000,0x00007fd38851f000)]
  0x00007fd3980b7800 JavaThread "Signal Dispatcher" daemon [_thread_blocked, id=15170, stack(0x00007fd38851f000,0x00007fd388620000)]
  0x00007fd39808f000 JavaThread "Finalizer" daemon [_thread_blocked, id=15164, stack(0x00007fd3888f9000,0x00007fd3889fa000)]
  0x00007fd39808a800 JavaThread "Reference Handler" daemon [_thread_blocked, id=15163, stack(0x00007fd3889fa000,0x00007fd388afb000)]
  0x00007fd398015800 JavaThread "main" [_thread_blocked, id=15157, stack(0x00007fd3a1db9000,0x00007fd3a1eba000)]

Other Threads:
=>0x00007fd398082800 VMThread [stack: 0x00007fd388afb000,0x00007fd388bfc000] [id=15162]
  0x00007fd398bc2000 WatcherThread [stack: 0x00007fd3542ef000,0x00007fd3543f0000] [id=15181]

VM state:at safepoint (normal execution)

VM Mutex/Monitor currently owned by a thread:  ([mutex/lock_event])
[0x00007fd398011940] Threads_lock - owner thread: 0x00007fd398082800
[0x00007fd398011e40] Heap_lock - owner thread: 0x00007fd398015800

Heap:
 PSYoungGen      total 228352K, used 10653K [0x00000000d6e00000, 0x00000000e5900000, 0x0000000100000000)
  eden space 217600K, 0% used [0x00000000d6e00000,0x00000000d6e00000,0x00000000e4280000)
  from space 10752K, 99% used [0x00000000e4400000,0x00000000e4e676f8,0x00000000e4e80000)
  to   space 7168K, 0% used [0x00000000e5200000,0x00000000e5200000,0x00000000e5900000)
 ParOldGen       total 55296K, used 11190K [0x0000000084a00000, 0x0000000088000000, 0x00000000d6e00000)
  object space 55296K, 20% used [0x0000000084a00000,0x00000000854edb58,0x0000000088000000)
 Metaspace       used 28419K, capacity 28756K, committed 29056K, reserved 1075200K
  class space    used 3607K, capacity 3706K, committed 3712K, reserved 1048576K

Card table byte_map: [0x00007fd39e09b000,0x00007fd39e477000] byte_map_base: 0x00007fd39dc76000

Marking Bits: (ParMarkBitMap*) 0x00007fd3a108c2c0
 Begin Bits: [0x00007fd374250000, 0x00007fd376128000)
 End Bits:   [0x00007fd376128000, 0x00007fd378000000)

Polling page: 0x00007fd3a1edf000

CodeCache: size=245760Kb used=6044Kb max_used=6044Kb free=239715Kb
 bounds [0x00007fd389000000, 0x00007fd3895f0000, 0x00007fd398000000]
 total_blobs=3229 nmethods=2796 adapters=347
 compilation: enabled

Compilation events (10 events):
Event: 13,160 Thread 0x00007fd3980be000 2792       1       org.springframework.boot.autoconfigure.condition.ConditionMessage::empty (8 bytes)
Event: 13,161 Thread 0x00007fd3980be000 nmethod 2792 0x00007fd3895e1d10 code [0x00007fd3895e1e60, 0x00007fd3895e1f90]
Event: 13,164 Thread 0x00007fd3980be000 2793   !   1       org.springframework.beans.factory.support.DefaultListableBeanFactory::registerBeanDefinition (552 bytes)
Event: 13,175 Thread 0x00007fd3980be000 nmethod 2793 0x00007fd3895e2010 code [0x00007fd3895e2600, 0x00007fd3895e4408]
Event: 13,221 Thread 0x00007fd3980be000 2794       1       org.springframework.boot.autoconfigure.condition.OnBeanCondition$BeanSearchSpec::getStrategy (18 bytes)
Event: 13,221 Thread 0x00007fd3980be000 nmethod 2794 0x00007fd3895e6350 code [0x00007fd3895e64a0, 0x00007fd3895e65d0]
Event: 13,255 Thread 0x00007fd3980be000 2795       1       java.lang.reflect.Method::setMethodAccessor (21 bytes)
Event: 13,255 Thread 0x00007fd3980be000 nmethod 2795 0x00007fd3895e6650 code [0x00007fd3895e67c0, 0x00007fd3895e6948]
Event: 13,255 Thread 0x00007fd3980be000 2796       1       org.springframework.core.annotation.AnnotationUtils$AliasDescriptor::from (62 bytes)
Event: 13,256 Thread 0x00007fd3980be000 nmethod 2796 0x00007fd3895e6a10 code [0x00007fd3895e6c00, 0x00007fd3895e70b8]

GC Heap History (10 events):
Event: 6,002 GC heap after
Heap after GC invocations=5 (full 0):
 PSYoungGen      total 68608K, used 5116K [0x00000000d6e00000, 0x00000000e0000000, 0x0000000100000000)
  eden space 63488K, 0% used [0x00000000d6e00000,0x00000000d6e00000,0x00000000dac00000)
  from space 5120K, 99% used [0x00000000dac00000,0x00000000db0ff0b0,0x00000000db100000)
  to   space 11264K, 0% used [0x00000000df500000,0x00000000df500000,0x00000000e0000000)
 ParOldGen       total 84992K, used 8998K [0x0000000084a00000, 0x0000000089d00000, 0x00000000d6e00000)
  object space 84992K, 10% used [0x0000000084a00000,0x00000000852c9ae0,0x0000000089d00000)
 Metaspace       used 19424K, capacity 19694K, committed 19968K, reserved 1067008K
  class space    used 2352K, capacity 2435K, committed 2560K, reserved 1048576K
}
Event: 6,532 GC heap before
{Heap before GC invocations=6 (full 0):
 PSYoungGen      total 68608K, used 48774K [0x00000000d6e00000, 0x00000000e0000000, 0x0000000100000000)
  eden space 63488K, 68% used [0x00000000d6e00000,0x00000000d98a2a48,0x00000000dac00000)
  from space 5120K, 99% used [0x00000000dac00000,0x00000000db0ff0b0,0x00000000db100000)
  to   space 11264K, 0% used [0x00000000df500000,0x00000000df500000,0x00000000e0000000)
 ParOldGen       total 84992K, used 8998K [0x0000000084a00000, 0x0000000089d00000, 0x00000000d6e00000)
  object space 84992K, 10% used [0x0000000084a00000,0x00000000852c9ae0,0x0000000089d00000)
 Metaspace       used 20973K, capacity 21216K, committed 21296K, reserved 1069056K
  class space    used 2558K, capacity 2662K, committed 2688K, reserved 1048576K
Event: 6,550 GC heap after
Heap after GC invocations=6 (full 0):
 PSYoungGen      total 137216K, used 7119K [0x00000000d6e00000, 0x00000000dff00000, 0x0000000100000000)
  eden space 126976K, 0% used [0x00000000d6e00000,0x00000000d6e00000,0x00000000dea00000)
  from space 10240K, 69% used [0x00000000df500000,0x00000000dfbf3d00,0x00000000dff00000)
  to   space 10752K, 0% used [0x00000000dea00000,0x00000000dea00000,0x00000000df480000)
 ParOldGen       total 84992K, used 9006K [0x0000000084a00000, 0x0000000089d00000, 0x00000000d6e00000)
  object space 84992K, 10% used [0x0000000084a00000,0x00000000852cbae0,0x0000000089d00000)
 Metaspace       used 20973K, capacity 21216K, committed 21296K, reserved 1069056K
  class space    used 2558K, capacity 2662K, committed 2688K, reserved 1048576K
}
Event: 6,550 GC heap before
{Heap before GC invocations=7 (full 1):
 PSYoungGen      total 137216K, used 7119K [0x00000000d6e00000, 0x00000000dff00000, 0x0000000100000000)
  eden space 126976K, 0% used [0x00000000d6e00000,0x00000000d6e00000,0x00000000dea00000)
  from space 10240K, 69% used [0x00000000df500000,0x00000000dfbf3d00,0x00000000dff00000)
  to   space 10752K, 0% used [0x00000000dea00000,0x00000000dea00000,0x00000000df480000)
 ParOldGen       total 84992K, used 9006K [0x0000000084a00000, 0x0000000089d00000, 0x00000000d6e00000)
  object space 84992K, 10% used [0x0000000084a00000,0x00000000852cbae0,0x0000000089d00000)
 Metaspace       used 20973K, capacity 21216K, committed 21296K, reserved 1069056K
  class space    used 2558K, capacity 2662K, committed 2688K, reserved 1048576K
Event: 6,610 GC heap after
Heap after GC invocations=7 (full 1):
 PSYoungGen      total 137216K, used 0K [0x00000000d6e00000, 0x00000000dff00000, 0x0000000100000000)
  eden space 126976K, 0% used [0x00000000d6e00000,0x00000000d6e00000,0x00000000dea00000)
  from space 10240K, 0% used [0x00000000df500000,0x00000000df500000,0x00000000dff00000)
  to   space 10752K, 0% used [0x00000000dea00000,0x00000000dea00000,0x00000000df480000)
 ParOldGen       total 55296K, used 11166K [0x0000000084a00000, 0x0000000088000000, 0x00000000d6e00000)
  object space 55296K, 20% used [0x0000000084a00000,0x00000000854e7b58,0x0000000088000000)
 Metaspace       used 20973K, capacity 21216K, committed 21296K, reserved 1069056K
  class space    used 2558K, capacity 2662K, committed 2688K, reserved 1048576K
}
Event: 7,744 GC heap before
{Heap before GC invocations=8 (full 1):
 PSYoungGen      total 137216K, used 126976K [0x00000000d6e00000, 0x00000000dff00000, 0x0000000100000000)
  eden space 126976K, 100% used [0x00000000d6e00000,0x00000000dea00000,0x00000000dea00000)
  from space 10240K, 0% used [0x00000000df500000,0x00000000df500000,0x00000000dff00000)
  to   space 10752K, 0% used [0x00000000dea00000,0x00000000dea00000,0x00000000df480000)
 ParOldGen       total 55296K, used 11166K [0x0000000084a00000, 0x0000000088000000, 0x00000000d6e00000)
  object space 55296K, 20% used [0x0000000084a00000,0x00000000854e7b58,0x0000000088000000)
 Metaspace       used 23121K, capacity 23404K, committed 23552K, reserved 1069056K
  class space    used 2888K, capacity 2984K, committed 3072K, reserved 1048576K
Event: 7,749 GC heap after
Heap after GC invocations=8 (full 1):
 PSYoungGen      total 137728K, used 3673K [0x00000000d6e00000, 0x00000000e5c80000, 0x0000000100000000)
  eden space 126976K, 0% used [0x00000000d6e00000,0x00000000d6e00000,0x00000000dea00000)
  from space 10752K, 34% used [0x00000000dea00000,0x00000000ded96418,0x00000000df480000)
  to   space 10752K, 0% used [0x00000000e5200000,0x00000000e5200000,0x00000000e5c80000)
 ParOldGen       total 55296K, used 11174K [0x0000000084a00000, 0x0000000088000000, 0x00000000d6e00000)
  object space 55296K, 20% used [0x0000000084a00000,0x00000000854e9b58,0x0000000088000000)
 Metaspace       used 23121K, capacity 23404K, committed 23552K, reserved 1069056K
  class space    used 2888K, capacity 2984K, committed 3072K, reserved 1048576K
}
Event: 9,951 GC heap before
{Heap before GC invocations=9 (full 1):
 PSYoungGen      total 137728K, used 130649K [0x00000000d6e00000, 0x00000000e5c80000, 0x0000000100000000)
  eden space 126976K, 100% used [0x00000000d6e00000,0x00000000dea00000,0x00000000dea00000)
  from space 10752K, 34% used [0x00000000dea00000,0x00000000ded96418,0x00000000df480000)
  to   space 10752K, 0% used [0x00000000e5200000,0x00000000e5200000,0x00000000e5c80000)
 ParOldGen       total 55296K, used 11174K [0x0000000084a00000, 0x0000000088000000, 0x00000000d6e00000)
  object space 55296K, 20% used [0x0000000084a00000,0x00000000854e9b58,0x0000000088000000)
 Metaspace       used 25713K, capacity 25970K, committed 26240K, reserved 1073152K
  class space    used 3236K, capacity 3343K, committed 3456K, reserved 1048576K
Event: 9,968 GC heap after
Heap after GC invocations=9 (full 1):
 PSYoungGen      total 224768K, used 6701K [0x00000000d6e00000, 0x00000000e5900000, 0x0000000100000000)
  eden space 217600K, 0% used [0x00000000d6e00000,0x00000000d6e00000,0x00000000e4280000)
  from space 7168K, 93% used [0x00000000e5200000,0x00000000e588b498,0x00000000e5900000)
  to   space 10752K, 0% used [0x00000000e4400000,0x00000000e4400000,0x00000000e4e80000)
 ParOldGen       total 55296K, used 11182K [0x0000000084a00000, 0x0000000088000000, 0x00000000d6e00000)
  object space 55296K, 20% used [0x0000000084a00000,0x00000000854ebb58,0x0000000088000000)
 Metaspace       used 25713K, capacity 25970K, committed 26240K, reserved 1073152K
  class space    used 3236K, capacity 3343K, committed 3456K, reserved 1048576K
}
Event: 13,256 GC heap before
{Heap before GC invocations=10 (full 1):
 PSYoungGen      total 224768K, used 224301K [0x00000000d6e00000, 0x00000000e5900000, 0x0000000100000000)
  eden space 217600K, 100% used [0x00000000d6e00000,0x00000000e4280000,0x00000000e4280000)
  from space 7168K, 93% used [0x00000000e5200000,0x00000000e588b498,0x00000000e5900000)
  to   space 10752K, 0% used [0x00000000e4400000,0x00000000e4400000,0x00000000e4e80000)
 ParOldGen       total 55296K, used 11182K [0x0000000084a00000, 0x0000000088000000, 0x00000000d6e00000)
  object space 55296K, 20% used [0x0000000084a00000,0x00000000854ebb58,0x0000000088000000)
 Metaspace       used 28419K, capacity 28756K, committed 29056K, reserved 1075200K
  class space    used 3607K, capacity 3706K, committed 3712K, reserved 1048576K

Deoptimization events (0 events):
No events

Internal exceptions (10 events):
Event: 12,026 Thread 0x00007fd398015800 Exception <a 'java/lang/ArrayIndexOutOfBoundsException'> (0x00000000e275a768) thrown at [/build/openjdk-8-pZyJp3/openjdk-8-8u131-b11/src/hotspot/src/share/vm/runtime/sharedRuntime.cpp, line 605]
Event: 12,166 Thread 0x00007fd398015800 Exception <a 'java/lang/ArrayIndexOutOfBoundsException'> (0x00000000e29576e8) thrown at [/build/openjdk-8-pZyJp3/openjdk-8-8u131-b11/src/hotspot/src/share/vm/runtime/sharedRuntime.cpp, line 605]
Event: 12,168 Thread 0x00007fd398015800 Exception <a 'java/lang/ArrayIndexOutOfBoundsException'> (0x00000000e2976310) thrown at [/build/openjdk-8-pZyJp3/openjdk-8-8u131-b11/src/hotspot/src/share/vm/runtime/sharedRuntime.cpp, line 605]
Event: 12,168 Thread 0x00007fd398015800 Exception <a 'java/lang/ArrayIndexOutOfBoundsException'> (0x00000000e29772a0) thrown at [/build/openjdk-8-pZyJp3/openjdk-8-8u131-b11/src/hotspot/src/share/vm/runtime/sharedRuntime.cpp, line 605]
Event: 12,191 Thread 0x00007fd398015800 Exception <a 'java/lang/ArrayIndexOutOfBoundsException'> (0x00000000e2a88690) thrown at [/build/openjdk-8-pZyJp3/openjdk-8-8u131-b11/src/hotspot/src/share/vm/runtime/sharedRuntime.cpp, line 605]
Event: 12,364 Thread 0x00007fd398015800 Exception <a 'java/lang/ArrayIndexOutOfBoundsException'> (0x00000000e2cd2e48) thrown at [/build/openjdk-8-pZyJp3/openjdk-8-8u131-b11/src/hotspot/src/share/vm/runtime/sharedRuntime.cpp, line 605]
Event: 13,104 Thread 0x00007fd398015800 Exception <a 'java/lang/ArrayIndexOutOfBoundsException'> (0x00000000e3f28598) thrown at [/build/openjdk-8-pZyJp3/openjdk-8-8u131-b11/src/hotspot/src/share/vm/runtime/sharedRuntime.cpp, line 605]
Event: 13,104 Thread 0x00007fd398015800 Exception <a 'java/lang/ArrayIndexOutOfBoundsException'> (0x00000000e3f2ab78) thrown at [/build/openjdk-8-pZyJp3/openjdk-8-8u131-b11/src/hotspot/src/share/vm/runtime/sharedRuntime.cpp, line 605]
Event: 13,161 Thread 0x00007fd398015800 Exception <a 'java/lang/ArrayIndexOutOfBoundsException'> (0x00000000e40512d8) thrown at [/build/openjdk-8-pZyJp3/openjdk-8-8u131-b11/src/hotspot/src/share/vm/runtime/sharedRuntime.cpp, line 605]
Event: 13,165 Thread 0x00007fd398015800 Exception <a 'java/lang/ArrayIndexOutOfBoundsException'> (0x00000000e40802c8) thrown at [/build/openjdk-8-pZyJp3/openjdk-8-8u131-b11/src/hotspot/src/share/vm/runtime/sharedRuntime.cpp, line 605]

Events (10 events):
Event: 13,252 loading class org/springframework/data/repository/config/RepositoryConfigurationSourceSupport done
Event: 13,253 loading class org/springframework/data/repository/config/RepositoryConfigurationSource
Event: 13,253 loading class org/springframework/data/repository/config/RepositoryConfigurationSource done
Event: 13,255 loading class org/springframework/data/jpa/repository/config/JpaRepositoriesRegistrar
Event: 13,255 loading class org/springframework/data/jpa/repository/config/JpaRepositoriesRegistrar done
Event: 13,256 loading class org/springframework/data/repository/config/RepositoryBeanDefinitionRegistrarSupport
Event: 13,256 loading class org/springframework/data/repository/config/RepositoryBeanDefinitionRegistrarSupport done
Event: 13,256 loading class org/springframework/data/repository/config/XmlRepositoryConfigurationSource
Event: 13,256 loading class org/springframework/data/repository/config/XmlRepositoryConfigurationSource done
Event: 13,256 Executing VM operation: ParallelGCFailedAllocation


Dynamic libraries:
00400000-00401000 r-xp 00000000 08:07 5642752                            /usr/lib/jvm/java-8-openjdk-amd64/jre/bin/java
00600000-00601000 r--p 00000000 08:07 5642752                            /usr/lib/jvm/java-8-openjdk-amd64/jre/bin/java
00601000-00602000 rw-p 00001000 08:07 5642752                            /usr/lib/jvm/java-8-openjdk-amd64/jre/bin/java
0255e000-0257f000 rw-p 00000000 00:00 0                                  [heap]
84a00000-88000000 rw-p 00000000 00:00 0 
88000000-d6e00000 ---p 00000000 00:00 0 
d6e00000-e5900000 rw-p 00000000 00:00 0 
eb080000-100000000 ---p 00000000 00:00 0 
100000000-1003a0000 rw-p 00000000 00:00 0 
1003a0000-140000000 ---p 00000000 00:00 0 
7fd330000000-7fd330056000 rw-p 00000000 00:00 0 
7fd330056000-7fd334000000 ---p 00000000 00:00 0 
7fd338000000-7fd3381e4000 rw-p 00000000 00:00 0 
7fd3381e4000-7fd33c000000 ---p 00000000 00:00 0 
7fd33c000000-7fd33c021000 rw-p 00000000 00:00 0 
7fd33c021000-7fd340000000 ---p 00000000 00:00 0 
7fd3427d9000-7fd342899000 rw-p 00000000 00:00 0 
7fd342899000-7fd3429dc000 ---p 00000000 00:00 0 
7fd3429dc000-7fd342cda000 rw-p 00000000 00:00 0 
7fd342cda000-7fd342eda000 rw-p 00000000 00:00 0 
7fd342eda000-7fd3430da000 rw-p 00000000 00:00 0 
7fd3430da000-7fd3432da000 rw-p 00000000 00:00 0 
7fd3432da000-7fd3434da000 rw-p 00000000 00:00 0 
7fd3434da000-7fd3436da000 rw-p 00000000 00:00 0 
7fd3436da000-7fd3438da000 rw-p 00000000 00:00 0 
7fd3438da000-7fd3438f1000 r-xp 00000000 08:07 2366108                    /lib/x86_64-linux-gnu/libresolv-2.23.so
7fd3438f1000-7fd343af1000 ---p 00017000 08:07 2366108                    /lib/x86_64-linux-gnu/libresolv-2.23.so
7fd343af1000-7fd343af2000 r--p 00017000 08:07 2366108                    /lib/x86_64-linux-gnu/libresolv-2.23.so
7fd343af2000-7fd343af3000 rw-p 00018000 08:07 2366108                    /lib/x86_64-linux-gnu/libresolv-2.23.so
7fd343af3000-7fd343af5000 rw-p 00000000 00:00 0 
7fd343af5000-7fd343afa000 r-xp 00000000 08:07 2366095                    /lib/x86_64-linux-gnu/libnss_dns-2.23.so
7fd343afa000-7fd343cfa000 ---p 00005000 08:07 2366095                    /lib/x86_64-linux-gnu/libnss_dns-2.23.so
7fd343cfa000-7fd343cfb000 r--p 00005000 08:07 2366095                    /lib/x86_64-linux-gnu/libnss_dns-2.23.so
7fd343cfb000-7fd343cfc000 rw-p 00006000 08:07 2366095                    /lib/x86_64-linux-gnu/libnss_dns-2.23.so
7fd343cfc000-7fd343cfe000 r-xp 00000000 08:07 2364021                    /lib/x86_64-linux-gnu/libnss_mdns4_minimal.so.2
7fd343cfe000-7fd343efd000 ---p 00002000 08:07 2364021                    /lib/x86_64-linux-gnu/libnss_mdns4_minimal.so.2
7fd343efd000-7fd343efe000 r--p 00001000 08:07 2364021                    /lib/x86_64-linux-gnu/libnss_mdns4_minimal.so.2
7fd343efe000-7fd343eff000 rw-p 00002000 08:07 2364021                    /lib/x86_64-linux-gnu/libnss_mdns4_minimal.so.2
7fd343eff000-7fd343f02000 ---p 00000000 00:00 0 
7fd343f02000-7fd344000000 rw-p 00000000 00:00 0 
7fd344000000-7fd344021000 rw-p 00000000 00:00 0 
7fd344021000-7fd348000000 ---p 00000000 00:00 0 
7fd348000000-7fd348021000 rw-p 00000000 00:00 0 
7fd348021000-7fd34c000000 ---p 00000000 00:00 0 
7fd34c000000-7fd34c021000 rw-p 00000000 00:00 0 
7fd34c021000-7fd350000000 ---p 00000000 00:00 0 
7fd350000000-7fd350021000 rw-p 00000000 00:00 0 
7fd350021000-7fd354000000 ---p 00000000 00:00 0 
7fd3540d7000-7fd3540dc000 r--s 002f9000 08:07 5514330                    /usr/lib/jvm/java-8-openjdk-amd64/jre/lib/charsets.jar
7fd3540dc000-7fd3540ef000 r--s 00346000 08:07 5514326                    /usr/lib/jvm/java-8-openjdk-amd64/jre/lib/resources.jar
7fd3540ef000-7fd3542ef000 rw-p 00000000 00:00 0 
7fd3542ef000-7fd3542f0000 ---p 00000000 00:00 0 
7fd3542f0000-7fd3543f0000 rw-p 00000000 00:00 0 
7fd3543f0000-7fd3543f3000 ---p 00000000 00:00 0 
7fd3543f3000-7fd3544f1000 rw-p 00000000 00:00 0 
7fd3544f1000-7fd3544f4000 ---p 00000000 00:00 0 
7fd3544f4000-7fd3545f2000 rw-p 00000000 00:00 0 
7fd3545f2000-7fd3545f5000 ---p 00000000 00:00 0 
7fd3545f5000-7fd3546f3000 rw-p 00000000 00:00 0 
7fd3546f3000-7fd3546f8000 r--s 0009a000 08:07 5514286                    /usr/lib/jvm/java-8-openjdk-amd64/jre/lib/jsse.jar
7fd3546f8000-7fd35470e000 r--s 0014a000 08:07 1582702                    /home/fran/.m2/repository/org/projectlombok/lombok/1.16.16/lombok-1.16.16.jar
7fd35470e000-7fd354710000 r--s 00009000 08:07 2237551                    /home/fran/.m2/repository/org/hamcrest/hamcrest-core/1.3/hamcrest-core-1.3.jar
7fd354710000-7fd354721000 r--s 000c8000 08:07 2365274                    /home/fran/.m2/repository/org/directwebremoting/dwr/3.0.2-RELEASE/dwr-3.0.2-RELEASE.jar
7fd354721000-7fd354723000 r--s 0000f000 08:07 2365853                    /home/fran/.m2/repository/commons-fileupload/commons-fileupload/1.3.1/commons-fileupload-1.3.1.jar
7fd354723000-7fd354726000 r--s 00025000 08:07 2237533                    /home/fran/.m2/repository/commons-io/commons-io/2.1/commons-io-2.1.jar
7fd354726000-7fd35472e000 r--s 00040000 08:07 2365851                    /home/fran/.m2/repository/org/flywaydb/flyway-core/3.2.1/flyway-core-3.2.1.jar
7fd35472e000-7fd354731000 r--s 0001f000 08:07 2365849                    /home/fran/.m2/repository/com/zaxxer/HikariCP/2.5.1/HikariCP-2.5.1.jar
7fd354731000-7fd354733000 r--s 00009000 08:07 2237543                    /home/fran/.m2/repository/org/slf4j/slf4j-api/1.7.25/slf4j-api-1.7.25.jar
7fd354733000-7fd354735000 r--s 00008000 08:07 2365847                    /home/fran/.m2/repository/org/thymeleaf/extras/thymeleaf-extras-springsecurity4/3.0.1.RELEASE/thymeleaf-extras-springsecurity4-3.0.1.RELEASE.jar
7fd354735000-7fd354737000 r--s 00005000 08:07 2365845                    /home/fran/.m2/repository/xpp3/xpp3_min/1.1.4c/xpp3_min-1.1.4c.jar
7fd354737000-7fd354738000 r--s 00001000 08:07 2365843                    /home/fran/.m2/repository/xmlpull/xmlpull/1.1.3.1/xmlpull-1.1.3.1.jar
7fd354738000-7fd354746000 r--s 00079000 08:07 2365841                    /home/fran/.m2/repository/com/thoughtworks/xstream/xstream/1.4.9/xstream-1.4.9.jar
7fd354746000-7fd354748000 r--s 00003000 08:07 2365839                    /home/fran/.m2/repository/com/netflix/ribbon/ribbon-eureka/2.2.2/ribbon-eureka-2.2.2.jar
7fd354748000-7fd354760000 r--s 000fd000 08:07 2365244                    /home/fran/.m2/repository/io/reactivex/rxjava/1.1.10/rxjava-1.1.10.jar
7fd354760000-7fd354762000 r--s 00002000 08:07 2365242                    /home/fran/.m2/repository/com/netflix/netflix-commons/netflix-statistics/0.1.1/netflix-statistics-0.1.1.jar
7fd354762000-7fd354766000 r--s 00024000 08:07 2365240                    /home/fran/.m2/repository/com/netflix/ribbon/ribbon-loadbalancer/2.2.2/ribbon-loadbalancer-2.2.2.jar
7fd354766000-7fd354767000 r--s 00001000 08:07 2365238                    /home/fran/.m2/repository/com/netflix/netflix-commons/netflix-commons-util/0.1.1/netflix-commons-util-0.1.1.jar
7fd354767000-7fd354774000 r--s 00083000 08:07 2365218                    /home/fran/.m2/repository/commons-collections/commons-collections/3.2.2/commons-collections-3.2.2.jar
7fd354774000-7fd354776000 r--s 0000c000 08:07 2365216                    /home/fran/.m2/repository/com/netflix/ribbon/ribbon-httpclient/2.2.2/ribbon-httpclient-2.2.2.jar
7fd354776000-7fd35477a000 r--s 00011000 08:07 2365212                    /home/fran/.m2/repository/com/netflix/ribbon/ribbon-core/2.2.2/ribbon-core-2.2.2.jar
7fd35477a000-7fd354781000 r--s 00047000 08:07 2365210                    /home/fran/.m2/repository/io/netty/netty-transport/4.0.27.Final/netty-transport-4.0.27.Final.jar
7fd354781000-7fd354783000 r--s 00027000 08:07 2365208                    /home/fran/.m2/repository/io/netty/netty-buffer/4.0.27.Final/netty-buffer-4.0.27.Final.jar
7fd354783000-7fd35478a000 r--s 00060000 08:07 2365206                    /home/fran/.m2/repository/io/netty/netty-common/4.0.27.Final/netty-common-4.0.27.Final.jar
7fd35478a000-7fd35478c000 r--s 00016000 08:07 2365204                    /home/fran/.m2/repository/io/netty/netty-transport-native-epoll/4.0.27.Final/netty-transport-native-epoll-4.0.27.Final.jar
7fd35478c000-7fd354791000 r--s 00036000 08:07 2365202                    /home/fran/.m2/repository/io/netty/netty-handler/4.0.27.Final/netty-handler-4.0.27.Final.jar
7fd354791000-7fd354795000 r--s 00020000 08:07 2365200                    /home/fran/.m2/repository/io/netty/netty-codec/4.0.27.Final/netty-codec-4.0.27.Final.jar
7fd354795000-7fd35479d000 r--s 00061000 08:07 2365198                    /home/fran/.m2/repository/io/netty/netty-codec-http/4.0.27.Final/netty-codec-http-4.0.27.Final.jar
7fd35479d000-7fd3547a7000 r--s 00059000 08:07 2365196                    /home/fran/.m2/repository/io/reactivex/rxnetty/0.4.9/rxnetty-0.4.9.jar
7fd3547a7000-7fd3547a9000 r--s 00006000 08:07 2365192                    /home/fran/.m2/repository/io/reactivex/rxnetty-servo/0.4.9/rxnetty-servo-0.4.9.jar
7fd3547a9000-7fd3547ac000 r--s 0000b000 08:07 2365190                    /home/fran/.m2/repository/io/reactivex/rxnetty-contexts/0.4.9/rxnetty-contexts-0.4.9.jar
7fd3547ac000-7fd3547ad000 r--s 00009000 08:07 2365188                    /home/fran/.m2/repository/com/netflix/ribbon/ribbon-transport/2.2.2/ribbon-transport-2.2.2.jar
7fd3547ad000-7fd3547b1000 r--s 00012000 08:07 2365186                    /home/fran/.m2/repository/com/netflix/ribbon/ribbon/2.2.2/ribbon-2.2.2.jar
7fd3547b1000-7fd3547b2000 r--s 00000000 08:07 2365113                    /home/fran/.m2/repository/org/springframework/cloud/spring-cloud-starter-ribbon/1.3.1.RELEASE/spring-cloud-starter-ribbon-1.3.1.RELEASE.jar
7fd3547b2000-7fd3547dd000 r--s 001fc000 08:07 2237531                    /home/fran/.m2/repository/com/google/guava/guava/18.0/guava-18.0.jar
7fd3547dd000-7fd3547e2000 r--s 00041000 08:07 2365214                    /home/fran/.m2/repository/commons-lang/commons-lang/2.6/commons-lang-2.6.jar
7fd3547e2000-7fd3547e9000 r--s 00050000 08:07 2365246                    /home/fran/.m2/repository/commons-configuration/commons-configuration/1.8/commons-configuration-1.8.jar
7fd3547e9000-7fd3547ea000 r--s 00000000 08:07 2365115                    /home/fran/.m2/repository/org/springframework/cloud/spring-cloud-starter-archaius/1.3.1.RELEASE/spring-cloud-starter-archaius-1.3.1.RELEASE.jar
7fd3547ea000-7fd3547ee000 r--s 00024000 08:07 2105018                    /home/fran/.m2/repository/org/codehaus/woodstox/stax2-api/3.1.4/stax2-api-3.1.4.jar
7fd3547ee000-7fd3547f0000 r--s 00004000 08:07 2365837                    /home/fran/.m2/repository/javax/xml/stream/stax-api/1.0-2/stax-api-1.0-2.jar
7fd3547f0000-7fd3547f6000 r--s 00071000 08:07 2105016                    /home/fran/.m2/repository/org/codehaus/woodstox/woodstox-core-asl/4.4.1/woodstox-core-asl-4.4.1.jar
7fd3547f6000-7fd3547fb000 r--s 00039000 08:07 2365835                    /home/fran/.m2/repository/com/netflix/eureka/eureka-core/1.6.2/eureka-core-1.6.2.jar
7fd3547fb000-7fd3547fc000 r--s 00000000 08:07 2365194                    /home/fran/.m2/repository/javax/inject/javax.inject/1/javax.inject-1.jar
7fd3547fc000-7fd35480a000 r--s 00097000 08:07 2365833                    /home/fran/.m2/repository/com/google/inject/guice/4.1.0/guice-4.1.0.jar
7fd35480a000-7fd354812000 r--s 00048000 08:07 2365222                    /home/fran/.m2/repository/org/apache/httpcomponents/httpcore/4.4.6/httpcore-4.4.6.jar
7fd354812000-7fd35481f000 r--s 000aa000 08:07 2365220                    /home/fran/.m2/repository/org/apache/httpcomponents/httpclient/4.5.3/httpclient-4.5.3.jar
7fd35481f000-7fd354821000 r--s 00003000 08:07 2365232                    /home/fran/.m2/repository/com/sun/jersey/contribs/jersey-apache-client4/1.19.1/jersey-apache-client4-1.19.1.jar
7fd354821000-7fd354824000 r--s 0001e000 08:07 2365226                    /home/fran/.m2/repository/com/sun/jersey/jersey-client/1.19.1/jersey-client-1.19.1.jar
7fd354824000-7fd35482e000 r--s 00061000 08:07 2365228                    /home/fran/.m2/repository/com/sun/jersey/jersey-core/1.19.1/jersey-core-1.19.1.jar
7fd35482e000-7fd354832000 r--s 00027000 08:07 2365236                    /home/fran/.m2/repository/com/netflix/servo/servo-internal/0.10.1/servo-internal-0.10.1.jar
7fd354832000-7fd354837000 r--s 00032000 08:07 2365234                    /home/fran/.m2/repository/com/netflix/servo/servo-core/0.10.1/servo-core-0.10.1.jar
7fd354837000-7fd35483b000 r--s 0001e000 08:07 2365178                    /home/fran/.m2/repository/com/netflix/archaius/archaius-core/0.7.4/archaius-core-0.7.4.jar
7fd35483b000-7fd35484e000 r--s 000df000 08:07 2365831                    /home/fran/.m2/repository/org/apache/commons/commons-math/2.2/commons-math-2.2.jar
7fd35484e000-7fd354853000 r--s 00034000 08:07 1974528                    /home/fran/.m2/repository/com/google/code/gson/gson/2.8.0/gson-2.8.0.jar
7fd354853000-7fd354856000 r--s 00022000 08:07 2365829                    /home/fran/.m2/repository/org/antlr/stringtemplate/3.2.1/stringtemplate-3.2.1.jar
7fd354856000-7fd35485a000 r--s 00025000 08:07 2365827                    /home/fran/.m2/repository/org/antlr/antlr-runtime/3.4/antlr-runtime-3.4.jar
7fd35485a000-7fd35486b000 r--s 0008a000 08:07 2365825                    /home/fran/.m2/repository/joda-time/joda-time/2.9.9/joda-time-2.9.9.jar
7fd35486b000-7fd354871000 r--s 00044000 08:07 2365823                    /home/fran/.m2/repository/commons-jxpath/commons-jxpath/1.3/commons-jxpath-1.3.jar
7fd354871000-7fd354874000 r--s 00016000 08:07 2365821                    /home/fran/.m2/repository/com/netflix/netflix-commons/netflix-infix/0.3.0/netflix-infix-0.3.0.jar
7fd354874000-7fd354876000 r--s 0000f000 08:07 2365819                    /home/fran/.m2/repository/com/netflix/netflix-commons/netflix-eventbus/0.3.0/netflix-eventbus-0.3.0.jar
7fd354876000-7fd354878000 r--s 00005000 08:07 2365817                    /home/fran/.m2/repository/stax/stax-api/1.0.1/stax-api-1.0.1.jar
7fd354878000-7fd35487b000 r--s 00012000 08:07 1846086                    /home/fran/.m2/repository/org/codehaus/jettison/jettison/1.3.7/jettison-1.3.7.jar
7fd35487b000-7fd354884000 r--s 0005b000 08:07 2365815                    /home/fran/.m2/repository/com/netflix/eureka/eureka-client/1.6.2/eureka-client-1.6.2.jar
7fd354884000-7fd354887000 r--s 00011000 08:07 2365739                    /home/fran/.m2/repository/org/springframework/cloud/spring-cloud-netflix-eureka-client/1.3.1.RELEASE/spring-cloud-netflix-eureka-client-1.3.1.RELEASE.jar
7fd354887000-7fd354891000 r--s 00055000 08:07 2365111                    /home/fran/.m2/repository/org/springframework/cloud/spring-cloud-netflix-core/1.3.1.RELEASE/spring-cloud-netflix-core-1.3.1.RELEASE.jar
7fd354891000-7fd354892000 r--s 00000000 08:07 2365737                    /home/fran/.m2/repository/org/springframework/cloud/spring-cloud-starter-eureka/1.3.1.RELEASE/spring-cloud-starter-eureka-1.3.1.RELEASE.jar
7fd354892000-7fd354894000 r--s 00007000 08:07 2237459                    /home/fran/.m2/repository/org/springframework/cloud/spring-cloud-config-client/1.3.1.RELEASE/spring-cloud-config-client-1.3.1.RELEASE.jar
7fd354894000-7fd354895000 r--s 00004000 08:07 2237457                    /home/fran/.m2/repository/org/springframework/security/spring-security-rsa/1.0.3.RELEASE/spring-security-rsa-1.0.3.RELEASE.jar
7fd354895000-7fd354898000 r--s 00015000 08:07 2237451                    /home/fran/.m2/repository/org/springframework/cloud/spring-cloud-context/1.2.2.RELEASE/spring-cloud-context-1.2.2.RELEASE.jar
7fd354898000-7fd354899000 r--s 00000000 08:07 2237445                    /home/fran/.m2/repository/org/springframework/cloud/spring-cloud-starter/1.2.2.RELEASE/spring-cloud-starter-1.2.2.RELEASE.jar
7fd354899000-7fd35489a000 r--s 00000000 08:07 2237443                    /home/fran/.m2/repository/org/springframework/cloud/spring-cloud-starter-config/1.3.1.RELEASE/spring-cloud-starter-config-1.3.1.RELEASE.jar
7fd35489a000-7fd35489e000 r--s 00035000 08:07 1846084                    /home/fran/.m2/repository/org/codehaus/jackson/jackson-core-asl/1.9.13/jackson-core-asl-1.9.13.jar
7fd35489e000-7fd3548ac000 r--s 000b1000 08:07 1711845                    /home/fran/.m2/repository/org/codehaus/jackson/jackson-mapper-asl/1.9.13/jackson-mapper-asl-1.9.13.jar
7fd3548ac000-7fd3548b3000 r--s 0003f000 08:07 2365224                    /home/fran/.m2/repository/commons-codec/commons-codec/1.10/commons-codec-1.10.jar
7fd3548b3000-7fd3548be000 r--s 00053000 08:07 2365733                    /home/fran/.m2/repository/org/springframework/security/spring-security-web/4.2.2.RELEASE/spring-security-web-4.2.2.RELEASE.jar
7fd3548be000-7fd3548c8000 r--s 00086000 08:07 2365731                    /home/fran/.m2/repository/org/springframework/security/spring-security-config/4.2.2.RELEASE/spring-security-config-4.2.2.RELEASE.jar
7fd3548c8000-7fd3548e2000 r--s 000fd000 08:07 2237469                    /home/fran/.m2/repository/org/springframework/spring-context/4.3.8.RELEASE/spring-context-4.3.8.RELEASE.jar
7fd3548e2000-7fd3548f8000 r--s 000fc000 08:07 2237481                    /home/fran/.m2/repository/org/springframework/spring-core/4.3.8.RELEASE/spring-core-4.3.8.RELEASE.jar
7fd3548f8000-7fd354906000 r--s 000ad000 08:07 2237467                    /home/fran/.m2/repository/org/springframework/spring-beans/4.3.8.RELEASE/spring-beans-4.3.8.RELEASE.jar
7fd354906000-7fd354912000 r--s 00068000 08:07 2365727                    /home/fran/.m2/repository/org/springframework/security/oauth/spring-security-oauth2/2.0.13.RELEASE/spring-security-oauth2-2.0.13.RELEASE.jar
7fd354912000-7fd354919000 r--s 00063000 08:07 2365725                    /home/fran/.m2/repository/org/springframework/springloaded/1.2.7.RELEASE/springloaded-1.2.7.RELEASE.jar
7fd354919000-7fd35491a000 r--s 00004000 08:07 2237509                    /home/fran/.m2/repository/com/vaadin/external/google/android-json/0.0.20131108.vaadin1/android-json-0.0.20131108.vaadin1.jar
7fd35491a000-7fd35491c000 r--s 0000d000 08:07 1845994                    /home/fran/.m2/repository/org/springframework/boot/spring-boot-configuration-processor/1.5.3.RELEASE/spring-boot-configuration-processor-1.5.3.RELEASE.jar
7fd35491c000-7fd35491d000 r--s 00001000 08:07 2365811                    /home/fran/.m2/repository/nz/net/ultraq/thymeleaf/thymeleaf-expression-processor/1.1.2/thymeleaf-expression-processor-1.1.2.jar
7fd35491d000-7fd35496a000 r--s 0040d000 08:07 1711843                    /home/fran/.m2/repository/org/codehaus/groovy/groovy/2.4.10/groovy-2.4.10.jar
7fd35496a000-7fd35496f000 r--s 00037000 08:07 2365809                    /home/fran/.m2/repository/nz/net/ultraq/thymeleaf/thymeleaf-layout-dialect/2.1.2/thymeleaf-layout-dialect-2.1.2.jar
7fd35496f000-7fd354972000 r--s 00026000 08:07 2365807                    /home/fran/.m2/repository/org/unbescape/unbescape/1.1.4.RELEASE/unbescape-1.1.4.RELEASE.jar
7fd354972000-7fd354976000 r--s 00035000 08:07 2365805                    /home/fran/.m2/repository/org/attoparser/attoparser/2.0.2.RELEASE/attoparser-2.0.2.RELEASE.jar
7fd354976000-7fd354986000 r--s 000c1000 08:07 2365803                    /home/fran/.m2/repository/org/thymeleaf/thymeleaf/3.0.3.RELEASE/thymeleaf-3.0.3.RELEASE.jar
7fd354986000-7fd35498a000 r--s 0001a000 08:07 2365801                    /home/fran/.m2/repository/org/thymeleaf/thymeleaf-spring4/3.0.3.RELEASE/thymeleaf-spring4-3.0.3.RELEASE.jar
7fd35498a000-7fd35498b000 r--s 00000000 08:07 2365799                    /home/fran/.m2/repository/org/springframework/boot/spring-boot-starter-thymeleaf/1.5.3.RELEASE/spring-boot-starter-thymeleaf-1.5.3.RELEASE.jar
7fd35498b000-7fd3549a3000 r--s 001bf000 08:07 2365797                    /home/fran/.m2/repository/org/aspectj/aspectjweaver/1.8.10/aspectjweaver-1.8.10.jar
7fd3549a3000-7fd3549ac000 r--s 00054000 08:07 2237465                    /home/fran/.m2/repository/org/springframework/spring-aop/4.3.8.RELEASE/spring-aop-4.3.8.RELEASE.jar
7fd3549ac000-7fd3549ad000 r--s 00000000 08:07 2365723                    /home/fran/.m2/repository/org/springframework/boot/spring-boot-starter-aop/1.5.3.RELEASE/spring-boot-starter-aop-1.5.3.RELEASE.jar
7fd3549ad000-7fd3549b0000 r--s 0000c000 08:07 2365721                    /home/fran/.m2/repository/org/springframework/spring-aspects/4.3.8.RELEASE/spring-aspects-4.3.8.RELEASE.jar
7fd3549b0000-7fd3549ba000 r--s 0006b000 08:07 2365717                    /home/fran/.m2/repository/org/springframework/spring-orm/4.3.8.RELEASE/spring-orm-4.3.8.RELEASE.jar
7fd3549ba000-7fd3549c1000 r--s 00040000 08:07 1582859                    /home/fran/.m2/repository/org/springframework/data/spring-data-jpa/1.11.3.RELEASE/spring-data-jpa-1.11.3.RELEASE.jar
7fd3549c1000-7fd3549c3000 r--s 00006000 08:07 2365795                    /home/fran/.m2/repository/javax/transaction/javax.transaction-api/1.2/javax.transaction-api-1.2.jar
7fd3549c3000-7fd3549d0000 r--s 00089000 08:07 2365268                    /home/fran/.m2/repository/org/hibernate/hibernate-entitymanager/5.0.12.Final/hibernate-entitymanager-5.0.12.Final.jar
7fd3549d0000-7fd3549d3000 r--s 00010000 08:07 2365266                    /home/fran/.m2/repository/org/hibernate/common/hibernate-commons-annotations/5.0.1.Final/hibernate-commons-annotations-5.0.1.Final.jar
7fd3549d3000-7fd3549d6000 r--s 0002b000 08:07 2365262                    /home/fran/.m2/repository/org/jboss/jandex/2.0.0.Final/jandex-2.0.0.Final.jar
7fd3549d6000-7fd3549db000 r--s 00068000 08:07 2365258                    /home/fran/.m2/repository/antlr/antlr/2.7.7/antlr-2.7.7.jar
7fd3549db000-7fd3549e5000 r--s 000aa000 08:07 2365256                    /home/fran/.m2/repository/org/javassist/javassist/3.21.0-GA/javassist-3.21.0-GA.jar
7fd3549e5000-7fd3549ea000 r--s 00017000 08:07 2365254                    /home/fran/.m2/repository/org/hibernate/javax/persistence/hibernate-jpa-2.1-api/1.0.0.Final/hibernate-jpa-2.1-api-1.0.0.Final.jar
7fd3549ea000-7fd354a53000 r--s 004f3000 08:07 2365252                    /home/fran/.m2/repository/org/hibernate/hibernate-core/5.0.12.Final/hibernate-core-5.0.12.Final.jar
7fd354a53000-7fd354a5d000 r--s 0005f000 08:07 2365793                    /home/fran/.m2/repository/org/springframework/spring-jdbc/4.3.8.RELEASE/spring-jdbc-4.3.8.RELEASE.jar
7fd354a5d000-7fd354a5f000 r--s 00009000 08:07 2365791                    /home/fran/.m2/repository/org/apache/tomcat/tomcat-juli/8.5.14/tomcat-juli-8.5.14.jar
7fd354a5f000-7fd354a62000 r--s 00021000 08:07 2365789                    /home/fran/.m2/repository/org/apache/tomcat/tomcat-jdbc/8.5.14/tomcat-jdbc-8.5.14.jar
7fd354a62000-7fd354a63000 r--s 00000000 08:07 2365715                    /home/fran/.m2/repository/org/springframework/boot/spring-boot-starter-jdbc/1.5.3.RELEASE/spring-boot-starter-jdbc-1.5.3.RELEASE.jar
7fd354a63000-7fd354a64000 r--s 00000000 08:07 2365713                    /home/fran/.m2/repository/org/springframework/boot/spring-boot-starter-data-jpa/1.5.3.RELEASE/spring-boot-starter-data-jpa-1.5.3.RELEASE.jar
7fd354a64000-7fd354a69000 r--s 00036000 08:07 2365787                    /home/fran/.m2/repository/org/apache/tomcat/embed/tomcat-embed-websocket/8.5.14/tomcat-embed-websocket-8.5.14.jar
7fd354a69000-7fd354a6d000 r--s 00037000 08:07 2365785                    /home/fran/.m2/repository/org/apache/tomcat/embed/tomcat-embed-el/8.5.14/tomcat-embed-el-8.5.14.jar
7fd354a6d000-7fd354a96000 r--s 002bf000 08:07 2365783                    /home/fran/.m2/repository/org/apache/tomcat/embed/tomcat-embed-core/8.5.14/tomcat-embed-core-8.5.14.jar
7fd354a96000-7fd354a97000 r--s 00000000 08:07 2365709                    /home/fran/.m2/repository/org/springframework/boot/spring-boot-starter-tomcat/1.5.3.RELEASE/spring-boot-starter-tomcat-1.5.3.RELEASE.jar
7fd354a97000-7fd354a9d000 r--s 0003d000 08:07 2237521                    /home/fran/.m2/repository/org/yaml/snakeyaml/1.17/snakeyaml-1.17.jar
7fd354a9d000-7fd354a9f000 r--s 00004000 08:07 2237519                    /home/fran/.m2/repository/org/slf4j/log4j-over-slf4j/1.7.25/log4j-over-slf4j-1.7.25.jar
7fd354a9f000-7fd354aa1000 r--s 00000000 08:07 2237517                    /home/fran/.m2/repository/org/slf4j/jul-to-slf4j/1.7.25/jul-to-slf4j-1.7.25.jar
7fd354aa1000-7fd354aac000 r--s 0006a000 08:07 2237513                    /home/fran/.m2/repository/ch/qos/logback/logback-core/1.1.11/logback-core-1.1.11.jar
7fd354aac000-7fd354ab3000 r--s 00045000 08:07 2237511                    /home/fran/.m2/repository/ch/qos/logback/logback-classic/1.1.11/logback-classic-1.1.11.jar
7fd354ab3000-7fd354ab4000 r--s 00000000 08:07 2237449                    /home/fran/.m2/repository/org/springframework/boot/spring-boot-starter-logging/1.5.3.RELEASE/spring-boot-starter-logging-1.5.3.RELEASE.jar
7fd354ab4000-7fd354ab5000 r--s 00000000 08:07 2237447                    /home/fran/.m2/repository/org/springframework/boot/spring-boot-starter/1.5.3.RELEASE/spring-boot-starter-1.5.3.RELEASE.jar
7fd354ab5000-7fd354ab6000 r--s 00000000 08:07 2365781                    /home/fran/.m2/repository/org/springframework/boot/spring-boot-starter-web/1.5.3.RELEASE/spring-boot-starter-web-1.5.3.RELEASE.jar
7fd354ab6000-7fd354abd000 r--s 0009f000 08:07 2365779                    /home/fran/.m2/repository/org/postgresql/postgresql/9.4.1212.jre7/postgresql-9.4.1212.jre7.jar
7fd354abd000-7fd354ac5000 r--s 00045000 08:07 1711802                    /home/fran/.m2/repository/junit/junit/4.12/junit-4.12.jar
7fd354ac5000-7fd354ad9000 r--s 00173000 08:07 2493461                    /home/fran/.m2/repository/org/apache/axis/axis/1.4/axis-1.4.jar
7fd354ad9000-7fd354adb000 r--s 0000a000 08:07 2365230                    /home/fran/.m2/repository/javax/ws/rs/jsr311-api/1.1.1/jsr311-api-1.1.1.jar
7fd354adb000-7fd354adc000 r--s 00001000 08:07 2493459                    /home/fran/.m2/repository/io/github/openfeign/feign-jaxrs/9.3.1/feign-jaxrs-9.3.1.jar
7fd354adc000-7fd354add000 r--s 00004000 08:07 2493457                    /home/fran/.m2/repository/com/bedatadriven/jackson-datatype-jts/2.2/jackson-datatype-jts-2.2.jar
7fd354add000-7fd354adf000 r--s 00005000 08:07 1974543                    /home/fran/.m2/repository/com/fasterxml/jackson/datatype/jackson-datatype-jdk8/2.8.8/jackson-datatype-jdk8-2.8.8.jar
7fd354adf000-7fd354ae1000 r--s 00014000 08:07 1846101                    /home/fran/.m2/repository/com/fasterxml/jackson/datatype/jackson-datatype-jsr310/2.8.8/jackson-datatype-jsr310-2.8.8.jar
7fd354ae1000-7fd354ae2000 r--s 00003000 08:07 2493455                    /home/fran/.m2/repository/javax/transaction/jta/1.1/jta-1.1.jar
7fd354ae2000-7fd354ae4000 r--s 00005000 08:07 1711867                    /home/fran/.m2/repository/com/fasterxml/jackson/datatype/jackson-datatype-hibernate5/2.8.8/jackson-datatype-hibernate5-2.8.8.jar
7fd354ae4000-7fd354ae7000 r--s 00042000 08:07 2237527                    /home/fran/.m2/repository/com/fasterxml/jackson/core/jackson-core/2.8.8/jackson-core-2.8.8.jar
7fd354ae7000-7fd354aea000 r--s 0000b000 08:07 1711800                    /home/fran/.m2/repository/com/fasterxml/jackson/core/jackson-annotations/2.8.0/jackson-annotations-2.8.0.jar
7fd354aea000-7fd354afc000 r--s 0011d000 08:07 1974424                    /home/fran/.m2/repository/com/fasterxml/jackson/core/jackson-databind/2.8.8/jackson-databind-2.8.8.jar
7fd354afc000-7fd354b05000 r--s 0002d000 08:07 2493453                    /home/fran/.m2/repository/xml-apis/xml-apis/1.4.01/xml-apis-1.4.01.jar
7fd354b05000-7fd354b0a000 r--s 00048000 08:07 2365264                    /home/fran/.m2/repository/dom4j/dom4j/1.6.1/dom4j-1.6.1.jar
7fd354b0a000-7fd354b11000 r--s 00066000 08:07 2493451                    /home/fran/.m2/repository/org/geolatte/geolatte-geom/1.0.6/geolatte-geom-1.0.6.jar
7fd354b11000-7fd354b17000 r--s 00077000 08:07 2493449                    /home/fran/.m2/repository/postgresql/postgresql/8.4-701.jdbc4/postgresql-8.4-701.jdbc4.jar
7fd354b17000-7fd354b1a000 r--s 00018000 08:07 2493447                    /home/fran/.m2/repository/org/hibernate/hibernate-spatial/5.0.12.Final/hibernate-spatial-5.0.12.Final.jar
7fd354b1a000-7fd354b1c000 r--s 0000e000 08:07 1582852                    /home/fran/.m2/repository/com/fasterxml/classmate/1.3.3/classmate-1.3.3.jar
7fd354b1c000-7fd354b20000 r--s 0000c000 08:07 2365272                    /home/fran/.m2/repository/javax/validation/validation-api/1.1.0.Final/validation-api-1.1.0.Final.jar
7fd354b20000-7fd354b31000 r--s 000a1000 08:07 2365270                    /home/fran/.m2/repository/org/hibernate/hibernate-validator/5.3.5.Final/hibernate-validator-5.3.5.Final.jar
7fd354b31000-7fd354b3b000 r--s 0005a000 08:07 2365248                    /home/fran/.m2/repository/org/hibernate/hibernate-envers/5.0.12.Final/hibernate-envers-5.0.12.Final.jar
7fd354b3b000-7fd354b3e000 r--s 0000e000 08:07 2365250                    /home/fran/.m2/repository/org/jboss/logging/jboss-logging/3.3.1.Final/jboss-logging-3.3.1.Final.jar
7fd354b3e000-7fd354b40000 r--s 00006000 08:07 2493445                    /home/fran/.m2/repository/org/hibernate/hibernate-java8/5.0.12.Final/hibernate-java8-5.0.12.Final.jar
7fd354b40000-7fd354b48000 r--s 0003a000 08:07 2365719                    /home/fran/.m2/repository/org/springframework/spring-tx/4.3.8.RELEASE/spring-tx-4.3.8.RELEASE.jar
7fd354b48000-7fd354b4a000 r--s 00003000 08:07 2237515                    /home/fran/.m2/repository/org/slf4j/jcl-over-slf4j/1.7.25/jcl-over-slf4j-1.7.25.jar
7fd354b4a000-7fd354b5c000 r--s 000a9000 08:07 1449269                    /home/fran/.m2/repository/org/springframework/data/spring-data-commons/1.13.3.RELEASE/spring-data-commons-1.13.3.RELEASE.jar
7fd354b5c000-7fd354ba6000 r--s 002f4000 08:07 2237525                    /home/fran/.m2/repository/org/bouncycastle/bcprov-jdk15on/1.55/bcprov-jdk15on-1.55.jar
7fd354ba6000-7fd354bb7000 r--s 00096000 08:07 2237523                    /home/fran/.m2/repository/org/bouncycastle/bcpkix-jdk15on/1.55/bcpkix-jdk15on-1.55.jar
7fd354bb7000-7fd354bc3000 r--s 00055000 08:07 2365729                    /home/fran/.m2/repository/org/springframework/security/spring-security-core/4.2.2.RELEASE/spring-security-core-4.2.2.RELEASE.jar
7fd354bc3000-7fd354bd4000 r--s 000cf000 08:07 2365711                    /home/fran/.m2/repository/org/springframework/spring-webmvc/4.3.8.RELEASE/spring-webmvc-4.3.8.RELEASE.jar
7fd354bd4000-7fd354be5000 r-xp 00000000 08:07 5514290                    /usr/lib/jvm/java-8-openjdk-amd64/jre/lib/amd64/libnio.so
7fd354be5000-7fd354de5000 ---p 00011000 08:07 5514290                    /usr/lib/jvm/java-8-openjdk-amd64/jre/lib/amd64/libnio.so
7fd354de5000-7fd354de6000 r--p 00011000 08:07 5514290                    /usr/lib/jvm/java-8-openjdk-amd64/jre/lib/amd64/libnio.so
7fd354de6000-7fd354de7000 rw-p 00012000 08:07 5514290                    /usr/lib/jvm/java-8-openjdk-amd64/jre/lib/amd64/libnio.so
7fd354de7000-7fd357de8000 rw-p 00000000 00:00 0 
7fd357de8000-7fd357dff000 r-xp 00000000 08:07 5514310                    /usr/lib/jvm/java-8-openjdk-amd64/jre/lib/amd64/libnet.so
7fd357dff000-7fd357ffe000 ---p 00017000 08:07 5514310                    /usr/lib/jvm/java-8-openjdk-amd64/jre/lib/amd64/libnet.so
7fd357ffe000-7fd357fff000 r--p 00016000 08:07 5514310                    /usr/lib/jvm/java-8-openjdk-amd64/jre/lib/amd64/libnet.so
7fd357fff000-7fd358000000 rw-p 00017000 08:07 5514310                    /usr/lib/jvm/java-8-openjdk-amd64/jre/lib/amd64/libnet.so
7fd358000000-7fd358021000 rw-p 00000000 00:00 0 
7fd358021000-7fd35c000000 ---p 00000000 00:00 0 
7fd35c000000-7fd35c7b0000 rw-p 00000000 00:00 0 
7fd35c7b0000-7fd360000000 ---p 00000000 00:00 0 
7fd360000000-7fd360021000 rw-p 00000000 00:00 0 
7fd360021000-7fd364000000 ---p 00000000 00:00 0 
7fd364000000-7fd36403e000 rw-p 00000000 00:00 0 
7fd36403e000-7fd368000000 ---p 00000000 00:00 0 
7fd368000000-7fd368021000 rw-p 00000000 00:00 0 
7fd368021000-7fd36c000000 ---p 00000000 00:00 0 
7fd36c000000-7fd36c021000 rw-p 00000000 00:00 0 
7fd36c021000-7fd370000000 ---p 00000000 00:00 0 
7fd370000000-7fd370021000 rw-p 00000000 00:00 0 
7fd370021000-7fd374000000 ---p 00000000 00:00 0 
7fd374000000-7fd374002000 r--s 00007000 08:07 2493386                    /home/fran/.m2/repository/org/springframework/security/spring-security-jwt/1.0.7.RELEASE/spring-security-jwt-1.0.7.RELEASE.jar
7fd374002000-7fd374004000 r--s 00000000 08:07 2365813                    /home/fran/.m2/repository/aopalliance/aopalliance/1.0/aopalliance-1.0.jar
7fd374004000-7fd374009000 r--s 0003c000 08:07 2237471                    /home/fran/.m2/repository/org/springframework/spring-expression/4.3.8.RELEASE/spring-expression-4.3.8.RELEASE.jar
7fd374009000-7fd37401a000 r--s 000b7000 08:07 2237463                    /home/fran/.m2/repository/org/springframework/spring-web/4.3.8.RELEASE/spring-web-4.3.8.RELEASE.jar
7fd37401a000-7fd37401c000 r--s 0001a000 08:07 2365184                    /home/fran/.m2/repository/org/hdrhistogram/HdrHistogram/2.1.9/HdrHistogram-2.1.9.jar
7fd37401c000-7fd374028000 r--s 00068000 08:07 2365182                    /home/fran/.m2/repository/com/netflix/hystrix/hystrix-core/1.5.12/hystrix-core-1.5.12.jar
7fd374028000-7fd374029000 r--s 00003000 08:07 2365176                    /home/fran/.m2/repository/io/github/openfeign/feign-hystrix/9.5.0/feign-hystrix-9.5.0.jar
7fd374029000-7fd37402a000 r--s 00000000 08:07 2365174                    /home/fran/.m2/repository/io/github/openfeign/feign-slf4j/9.5.0/feign-slf4j-9.5.0.jar
7fd37402a000-7fd37402b000 r--s 00000000 08:07 2365172                    /home/fran/.m2/repository/org/jvnet/animal-sniffer-annotation/1.0/animal-sniffer-annotation-1.0.jar
7fd37402b000-7fd37402d000 r--s 00016000 08:07 2365170                    /home/fran/.m2/repository/io/github/openfeign/feign-core/9.5.0/feign-core-9.5.0.jar
7fd37402d000-7fd37402f000 r--s 0000c000 08:07 2237453                    /home/fran/.m2/repository/org/springframework/security/spring-security-crypto/4.2.2.RELEASE/spring-security-crypto-4.2.2.RELEASE.jar
7fd37402f000-7fd374033000 r--s 00017000 08:07 2237455                    /home/fran/.m2/repository/org/springframework/cloud/spring-cloud-commons/1.2.2.RELEASE/spring-cloud-commons-1.2.2.RELEASE.jar
7fd374033000-7fd374034000 r--s 00000000 08:07 2365109                    /home/fran/.m2/repository/org/springframework/cloud/spring-cloud-starter-feign/1.3.1.RELEASE/spring-cloud-starter-feign-1.3.1.RELEASE.jar
7fd374034000-7fd374035000 r--s 00000000 08:07 2365936                    /home/fran/.m2/repository/org/springframework/boot/spring-boot-starter-security/1.5.3.RELEASE/spring-boot-starter-security-1.5.3.RELEASE.jar
7fd374035000-7fd374037000 r--s 00005000 08:07 2493375                    /home/fran/.m2/repository/org/springframework/cloud/spring-cloud-security/1.2.1.RELEASE/spring-cloud-security-1.2.1.RELEASE.jar
7fd374037000-7fd37403a000 r--s 00019000 08:07 2493443                    /home/fran/.m2/repository/org/apache/commons/commons-pool2/2.4.2/commons-pool2-2.4.2.jar
7fd37403a000-7fd374046000 r--s 0007c000 08:07 2493441                    /home/fran/.m2/repository/redis/clients/jedis/2.9.0/jedis-2.9.0.jar
7fd374046000-7fd37404f000 r-xp 00000000 08:07 5514304                    /usr/lib/jvm/java-8-openjdk-amd64/jre/lib/amd64/libmanagement.so
7fd37404f000-7fd37424e000 ---p 00009000 08:07 5514304                    /usr/lib/jvm/java-8-openjdk-amd64/jre/lib/amd64/libmanagement.so
7fd37424e000-7fd37424f000 r--p 00008000 08:07 5514304                    /usr/lib/jvm/java-8-openjdk-amd64/jre/lib/amd64/libmanagement.so
7fd37424f000-7fd374250000 rw-p 00009000 08:07 5514304                    /usr/lib/jvm/java-8-openjdk-amd64/jre/lib/amd64/libmanagement.so
7fd374250000-7fd378000000 rw-p 00000000 00:00 0 
7fd378000000-7fd378021000 rw-p 00000000 00:00 0 
7fd378021000-7fd37c000000 ---p 00000000 00:00 0 
7fd37c000000-7fd37c021000 rw-p 00000000 00:00 0 
7fd37c021000-7fd380000000 ---p 00000000 00:00 0 
7fd380000000-7fd380021000 rw-p 00000000 00:00 0 
7fd380021000-7fd384000000 ---p 00000000 00:00 0 
7fd384000000-7fd384021000 rw-p 00000000 00:00 0 
7fd384021000-7fd388000000 ---p 00000000 00:00 0 
7fd388000000-7fd388005000 r--s 00029000 08:07 2493112                    /home/fran/.m2/repository/org/springframework/spring-context-support/4.3.8.RELEASE/spring-context-support-4.3.8.RELEASE.jar
7fd388005000-7fd388007000 r--s 00013000 08:07 2493110                    /home/fran/.m2/repository/org/springframework/spring-oxm/4.3.8.RELEASE/spring-oxm-4.3.8.RELEASE.jar
7fd388007000-7fd38800b000 r--s 00016000 08:07 1711864                    /home/fran/.m2/repository/org/springframework/data/spring-data-keyvalue/1.2.3.RELEASE/spring-data-keyvalue-1.2.3.RELEASE.jar
7fd38800b000-7fd388027000 r--s 00110000 08:07 1711862                    /home/fran/.m2/repository/org/springframework/data/spring-data-redis/1.8.3.RELEASE/spring-data-redis-1.8.3.RELEASE.jar
7fd388027000-7fd388028000 r--s 00000000 08:07 2493074                    /home/fran/.m2/repository/org/springframework/boot/spring-boot-starter-data-redis/1.5.3.RELEASE/spring-boot-starter-data-redis-1.5.3.RELEASE.jar
7fd388028000-7fd38802a000 r--s 00007000 08:07 1582880                    /home/fran/.m2/repository/com/fasterxml/jackson/module/jackson-module-jaxb-annotations/2.8.8/jackson-module-jaxb-annotations-2.8.8.jar
7fd38802a000-7fd38802b000 r--s 00003000 08:07 1582878                    /home/fran/.m2/repository/com/fasterxml/jackson/jaxrs/jackson-jaxrs-json-provider/2.8.8/jackson-jaxrs-json-provider-2.8.8.jar
7fd38802b000-7fd38802c000 r--s 00007000 08:07 1449286                    /home/fran/.m2/repository/com/fasterxml/jackson/jaxrs/jackson-jaxrs-base/2.8.8/jackson-jaxrs-base-2.8.8.jar
7fd38802c000-7fd38802f000 r--s 0000f000 08:07 2493439                    /home/fran/.m2/repository/org/glassfish/jersey/ext/jersey-entity-filtering/2.25.1/jersey-entity-filtering-2.25.1.jar
7fd38802f000-7fd388031000 r--s 00004000 08:07 2493437                    /home/fran/.m2/repository/org/glassfish/jersey/media/jersey-media-json-jackson/2.25.1/jersey-media-json-jackson-2.25.1.jar
7fd388031000-7fd388033000 r--s 00002000 08:07 2493435                    /home/fran/.m2/repository/org/glassfish/hk2/spring-bridge/2.5.0-b32/spring-bridge-2.5.0-b32.jar
7fd388033000-7fd38803e000 r--s 000c1000 08:07 2493433                    /home/fran/.m2/repository/org/glassfish/hk2/external/asm-all-repackaged/2.5.0-b32/asm-all-repackaged-2.5.0-b32.jar
7fd38803e000-7fd388041000 r--s 00013000 08:07 2493431                    /home/fran/.m2/repository/org/glassfish/hk2/class-model/2.5.0-b32/class-model-2.5.0-b32.jar
7fd388041000-7fd388044000 r--s 0000c000 08:07 2493429                    /home/fran/.m2/repository/org/glassfish/hk2/hk2-runlevel/2.5.0-b32/hk2-runlevel-2.5.0-b32.jar
7fd388044000-7fd388049000 r--s 0002e000 08:07 2493427                    /home/fran/.m2/repository/org/glassfish/hk2/hk2-config/2.5.0-b32/hk2-config-2.5.0-b32.jar
7fd388049000-7fd38804c000 r--s 0001a000 08:07 2493425                    /home/fran/.m2/repository/org/glassfish/hk2/hk2-core/2.5.0-b32/hk2-core-2.5.0-b32.jar
7fd38804c000-7fd38804d000 r--s 00002000 08:07 2493423                    /home/fran/.m2/repository/org/glassfish/hk2/config-types/2.5.0-b32/config-types-2.5.0-b32.jar
7fd38804d000-7fd38804e000 r--s 00000000 08:07 2493421                    /home/fran/.m2/repository/org/glassfish/hk2/hk2/2.5.0-b32/hk2-2.5.0-b32.jar
7fd38804e000-7fd388050000 r--s 00004000 08:07 2493419                    /home/fran/.m2/repository/org/glassfish/jersey/ext/jersey-spring3/2.25.1/jersey-spring3-2.25.1.jar
7fd388050000-7fd388052000 r--s 00008000 08:07 2493417                    /home/fran/.m2/repository/org/glassfish/jersey/ext/jersey-bean-validation/2.25.1/jersey-bean-validation-2.25.1.jar
7fd388052000-7fd388054000 r--s 00003000 08:07 2493415                    /home/fran/.m2/repository/org/glassfish/jersey/containers/jersey-container-servlet/2.25.1/jersey-container-servlet-2.25.1.jar
7fd388054000-7fd388057000 r--s 0000e000 08:07 2493413                    /home/fran/.m2/repository/org/glassfish/jersey/containers/jersey-container-servlet-core/2.25.1/jersey-container-servlet-core-2.25.1.jar
7fd388057000-7fd38805a000 r--s 0002b000 08:07 2366204                    /home/fran/.m2/repository/org/glassfish/hk2/hk2-locator/2.5.0-b32/hk2-locator-2.5.0-b32.jar
7fd38805a000-7fd38805c000 r--s 00002000 08:07 2366200                    /home/fran/.m2/repository/org/glassfish/hk2/external/aopalliance-repackaged/2.5.0-b32/aopalliance-repackaged-2.5.0-b32.jar
7fd38805c000-7fd38805f000 r--s 0001e000 08:07 2366198                    /home/fran/.m2/repository/org/glassfish/hk2/hk2-utils/2.5.0-b32/hk2-utils-2.5.0-b32.jar
7fd38805f000-7fd388065000 r--s 00028000 08:07 2366196                    /home/fran/.m2/repository/org/glassfish/hk2/hk2-api/2.5.0-b32/hk2-api-2.5.0-b32.jar
7fd388065000-7fd388067000 r--s 00005000 08:07 2366194                    /home/fran/.m2/repository/javax/annotation/javax.annotation-api/1.2/javax.annotation-api-1.2.jar
7fd388067000-7fd388069000 r--s 00010000 08:07 2366192                    /home/fran/.m2/repository/org/glassfish/jersey/media/jersey-media-jaxb/2.25.1/jersey-media-jaxb-2.25.1.jar
7fd388069000-7fd388081000 r--s 000d6000 08:07 2366186                    /home/fran/.m2/repository/org/glassfish/jersey/bundles/repackaged/jersey-guava/2.25.1/jersey-guava-2.25.1.jar
7fd388081000-7fd38808f000 r--s 000a1000 08:07 2366184                    /home/fran/.m2/repository/org/glassfish/jersey/core/jersey-common/2.25.1/jersey-common-2.25.1.jar
7fd38808f000-7fd3880a4000 r--s 000d1000 08:07 2366182                    /home/fran/.m2/repository/org/glassfish/jersey/core/jersey-server/2.25.1/jersey-server-2.25.1.jar
7fd3880a4000-7fd3880c4000 r--s 000e4000 08:07 2237461                    /home/fran/.m2/repository/org/springframework/boot/spring-boot-autoconfigure/1.5.3.RELEASE/spring-boot-autoconfigure-1.5.3.RELEASE.jar
7fd3880c4000-7fd3880d4000 r--s 00094000 08:07 2237477                    /home/fran/.m2/repository/org/springframework/boot/spring-boot/1.5.3.RELEASE/spring-boot-1.5.3.RELEASE.jar
7fd3880d4000-7fd3880e5000 r--s 000b2000 08:07 2365879                    /home/fran/.m2/repository/com/vividsolutions/jts/1.13/jts-1.13.jar
7fd3880e5000-7fd388100000 r--s 00394000 08:07 5514276                    /usr/lib/jvm/java-8-openjdk-amd64/jre/lib/ext/cldrdata.jar
7fd388100000-7fd38811b000 r--s 001d6000 08:07 5514277                    /usr/lib/jvm/java-8-openjdk-amd64/jre/lib/ext/nashorn.jar
7fd38811b000-7fd38811e000 ---p 00000000 00:00 0 
7fd38811e000-7fd38821c000 rw-p 00000000 00:00 0 
7fd38821c000-7fd38821f000 ---p 00000000 00:00 0 
7fd38821f000-7fd38831d000 rw-p 00000000 00:00 0 
7fd38831d000-7fd388320000 ---p 00000000 00:00 0 
7fd388320000-7fd38841e000 rw-p 00000000 00:00 0 
7fd38841e000-7fd388421000 ---p 00000000 00:00 0 
7fd388421000-7fd38851f000 rw-p 00000000 00:00 0 
7fd38851f000-7fd388522000 ---p 00000000 00:00 0 
7fd388522000-7fd388620000 rw-p 00000000 00:00 0 
7fd388620000-7fd3888f9000 r--p 00000000 08:07 5382434                    /usr/lib/locale/locale-archive
7fd3888f9000-7fd3888fc000 ---p 00000000 00:00 0 
7fd3888fc000-7fd3889fa000 rw-p 00000000 00:00 0 
7fd3889fa000-7fd3889fd000 ---p 00000000 00:00 0 
7fd3889fd000-7fd388afb000 rw-p 00000000 00:00 0 
7fd388afb000-7fd388afc000 ---p 00000000 00:00 0 
7fd388afc000-7fd389000000 rw-p 00000000 00:00 0 
7fd389000000-7fd3895f0000 rwxp 00000000 00:00 0 
7fd3895f0000-7fd398000000 ---p 00000000 00:00 0 
7fd398000000-7fd3991e1000 rw-p 00000000 00:00 0 
7fd3991e1000-7fd39c000000 ---p 00000000 00:00 0 
7fd39c000000-7fd39c001000 r--s 00001000 08:07 2366202                    /home/fran/.m2/repository/org/glassfish/hk2/external/javax.inject/2.5.0-b32/javax.inject-2.5.0-b32.jar
7fd39c001000-7fd39c005000 r--s 00026000 08:07 2366190                    /home/fran/.m2/repository/org/glassfish/jersey/core/jersey-client/2.25.1/jersey-client-2.25.1.jar
7fd39c005000-7fd39c006000 r--s 00004000 08:07 2366188                    /home/fran/.m2/repository/org/glassfish/hk2/osgi-resource-locator/1.0.1/osgi-resource-locator-1.0.1.jar
7fd39c006000-7fd39c009000 r--s 00015000 08:07 2366180                    /home/fran/.m2/repository/javax/servlet/javax.servlet-api/3.1.0/javax.servlet-api-3.1.0.jar
7fd39c009000-7fd39cbe6000 rw-p 00000000 00:00 0 
7fd39cbe6000-7fd39cdb4000 r--s 03c13000 08:07 5514274                    /usr/lib/jvm/java-8-openjdk-amd64/jre/lib/rt.jar
7fd39cdb4000-7fd39da05000 rw-p 00000000 00:00 0 
7fd39da05000-7fd39da06000 ---p 00000000 00:00 0 
7fd39da06000-7fd39db06000 rw-p 00000000 00:00 0 
7fd39db06000-7fd39db07000 ---p 00000000 00:00 0 
7fd39db07000-7fd39dc07000 rw-p 00000000 00:00 0 
7fd39dc07000-7fd39dc08000 ---p 00000000 00:00 0 
7fd39dc08000-7fd39dd08000 rw-p 00000000 00:00 0 
7fd39dd08000-7fd39dd09000 ---p 00000000 00:00 0 
7fd39dd09000-7fd39de24000 rw-p 00000000 00:00 0 
7fd39de24000-7fd39e09b000 ---p 00000000 00:00 0 
7fd39e09b000-7fd39e0b6000 rw-p 00000000 00:00 0 
7fd39e0b6000-7fd39e32d000 ---p 00000000 00:00 0 
7fd39e32d000-7fd39e3a3000 rw-p 00000000 00:00 0 
7fd39e3a3000-7fd39e476000 ---p 00000000 00:00 0 
7fd39e476000-7fd39e48f000 rw-p 00000000 00:00 0 
7fd39e48f000-7fd39e837000 ---p 00000000 00:00 0 
7fd39e837000-7fd39e83f000 r-xp 00000000 08:07 5514301                    /usr/lib/jvm/java-8-openjdk-amd64/jre/lib/amd64/libzip.so
7fd39e83f000-7fd39ea3e000 ---p 00008000 08:07 5514301                    /usr/lib/jvm/java-8-openjdk-amd64/jre/lib/amd64/libzip.so
7fd39ea3e000-7fd39ea3f000 r--p 00007000 08:07 5514301                    /usr/lib/jvm/java-8-openjdk-amd64/jre/lib/amd64/libzip.so
7fd39ea3f000-7fd39ea40000 rw-p 00008000 08:07 5514301                    /usr/lib/jvm/java-8-openjdk-amd64/jre/lib/amd64/libzip.so
7fd39ea40000-7fd39ea4b000 r-xp 00000000 08:07 2366097                    /lib/x86_64-linux-gnu/libnss_files-2.23.so
7fd39ea4b000-7fd39ec4a000 ---p 0000b000 08:07 2366097                    /lib/x86_64-linux-gnu/libnss_files-2.23.so
7fd39ec4a000-7fd39ec4b000 r--p 0000a000 08:07 2366097                    /lib/x86_64-linux-gnu/libnss_files-2.23.so
7fd39ec4b000-7fd39ec4c000 rw-p 0000b000 08:07 2366097                    /lib/x86_64-linux-gnu/libnss_files-2.23.so
7fd39ec4c000-7fd39ec52000 rw-p 00000000 00:00 0 
7fd39ec52000-7fd39ec5d000 r-xp 00000000 08:07 2366100                    /lib/x86_64-linux-gnu/libnss_nis-2.23.so
7fd39ec5d000-7fd39ee5c000 ---p 0000b000 08:07 2366100                    /lib/x86_64-linux-gnu/libnss_nis-2.23.so
7fd39ee5c000-7fd39ee5d000 r--p 0000a000 08:07 2366100                    /lib/x86_64-linux-gnu/libnss_nis-2.23.so
7fd39ee5d000-7fd39ee5e000 rw-p 0000b000 08:07 2366100                    /lib/x86_64-linux-gnu/libnss_nis-2.23.so
7fd39ee5e000-7fd39ee74000 r-xp 00000000 08:07 2366093                    /lib/x86_64-linux-gnu/libnsl-2.23.so
7fd39ee74000-7fd39f073000 ---p 00016000 08:07 2366093                    /lib/x86_64-linux-gnu/libnsl-2.23.so
7fd39f073000-7fd39f074000 r--p 00015000 08:07 2366093                    /lib/x86_64-linux-gnu/libnsl-2.23.so
7fd39f074000-7fd39f075000 rw-p 00016000 08:07 2366093                    /lib/x86_64-linux-gnu/libnsl-2.23.so
7fd39f075000-7fd39f077000 rw-p 00000000 00:00 0 
7fd39f077000-7fd39f07f000 r-xp 00000000 08:07 2366106                    /lib/x86_64-linux-gnu/libnss_compat-2.23.so
7fd39f07f000-7fd39f27e000 ---p 00008000 08:07 2366106                    /lib/x86_64-linux-gnu/libnss_compat-2.23.so
7fd39f27e000-7fd39f27f000 r--p 00007000 08:07 2366106                    /lib/x86_64-linux-gnu/libnss_compat-2.23.so
7fd39f27f000-7fd39f280000 rw-p 00008000 08:07 2366106                    /lib/x86_64-linux-gnu/libnss_compat-2.23.so
7fd39f280000-7fd39f2ad000 r-xp 00000000 08:07 5514316                    /usr/lib/jvm/java-8-openjdk-amd64/jre/lib/amd64/libjava.so
7fd39f2ad000-7fd39f4ac000 ---p 0002d000 08:07 5514316                    /usr/lib/jvm/java-8-openjdk-amd64/jre/lib/amd64/libjava.so
7fd39f4ac000-7fd39f4ad000 r--p 0002c000 08:07 5514316                    /usr/lib/jvm/java-8-openjdk-amd64/jre/lib/amd64/libjava.so
7fd39f4ad000-7fd39f4af000 rw-p 0002d000 08:07 5514316                    /usr/lib/jvm/java-8-openjdk-amd64/jre/lib/amd64/libjava.so
7fd39f4af000-7fd39f4be000 r-xp 00000000 08:07 5514294                    /usr/lib/jvm/java-8-openjdk-amd64/jre/lib/amd64/libverify.so
7fd39f4be000-7fd39f6bd000 ---p 0000f000 08:07 5514294                    /usr/lib/jvm/java-8-openjdk-amd64/jre/lib/amd64/libverify.so
7fd39f6bd000-7fd39f6bf000 r--p 0000e000 08:07 5514294                    /usr/lib/jvm/java-8-openjdk-amd64/jre/lib/amd64/libverify.so
7fd39f6bf000-7fd39f6c0000 rw-p 00010000 08:07 5514294                    /usr/lib/jvm/java-8-openjdk-amd64/jre/lib/amd64/libverify.so
7fd39f6c0000-7fd39f6c7000 r-xp 00000000 08:07 2366102                    /lib/x86_64-linux-gnu/librt-2.23.so
7fd39f6c7000-7fd39f8c6000 ---p 00007000 08:07 2366102                    /lib/x86_64-linux-gnu/librt-2.23.so
7fd39f8c6000-7fd39f8c7000 r--p 00006000 08:07 2366102                    /lib/x86_64-linux-gnu/librt-2.23.so
7fd39f8c7000-7fd39f8c8000 rw-p 00007000 08:07 2366102                    /lib/x86_64-linux-gnu/librt-2.23.so
7fd39f8c8000-7fd39f8de000 r-xp 00000000 08:07 2363954                    /lib/x86_64-linux-gnu/libgcc_s.so.1
7fd39f8de000-7fd39fadd000 ---p 00016000 08:07 2363954                    /lib/x86_64-linux-gnu/libgcc_s.so.1
7fd39fadd000-7fd39fade000 rw-p 00015000 08:07 2363954                    /lib/x86_64-linux-gnu/libgcc_s.so.1
7fd39fade000-7fd39fbe6000 r-xp 00000000 08:07 2366111                    /lib/x86_64-linux-gnu/libm-2.23.so
7fd39fbe6000-7fd39fde5000 ---p 00108000 08:07 2366111                    /lib/x86_64-linux-gnu/libm-2.23.so
7fd39fde5000-7fd39fde6000 r--p 00107000 08:07 2366111                    /lib/x86_64-linux-gnu/libm-2.23.so
7fd39fde6000-7fd39fde7000 rw-p 00108000 08:07 2366111                    /lib/x86_64-linux-gnu/libm-2.23.so
7fd39fde7000-7fd39ff59000 r-xp 00000000 08:07 5377826                    /usr/lib/x86_64-linux-gnu/libstdc++.so.6.0.21
7fd39ff59000-7fd3a0159000 ---p 00172000 08:07 5377826                    /usr/lib/x86_64-linux-gnu/libstdc++.so.6.0.21
7fd3a0159000-7fd3a0163000 r--p 00172000 08:07 5377826                    /usr/lib/x86_64-linux-gnu/libstdc++.so.6.0.21
7fd3a0163000-7fd3a0165000 rw-p 0017c000 08:07 5377826                    /usr/lib/x86_64-linux-gnu/libstdc++.so.6.0.21
7fd3a0165000-7fd3a0169000 rw-p 00000000 00:00 0 
7fd3a0169000-7fd3a0dbd000 r-xp 00000000 08:07 5514300                    /usr/lib/jvm/java-8-openjdk-amd64/jre/lib/amd64/server/libjvm.so
7fd3a0dbd000-7fd3a0fbd000 ---p 00c54000 08:07 5514300                    /usr/lib/jvm/java-8-openjdk-amd64/jre/lib/amd64/server/libjvm.so
7fd3a0fbd000-7fd3a1050000 r--p 00c54000 08:07 5514300                    /usr/lib/jvm/java-8-openjdk-amd64/jre/lib/amd64/server/libjvm.so
7fd3a1050000-7fd3a1079000 rw-p 00ce7000 08:07 5514300                    /usr/lib/jvm/java-8-openjdk-amd64/jre/lib/amd64/server/libjvm.so
7fd3a1079000-7fd3a10a9000 rw-p 00000000 00:00 0 
7fd3a10a9000-7fd3a10c1000 r-xp 00000000 08:07 2366099                    /lib/x86_64-linux-gnu/libpthread-2.23.so
7fd3a10c1000-7fd3a12c0000 ---p 00018000 08:07 2366099                    /lib/x86_64-linux-gnu/libpthread-2.23.so
7fd3a12c0000-7fd3a12c1000 r--p 00017000 08:07 2366099                    /lib/x86_64-linux-gnu/libpthread-2.23.so
7fd3a12c1000-7fd3a12c2000 rw-p 00018000 08:07 2366099                    /lib/x86_64-linux-gnu/libpthread-2.23.so
7fd3a12c2000-7fd3a12c6000 rw-p 00000000 00:00 0 
7fd3a12c6000-7fd3a12c9000 r-xp 00000000 08:07 2366105                    /lib/x86_64-linux-gnu/libdl-2.23.so
7fd3a12c9000-7fd3a14c8000 ---p 00003000 08:07 2366105                    /lib/x86_64-linux-gnu/libdl-2.23.so
7fd3a14c8000-7fd3a14c9000 r--p 00002000 08:07 2366105                    /lib/x86_64-linux-gnu/libdl-2.23.so
7fd3a14c9000-7fd3a14ca000 rw-p 00003000 08:07 2366105                    /lib/x86_64-linux-gnu/libdl-2.23.so
7fd3a14ca000-7fd3a14e3000 r-xp 00000000 08:07 2364107                    /lib/x86_64-linux-gnu/libz.so.1.2.8
7fd3a14e3000-7fd3a16e2000 ---p 00019000 08:07 2364107                    /lib/x86_64-linux-gnu/libz.so.1.2.8
7fd3a16e2000-7fd3a16e3000 r--p 00018000 08:07 2364107                    /lib/x86_64-linux-gnu/libz.so.1.2.8
7fd3a16e3000-7fd3a16e4000 rw-p 00019000 08:07 2364107                    /lib/x86_64-linux-gnu/libz.so.1.2.8
7fd3a16e4000-7fd3a18a4000 r-xp 00000000 08:07 2366116                    /lib/x86_64-linux-gnu/libc-2.23.so
7fd3a18a4000-7fd3a1aa4000 ---p 001c0000 08:07 2366116                    /lib/x86_64-linux-gnu/libc-2.23.so
7fd3a1aa4000-7fd3a1aa8000 r--p 001c0000 08:07 2366116                    /lib/x86_64-linux-gnu/libc-2.23.so
7fd3a1aa8000-7fd3a1aaa000 rw-p 001c4000 08:07 2366116                    /lib/x86_64-linux-gnu/libc-2.23.so
7fd3a1aaa000-7fd3a1aae000 rw-p 00000000 00:00 0 
7fd3a1aae000-7fd3a1abb000 r-xp 00000000 08:07 5514292                    /usr/lib/jvm/java-8-openjdk-amd64/jre/lib/amd64/jli/libjli.so
7fd3a1abb000-7fd3a1cbb000 ---p 0000d000 08:07 5514292                    /usr/lib/jvm/java-8-openjdk-amd64/jre/lib/amd64/jli/libjli.so
7fd3a1cbb000-7fd3a1cbc000 r--p 0000d000 08:07 5514292                    /usr/lib/jvm/java-8-openjdk-amd64/jre/lib/amd64/jli/libjli.so
7fd3a1cbc000-7fd3a1cbd000 rw-p 0000e000 08:07 5514292                    /usr/lib/jvm/java-8-openjdk-amd64/jre/lib/amd64/jli/libjli.so
7fd3a1cbd000-7fd3a1ce3000 r-xp 00000000 08:07 2366094                    /lib/x86_64-linux-gnu/ld-2.23.so
7fd3a1ce3000-7fd3a1ce4000 r--s 00000000 08:07 2363853                    /home/fran/.m2/repository/org/springframework/boot/spring-boot-starter-validation/1.5.3.RELEASE/spring-boot-starter-validation-1.5.3.RELEASE.jar
7fd3a1ce4000-7fd3a1ce5000 r--s 00000000 08:07 2363849                    /home/fran/.m2/repository/org/springframework/boot/spring-boot-starter-jersey/1.5.3.RELEASE/spring-boot-starter-jersey-1.5.3.RELEASE.jar
7fd3a1ce5000-7fd3a1ce9000 r--s 00019000 08:07 2365877                    /home/fran/.m2/repository/javax/ws/rs/javax.ws.rs-api/2.0.1/javax.ws.rs-api-2.0.1.jar
7fd3a1ce9000-7fd3a1cea000 r--s 00010000 08:07 5514285                    /usr/lib/jvm/java-8-openjdk-amd64/jre/lib/ext/zipfs.jar
7fd3a1cea000-7fd3a1cec000 r--s 00001000 08:07 5514280                    /usr/lib/jvm/java-8-openjdk-amd64/jre/lib/ext/dnsns.jar
7fd3a1cec000-7fd3a1cee000 r--s 00008000 08:07 5514284                    /usr/lib/jvm/java-8-openjdk-amd64/jre/lib/ext/sunec.jar
7fd3a1cee000-7fd3a1db9000 rw-p 00000000 00:00 0 
7fd3a1db9000-7fd3a1dbc000 ---p 00000000 00:00 0 
7fd3a1dbc000-7fd3a1ebf000 rw-p 00000000 00:00 0 
7fd3a1ebf000-7fd3a1ec0000 r--s 0000a000 08:07 5514281                    /usr/lib/jvm/java-8-openjdk-amd64/jre/lib/ext/jaccess.jar
7fd3a1ec0000-7fd3a1eca000 r--s 00116000 08:07 5514278                    /usr/lib/jvm/java-8-openjdk-amd64/jre/lib/ext/localedata.jar
7fd3a1eca000-7fd3a1ecf000 r--s 0003b000 08:07 5514282                    /usr/lib/jvm/java-8-openjdk-amd64/jre/lib/ext/sunjce_provider.jar
7fd3a1ecf000-7fd3a1ed3000 r--s 00037000 08:07 5514279                    /usr/lib/jvm/java-8-openjdk-amd64/jre/lib/ext/sunpkcs11.jar
7fd3a1ed3000-7fd3a1ed6000 r--s 0000f000 08:07 5514283                    /usr/lib/jvm/java-8-openjdk-amd64/jre/lib/ext/icedtea-sound.jar
7fd3a1ed6000-7fd3a1ede000 rw-s 00000000 08:07 6171235                    /tmp/hsperfdata_fran/15150
7fd3a1ede000-7fd3a1edf000 rw-p 00000000 00:00 0 
7fd3a1edf000-7fd3a1ee0000 ---p 00000000 00:00 0 
7fd3a1ee0000-7fd3a1ee2000 rw-p 00000000 00:00 0 
7fd3a1ee2000-7fd3a1ee3000 r--p 00025000 08:07 2366094                    /lib/x86_64-linux-gnu/ld-2.23.so
7fd3a1ee3000-7fd3a1ee4000 rw-p 00026000 08:07 2366094                    /lib/x86_64-linux-gnu/ld-2.23.so
7fd3a1ee4000-7fd3a1ee5000 rw-p 00000000 00:00 0 
7fffa3d87000-7fffa3dae000 rw-p 00000000 00:00 0                          [stack]
7fffa3df1000-7fffa3df3000 r--p 00000000 00:00 0                          [vvar]
7fffa3df3000-7fffa3df5000 r-xp 00000000 00:00 0                          [vdso]
ffffffffff600000-ffffffffff601000 r-xp 00000000 00:00 0                  [vsyscall]

VM Arguments:
jvm_args: -Dcom.sun.management.jmxremote -Dcom.sun.management.jmxremote.port=36377 -Dcom.sun.management.jmxremote.authenticate=false -Dcom.sun.management.jmxremote.ssl=false -Djava.rmi.server.hostname=localhost -Dspring.application.admin.enabled=true -Djava.security.egd=file:/dev/./urandom -Xverify:none -XX:TieredStopAtLevel=1 -Dfile.encoding=UTF-8 
java_command: br.com.eits.categoria.Application
java_class_path (initial): /usr/lib/jvm/java-8-openjdk-amd64/jre/lib/resources.jar:/usr/lib/jvm/java-8-openjdk-amd64/jre/lib/rt.jar:/usr/lib/jvm/java-8-openjdk-amd64/jre/lib/jsse.jar:/usr/lib/jvm/java-8-openjdk-amd64/jre/lib/jce.jar:/usr/lib/jvm/java-8-openjdk-amd64/jre/lib/charsets.jar:/usr/lib/jvm/java-8-openjdk-amd64/jre/lib/ext/nashorn.jar:/usr/lib/jvm/java-8-openjdk-amd64/jre/lib/ext/icedtea-sound.jar:/usr/lib/jvm/java-8-openjdk-amd64/jre/lib/ext/sunpkcs11.jar:/usr/lib/jvm/java-8-openjdk-amd64/jre/lib/ext/sunjce_provider.jar:/usr/lib/jvm/java-8-openjdk-amd64/jre/lib/ext/localedata.jar:/usr/lib/jvm/java-8-openjdk-amd64/jre/lib/ext/sunec.jar:/usr/lib/jvm/java-8-openjdk-amd64/jre/lib/ext/cldrdata.jar:/usr/lib/jvm/java-8-openjdk-amd64/jre/lib/ext/dnsns.jar:/usr/lib/jvm/java-8-openjdk-amd64/jre/lib/ext/jaccess.jar:/usr/lib/jvm/java-8-openjdk-amd64/jre/lib/ext/zipfs.jar:/home/fran/Desktop/eits-microservice-starter/microservices/functional/categoria-equipamento/target/classes:/home/fran/Desktop/eits-microservice-starter/common/functional-microservices/target/classes:/home/fran/Desktop/eits-microservice-starter/common/domain/target/classes:/home/fran/.m2/repository/javax/ws/rs/javax.ws.rs-api/2.0.1/javax.ws.rs-api-2.0.1.jar:/home/fran/.m2/repository/com/vividsolutions/jts/1.13/jts-1.13.jar:/home/fran/.m2/repository/javax/servlet/javax.servlet-api/3.1.0/javax.servlet-api-3.1.0.jar:/home/fran/.m2/repository/org/springframework/boot/spring-boot/1.5.3.RELEASE/spring-boot-1.5.3.RELEASE.jar:/home/fran/.m2/repository/org/springframework/boot/spring-boot-autoconfigure/1.5.3.RELEASE/spring-boot-autoconfigure-1.5.3.RELEASE.jar:/home/fran/.m2/repository/org/springframework/boot/spring-boot-starter-jersey/1.5.3.RELEASE/spring-boot-starter-jersey-1.5.3.RELEASE.jar:/home/fran/.m2/repository/org/springframework/boot/spring-boot-starter-validation/1.5.3.RELEASE/spring-boot-starter-validation-1.5.3.RELEASE.jar:/home/fran/.m2/repository/org/glassfish/jersey/core/jersey-server/2.25.1/j
Launcher Type: SUN_STANDARD

Environment Variables:
PATH=/home/fran/bin:/home/fran/.local/bin:/usr/local/sbin:/usr/local/bin:/usr/sbin:/usr/bin:/sbin:/bin:/usr/games:/usr/local/games
SHELL=/bin/bash
DISPLAY=:0

Signal Handlers:
SIGSEGV: [libjvm.so+0xa6ad10], sa_mask[0]=11111111011111111101111111111110, sa_flags=SA_RESTART|SA_SIGINFO
SIGBUS: [libjvm.so+0xa6ad10], sa_mask[0]=11111111011111111101111111111110, sa_flags=SA_RESTART|SA_SIGINFO
SIGFPE: [libjvm.so+0x8b3bc0], sa_mask[0]=11111111011111111101111111111110, sa_flags=SA_RESTART|SA_SIGINFO
SIGPIPE: [libjvm.so+0x8b3bc0], sa_mask[0]=11111111011111111101111111111110, sa_flags=SA_RESTART|SA_SIGINFO
SIGXFSZ: [libjvm.so+0x8b3bc0], sa_mask[0]=11111111011111111101111111111110, sa_flags=SA_RESTART|SA_SIGINFO
SIGILL: [libjvm.so+0x8b3bc0], sa_mask[0]=11111111011111111101111111111110, sa_flags=SA_RESTART|SA_SIGINFO
SIGUSR1: SIG_DFL, sa_mask[0]=00000000000000000000000000000000, sa_flags=none
SIGUSR2: [libjvm.so+0x8b3a70], sa_mask[0]=00100000000000000000000000000000, sa_flags=SA_RESTART|SA_SIGINFO
SIGHUP: [libjvm.so+0x8b3f40], sa_mask[0]=11111111011111111101111111111110, sa_flags=SA_RESTART|SA_SIGINFO
SIGINT: [libjvm.so+0x8b3f40], sa_mask[0]=11111111011111111101111111111110, sa_flags=SA_RESTART|SA_SIGINFO
SIGTERM: [libjvm.so+0x8b3f40], sa_mask[0]=11111111011111111101111111111110, sa_flags=SA_RESTART|SA_SIGINFO
SIGQUIT: [libjvm.so+0x8b3f40], sa_mask[0]=11111111011111111101111111111110, sa_flags=SA_RESTART|SA_SIGINFO


---------------  S Y S T E M  ---------------

OS:DISTRIB_ID=LinuxMint
DISTRIB_RELEASE=18.2
DISTRIB_CODENAME=sonya
DISTRIB_DESCRIPTION="Linux Mint 18.2 Sonya"

uname:Linux 4.8.0-53-generic #56~16.04.1-Ubuntu SMP Tue May 16 01:18:56 UTC 2017 x86_64
libc:glibc 2.23 NPTL 2.23 
rlimit: STACK 8192k, CORE 0k, NPROC 31335, NOFILE 1048576, AS infinity
load average:2,12 1,00 0,75

/proc/meminfo:
MemTotal:        8082672 kB
MemFree:          124460 kB
MemAvailable:      37220 kB
Buffers:             804 kB
Cached:           687568 kB
SwapCached:            0 kB
Active:          7038608 kB
Inactive:         647500 kB
Active(anon):    7013884 kB
Inactive(anon):   617116 kB
Active(file):      24724 kB
Inactive(file):    30384 kB
Unevictable:          48 kB
Mlocked:              48 kB
SwapTotal:             0 kB
SwapFree:              0 kB
Dirty:               360 kB
Writeback:             0 kB
AnonPages:       6997804 kB
Mapped:           382260 kB
Shmem:            633244 kB
Slab:              94036 kB
SReclaimable:      44168 kB
SUnreclaim:        49868 kB
KernelStack:       15808 kB
PageTables:        69060 kB
NFS_Unstable:          0 kB
Bounce:                0 kB
WritebackTmp:          0 kB
CommitLimit:     4041336 kB
Committed_AS:   14316288 kB
VmallocTotal:   34359738367 kB
VmallocUsed:           0 kB
VmallocChunk:          0 kB
HardwareCorrupted:     0 kB
AnonHugePages:   2217984 kB
ShmemHugePages:        0 kB
ShmemPmdMapped:        0 kB
CmaTotal:              0 kB
CmaFree:               0 kB
HugePages_Total:       0
HugePages_Free:        0
HugePages_Rsvd:        0
HugePages_Surp:        0
Hugepagesize:       2048 kB
DirectMap4k:      202928 kB
DirectMap2M:     7045120 kB
DirectMap1G:     1048576 kB


CPU:total 4 (initial active 4) (2 cores per cpu, 2 threads per core) family 6 model 142 stepping 9, cmov, cx8, fxsr, mmx, sse, sse2, sse3, ssse3, sse4.1, sse4.2, popcnt, avx, avx2, aes, clmul, erms, 3dnowpref, lzcnt, ht, tsc, tscinvbit, bmi1, bmi2, adx

/proc/cpuinfo:
processor	: 0
vendor_id	: GenuineIntel
cpu family	: 6
model		: 142
model name	: Intel(R) Core(TM) i7-7500U CPU @ 2.70GHz
stepping	: 9
microcode	: 0x4e
cpu MHz		: 775.091
cache size	: 4096 KB
physical id	: 0
siblings	: 4
core id		: 0
cpu cores	: 2
apicid		: 0
initial apicid	: 0
fpu		: yes
fpu_exception	: yes
cpuid level	: 22
wp		: yes
flags		: fpu vme de pse tsc msr pae mce cx8 apic sep mtrr pge mca cmov pat pse36 clflush dts acpi mmx fxsr sse sse2 ss ht tm pbe syscall nx pdpe1gb rdtscp lm constant_tsc art arch_perfmon pebs bts rep_good nopl xtopology nonstop_tsc aperfmperf eagerfpu pni pclmulqdq dtes64 monitor ds_cpl vmx est tm2 ssse3 sdbg fma cx16 xtpr pdcm pcid sse4_1 sse4_2 x2apic movbe popcnt tsc_deadline_timer aes xsave avx f16c rdrand lahf_lm abm 3dnowprefetch epb intel_pt tpr_shadow vnmi flexpriority ept vpid fsgsbase tsc_adjust bmi1 avx2 smep bmi2 erms invpcid mpx rdseed adx smap clflushopt xsaveopt xsavec xgetbv1 xsaves dtherm ida arat pln pts hwp hwp_notify hwp_act_window hwp_epp
bugs		:
bogomips	: 5800.00
clflush size	: 64
cache_alignment	: 64
address sizes	: 39 bits physical, 48 bits virtual
power management:

processor	: 1
vendor_id	: GenuineIntel
cpu family	: 6
model		: 142
model name	: Intel(R) Core(TM) i7-7500U CPU @ 2.70GHz
stepping	: 9
microcode	: 0x4e
cpu MHz		: 759.515
cache size	: 4096 KB
physical id	: 0
siblings	: 4
core id		: 1
cpu cores	: 2
apicid		: 2
initial apicid	: 2
fpu		: yes
fpu_exception	: yes
cpuid level	: 22
wp		: yes
flags		: fpu vme de pse tsc msr pae mce cx8 apic sep mtrr pge mca cmov pat pse36 clflush dts acpi mmx fxsr sse sse2 ss ht tm pbe syscall nx pdpe1gb rdtscp lm constant_tsc art arch_perfmon pebs bts rep_good nopl xtopology nonstop_tsc aperfmperf eagerfpu pni pclmulqdq dtes64 monitor ds_cpl vmx est tm2 ssse3 sdbg fma cx16 xtpr pdcm pcid sse4_1 sse4_2 x2apic movbe popcnt tsc_deadline_timer aes xsave avx f16c rdrand lahf_lm abm 3dnowprefetch epb intel_pt tpr_shadow vnmi flexpriority ept vpid fsgsbase tsc_adjust bmi1 avx2 smep bmi2 erms invpcid mpx rdseed adx smap clflushopt xsaveopt xsavec xgetbv1 xsaves dtherm ida arat pln pts hwp hwp_notify hwp_act_window hwp_epp
bugs		:
bogomips	: 5800.00
clflush size	: 64
cache_alignment	: 64
address sizes	: 39 bits physical, 48 bits virtual
power management:

processor	: 2
vendor_id	: GenuineIntel
cpu family	: 6
model		: 142
model name	: Intel(R) Core(TM) i7-7500U CPU @ 2.70GHz
stepping	: 9
microcode	: 0x4e
cpu MHz		: 799.871
cache size	: 4096 KB
physical id	: 0
siblings	: 4
core id		: 0
cpu cores	: 2
apicid		: 1
initial apicid	: 1
fpu		: yes
fpu_exception	: yes
cpuid level	: 22
wp		: yes
flags		: fpu vme de pse tsc msr pae mce cx8 apic sep mtrr pge mca cmov pat pse36 clflush dts acpi mmx fxsr sse sse2 ss ht tm pbe syscall nx pdpe1gb rdtscp lm constant_tsc art arch_perfmon pebs bts rep_good nopl xtopology nonstop_tsc aperfmperf eagerfpu pni pclmulqdq dtes64 monitor ds_cpl vmx est tm2 ssse3 sdbg fma cx16 xtpr pdcm pcid sse4_1 sse4_2 x2apic movbe popcnt tsc_deadline_timer aes xsave avx f16c rdrand lahf_lm abm 3dnowprefetch epb intel_pt tpr_shadow vnmi flexpriority ept vpid fsgsbase tsc_adjust bmi1 avx2 smep bmi2 erms invpcid mpx rdseed adx smap clflushopt xsaveopt xsavec xgetbv1 xsaves dtherm ida arat pln pts hwp hwp_notify hwp_act_window hwp_epp
bugs		:
bogomips	: 5800.00
clflush size	: 64
cache_alignment	: 64
address sizes	: 39 bits physical, 48 bits virtual
power management:

processor	: 3
vendor_id	: GenuineIntel
cpu family	: 6
model		: 142
model name	: Intel(R) Core(TM) i7-7500U CPU @ 2.70GHz
stepping	: 9
microcode	: 0x4e
cpu MHz		: 791.729
cache size	: 4096 KB
physical id	: 0
siblings	: 4
core id		: 1
cpu cores	: 2
apicid		: 3
initial apicid	: 3
fpu		: yes
fpu_exception	: yes
cpuid level	: 22
wp		: yes
flags		: fpu vme de pse tsc msr pae mce cx8 apic sep mtrr pge mca cmov pat pse36 clflush dts acpi mmx fxsr sse sse2 ss ht tm pbe syscall nx pdpe1gb rdtscp lm constant_tsc art arch_perfmon pebs bts rep_good nopl xtopology nonstop_tsc aperfmperf eagerfpu pni pclmulqdq dtes64 monitor ds_cpl vmx est tm2 ssse3 sdbg fma cx16 xtpr pdcm pcid sse4_1 sse4_2 x2apic movbe popcnt tsc_deadline_timer aes xsave avx f16c rdrand lahf_lm abm 3dnowprefetch epb intel_pt tpr_shadow vnmi flexpriority ept vpid fsgsbase tsc_adjust bmi1 avx2 smep bmi2 erms invpcid mpx rdseed adx smap clflushopt xsaveopt xsavec xgetbv1 xsaves dtherm ida arat pln pts hwp hwp_notify hwp_act_window hwp_epp
bugs		:
bogomips	: 5800.00
clflush size	: 64
cache_alignment	: 64
address sizes	: 39 bits physical, 48 bits virtual
power management:



Memory: 4k page, physical 8082672k(124460k free), swap 0k(0k free)

vm_info: OpenJDK 64-Bit Server VM (25.131-b11) for linux-amd64 JRE (1.8.0_131-8u131-b11-2ubuntu1.16.04.3-b11), built on Jul 28 2017 01:23:32 by "buildd" with gcc 5.4.0 20160609

time: Wed Nov  8 11:46:36 2017
elapsed time: 14 seconds (0d 0h 0m 14s)

