#
# There is insufficient memory for the Java Runtime Environment to continue.
# Native memory allocation (mmap) failed to map 144703488 bytes for committing reserved memory.
# Possible reasons:
#   The system is out of physical RAM or swap space
#   In 32 bit mode, the process size limit was hit
# Possible solutions:
#   Reduce memory load on the system
#   Increase physical memory or swap space
#   Check if swap backing store is full
#   Use 64 bit Java on a 64 bit OS
#   Decrease Java heap size (-Xmx/-Xms)
#   Decrease number of Java threads
#   Decrease Java thread stack sizes (-Xss)
#   Set larger code cache with -XX:ReservedCodeCacheSize=
# This output file may be truncated or incomplete.
#
#  Out of Memory Error (os_linux.cpp:2643), pid=13584, tid=0x00007fc1b38f8700
#
# JRE version: OpenJDK Runtime Environment (8.0_131-b11) (build 1.8.0_131-8u131-b11-2ubuntu1.16.04.3-b11)
# Java VM: OpenJDK 64-Bit Server VM (25.131-b11 mixed mode linux-amd64 compressed oops)
# Failed to write core dump. Core dumps have been disabled. To enable core dumping, try "ulimit -c unlimited" before starting Java again
#

---------------  T H R E A D  ---------------

Current thread (0x00007fc1d8082800):  VMThread [stack: 0x00007fc1b37f8000,0x00007fc1b38f9000] [id=13595]

Stack: [0x00007fc1b37f8000,0x00007fc1b38f9000],  sp=0x00007fc1b38f74a0,  free space=1021k
Native frames: (J=compiled Java code, j=interpreted, Vv=VM code, C=native code)
V  [libjvm.so+0xa6a1bb]
V  [libjvm.so+0x4c5a6c]
V  [libjvm.so+0x8b85a0]
V  [libjvm.so+0x8b2a1e]
V  [libjvm.so+0x92d556]
V  [libjvm.so+0x92e883]
V  [libjvm.so+0x92af33]
V  [libjvm.so+0x923d49]
V  [libjvm.so+0x449933]
V  [libjvm.so+0xa6b749]
V  [libjvm.so+0xa70f57]
V  [libjvm.so+0xa6e727]
V  [libjvm.so+0xa6fbaf]
V  [libjvm.so+0xa700a1]
V  [libjvm.so+0x8b5a82]

VM_Operation (0x00007fc1e0a307e0): CollectForMetadataAllocation, mode: safepoint, requested by thread 0x00007fc1d8015800


---------------  P R O C E S S  ---------------

Java Threads: ( => current thread )
  0x00007fc1d9f1f800 JavaThread "spring.cloud.inetutils" daemon [_thread_blocked, id=13645, stack(0x00007fc1b0628000,0x00007fc1b0729000)]
  0x00007fc1d9014800 JavaThread "Tomcat JDBC Pool Cleaner[1984697014:1510322478844]" daemon [_thread_blocked, id=13631, stack(0x00007fc1907fb000,0x00007fc1908fc000)]
  0x00007fc1d8b46800 JavaThread "container-0" [_thread_blocked, id=13630, stack(0x00007fc1908fc000,0x00007fc1909fd000)]
  0x00007fc1d9b90800 JavaThread "ContainerBackgroundProcessor[StandardEngine[Tomcat]]" daemon [_thread_blocked, id=13629, stack(0x00007fc1909fd000,0x00007fc190afe000)]
  0x00007fc1d8ba5000 JavaThread "RMI TCP Accept-0" daemon [_thread_in_native, id=13606, stack(0x00007fc1b1f71000,0x00007fc1b2072000)]
  0x00007fc1d8b9d000 JavaThread "RMI TCP Accept-37681" daemon [_thread_in_native, id=13605, stack(0x00007fc1b2072000,0x00007fc1b2173000)]
  0x00007fc1d8b82800 JavaThread "RMI TCP Accept-0" daemon [_thread_in_native, id=13604, stack(0x00007fc1b2173000,0x00007fc1b2274000)]
  0x00007fc1d80c5800 JavaThread "Service Thread" daemon [_thread_blocked, id=13602, stack(0x00007fc1b2e18000,0x00007fc1b2f19000)]
  0x00007fc1d80be000 JavaThread "C1 CompilerThread2" daemon [_thread_blocked, id=13601, stack(0x00007fc1b2f19000,0x00007fc1b301a000)]
  0x00007fc1d80bc800 JavaThread "C2 CompilerThread1" daemon [_thread_blocked, id=13600, stack(0x00007fc1b301a000,0x00007fc1b311b000)]
  0x00007fc1d80b9800 JavaThread "C2 CompilerThread0" daemon [_thread_blocked, id=13599, stack(0x00007fc1b311b000,0x00007fc1b321c000)]
  0x00007fc1d80b7800 JavaThread "Signal Dispatcher" daemon [_thread_blocked, id=13598, stack(0x00007fc1b321c000,0x00007fc1b331d000)]
  0x00007fc1d808f000 JavaThread "Finalizer" daemon [_thread_blocked, id=13597, stack(0x00007fc1b35f6000,0x00007fc1b36f7000)]
  0x00007fc1d808a800 JavaThread "Reference Handler" daemon [_thread_blocked, id=13596, stack(0x00007fc1b36f7000,0x00007fc1b37f8000)]
  0x00007fc1d8015800 JavaThread "main" [_thread_blocked, id=13590, stack(0x00007fc1e0939000,0x00007fc1e0a3a000)]

Other Threads:
=>0x00007fc1d8082800 VMThread [stack: 0x00007fc1b37f8000,0x00007fc1b38f9000] [id=13595]
  0x00007fc1d8baa000 WatcherThread [stack: 0x00007fc1b1e70000,0x00007fc1b1f71000] [id=13607]

VM state:at safepoint (normal execution)

VM Mutex/Monitor currently owned by a thread:  ([mutex/lock_event])
[0x00007fc1d8011940] Threads_lock - owner thread: 0x00007fc1d8082800
[0x00007fc1d8011e40] Heap_lock - owner thread: 0x00007fc1d8015800

Heap:
 PSYoungGen      total 502784K, used 16496K [0x00000000d6e00000, 0x00000000f6b00000, 0x0000000100000000)
  eden space 484352K, 0% used [0x00000000d6e00000,0x00000000d6e00000,0x00000000f4700000)
  from space 18432K, 89% used [0x00000000f4700000,0x00000000f571c0a8,0x00000000f5900000)
  to   space 16384K, 0% used [0x00000000f5b00000,0x00000000f5b00000,0x00000000f6b00000)
 ParOldGen       total 90624K, used 42074K [0x0000000084a00000, 0x000000008a280000, 0x00000000d6e00000)
  object space 90624K, 46% used [0x0000000084a00000,0x0000000087316b18,0x000000008a280000)
 Metaspace       used 58159K, capacity 58746K, committed 59160K, reserved 1099776K
  class space    used 7783K, capacity 7955K, committed 8064K, reserved 1048576K

Card table byte_map: [0x00007fc1dcc1b000,0x00007fc1dcff7000] byte_map_base: 0x00007fc1dc7f6000

Marking Bits: (ParMarkBitMap*) 0x00007fc1dfc0c2c0
 Begin Bits: [0x00007fc1b8250000, 0x00007fc1ba128000)
 End Bits:   [0x00007fc1ba128000, 0x00007fc1bc000000)

Polling page: 0x00007fc1e0a5f000

CodeCache: size=245760Kb used=10993Kb max_used=10993Kb free=234766Kb
 bounds [0x00007fc1c9000000, 0x00007fc1c9ac0000, 0x00007fc1d8000000]
 total_blobs=5887 nmethods=5352 adapters=448
 compilation: enabled

Compilation events (10 events):
Event: 29,616 Thread 0x00007fc1d80be000 5436       1       java.util.regex.Pattern$SliceI::match (96 bytes)
Event: 29,617 Thread 0x00007fc1d80be000 nmethod 5436 0x00007fc1c9abcbd0 code [0x00007fc1c9abcd60, 0x00007fc1c9abcfd8]
Event: 29,617 Thread 0x00007fc1d80be000 5437       1       java.util.regex.Pattern$Ques::match (192 bytes)
Event: 29,617 Thread 0x00007fc1d80be000 nmethod 5437 0x00007fc1c9abd110 code [0x00007fc1c9abd300, 0x00007fc1c9abd798]
Event: 29,659 Thread 0x00007fc1d80be000 5438       1       java.lang.reflect.Field::get (51 bytes)
Event: 29,659 Thread 0x00007fc1d80be000 nmethod 5438 0x00007fc1c9abd9d0 code [0x00007fc1c9abdb60, 0x00007fc1c9abdda8]
Event: 29,660 Thread 0x00007fc1d80be000 5439       1       sun.reflect.UnsafeQualifiedStaticIntegerFieldAccessorImpl::get (13 bytes)
Event: 29,660 Thread 0x00007fc1d80be000 nmethod 5439 0x00007fc1c9abded0 code [0x00007fc1c9abe020, 0x00007fc1c9abe190]
Event: 29,660 Thread 0x00007fc1d80be000 5440       1       sun.reflect.UnsafeQualifiedStaticIntegerFieldAccessorImpl::getInt (15 bytes)
Event: 29,660 Thread 0x00007fc1d80be000 nmethod 5440 0x00007fc1c9abe210 code [0x00007fc1c9abe360, 0x00007fc1c9abe470]

GC Heap History (10 events):
Event: 10,051 GC heap after
Heap after GC invocations=12 (full 1):
 PSYoungGen      total 296448K, used 7717K [0x00000000d6e00000, 0x00000000efd80000, 0x0000000100000000)
  eden space 283648K, 0% used [0x00000000d6e00000,0x00000000d6e00000,0x00000000e8300000)
  from space 12800K, 60% used [0x00000000e8300000,0x00000000e8a89658,0x00000000e8f80000)
  to   space 12288K, 0% used [0x00000000ef180000,0x00000000ef180000,0x00000000efd80000)
 ParOldGen       total 56832K, used 21084K [0x0000000084a00000, 0x0000000088180000, 0x00000000d6e00000)
  object space 56832K, 37% used [0x0000000084a00000,0x0000000085e97170,0x0000000088180000)
 Metaspace       used 34742K, capacity 35168K, committed 35496K, reserved 1081344K
  class space    used 4388K, capacity 4508K, committed 4608K, reserved 1048576K
}
Event: 10,051 GC heap before
{Heap before GC invocations=13 (full 2):
 PSYoungGen      total 296448K, used 7717K [0x00000000d6e00000, 0x00000000efd80000, 0x0000000100000000)
  eden space 283648K, 0% used [0x00000000d6e00000,0x00000000d6e00000,0x00000000e8300000)
  from space 12800K, 60% used [0x00000000e8300000,0x00000000e8a89658,0x00000000e8f80000)
  to   space 12288K, 0% used [0x00000000ef180000,0x00000000ef180000,0x00000000efd80000)
 ParOldGen       total 56832K, used 21084K [0x0000000084a00000, 0x0000000088180000, 0x00000000d6e00000)
  object space 56832K, 37% used [0x0000000084a00000,0x0000000085e97170,0x0000000088180000)
 Metaspace       used 34742K, capacity 35168K, committed 35496K, reserved 1081344K
  class space    used 4388K, capacity 4508K, committed 4608K, reserved 1048576K
Event: 10,157 GC heap after
Heap after GC invocations=13 (full 2):
 PSYoungGen      total 296448K, used 0K [0x00000000d6e00000, 0x00000000efd80000, 0x0000000100000000)
  eden space 283648K, 0% used [0x00000000d6e00000,0x00000000d6e00000,0x00000000e8300000)
  from space 12800K, 0% used [0x00000000e8300000,0x00000000e8300000,0x00000000e8f80000)
  to   space 12288K, 0% used [0x00000000ef180000,0x00000000ef180000,0x00000000efd80000)
 ParOldGen       total 90624K, used 26598K [0x0000000084a00000, 0x000000008a280000, 0x00000000d6e00000)
  object space 90624K, 29% used [0x0000000084a00000,0x00000000863f98f8,0x000000008a280000)
 Metaspace       used 34742K, capacity 35168K, committed 35496K, reserved 1081344K
  class space    used 4388K, capacity 4508K, committed 4608K, reserved 1048576K
}
Event: 12,070 GC heap before
{Heap before GC invocations=14 (full 2):
 PSYoungGen      total 296448K, used 283648K [0x00000000d6e00000, 0x00000000efd80000, 0x0000000100000000)
  eden space 283648K, 100% used [0x00000000d6e00000,0x00000000e8300000,0x00000000e8300000)
  from space 12800K, 0% used [0x00000000e8300000,0x00000000e8300000,0x00000000e8f80000)
  to   space 12288K, 0% used [0x00000000ef180000,0x00000000ef180000,0x00000000efd80000)
 ParOldGen       total 90624K, used 26598K [0x0000000084a00000, 0x000000008a280000, 0x00000000d6e00000)
  object space 90624K, 29% used [0x0000000084a00000,0x00000000863f98f8,0x000000008a280000)
 Metaspace       used 37299K, capacity 37748K, committed 38144K, reserved 1083392K
  class space    used 4690K, capacity 4832K, committed 4864K, reserved 1048576K
Event: 12,080 GC heap after
Heap after GC invocations=14 (full 2):
 PSYoungGen      total 385536K, used 9926K [0x00000000d6e00000, 0x00000000efb80000, 0x0000000100000000)
  eden space 375296K, 0% used [0x00000000d6e00000,0x00000000d6e00000,0x00000000edc80000)
  from space 10240K, 96% used [0x00000000ef180000,0x00000000efb31850,0x00000000efb80000)
  to   space 13312K, 0% used [0x00000000ee180000,0x00000000ee180000,0x00000000eee80000)
 ParOldGen       total 90624K, used 26606K [0x0000000084a00000, 0x000000008a280000, 0x00000000d6e00000)
  object space 90624K, 29% used [0x0000000084a00000,0x00000000863fb8f8,0x000000008a280000)
 Metaspace       used 37299K, capacity 37748K, committed 38144K, reserved 1083392K
  class space    used 4690K, capacity 4832K, committed 4864K, reserved 1048576K
}
Event: 19,011 GC heap before
{Heap before GC invocations=15 (full 2):
 PSYoungGen      total 385536K, used 385222K [0x00000000d6e00000, 0x00000000efb80000, 0x0000000100000000)
  eden space 375296K, 100% used [0x00000000d6e00000,0x00000000edc80000,0x00000000edc80000)
  from space 10240K, 96% used [0x00000000ef180000,0x00000000efb31850,0x00000000efb80000)
  to   space 13312K, 0% used [0x00000000ee180000,0x00000000ee180000,0x00000000eee80000)
 ParOldGen       total 90624K, used 26606K [0x0000000084a00000, 0x000000008a280000, 0x00000000d6e00000)
  object space 90624K, 29% used [0x0000000084a00000,0x00000000863fb8f8,0x000000008a280000)
 Metaspace       used 47694K, capacity 48178K, committed 48768K, reserved 1091584K
  class space    used 6066K, capacity 6193K, committed 6272K, reserved 1048576K
Event: 19,054 GC heap after
Heap after GC invocations=15 (full 2):
 PSYoungGen      total 393728K, used 13297K [0x00000000d6e00000, 0x00000000f6c80000, 0x0000000100000000)
  eden space 380416K, 0% used [0x00000000d6e00000,0x00000000d6e00000,0x00000000ee180000)
  from space 13312K, 99% used [0x00000000ee180000,0x00000000eee7c530,0x00000000eee80000)
  to   space 17920K, 0% used [0x00000000f5b00000,0x00000000f5b00000,0x00000000f6c80000)
 ParOldGen       total 90624K, used 35493K [0x0000000084a00000, 0x000000008a280000, 0x00000000d6e00000)
  object space 90624K, 39% used [0x0000000084a00000,0x0000000086ca9758,0x000000008a280000)
 Metaspace       used 47694K, capacity 48178K, committed 48768K, reserved 1091584K
  class space    used 6066K, capacity 6193K, committed 6272K, reserved 1048576K
}
Event: 26,369 GC heap before
{Heap before GC invocations=16 (full 2):
 PSYoungGen      total 393728K, used 393713K [0x00000000d6e00000, 0x00000000f6c80000, 0x0000000100000000)
  eden space 380416K, 100% used [0x00000000d6e00000,0x00000000ee180000,0x00000000ee180000)
  from space 13312K, 99% used [0x00000000ee180000,0x00000000eee7c530,0x00000000eee80000)
  to   space 17920K, 0% used [0x00000000f5b00000,0x00000000f5b00000,0x00000000f6c80000)
 ParOldGen       total 90624K, used 35493K [0x0000000084a00000, 0x000000008a280000, 0x00000000d6e00000)
  object space 90624K, 39% used [0x0000000084a00000,0x0000000086ca9758,0x000000008a280000)
 Metaspace       used 55393K, capacity 56006K, committed 56576K, reserved 1097728K
  class space    used 7449K, capacity 7599K, committed 7680K, reserved 1048576K
Event: 26,491 GC heap after
Heap after GC invocations=16 (full 2):
 PSYoungGen      total 500736K, used 12865K [0x00000000d6e00000, 0x00000000f6b00000, 0x0000000100000000)
  eden space 484352K, 0% used [0x00000000d6e00000,0x00000000d6e00000,0x00000000f4700000)
  from space 16384K, 78% used [0x00000000f5b00000,0x00000000f6790748,0x00000000f6b00000)
  to   space 18432K, 0% used [0x00000000f4700000,0x00000000f4700000,0x00000000f5900000)
 ParOldGen       total 90624K, used 42066K [0x0000000084a00000, 0x000000008a280000, 0x00000000d6e00000)
  object space 90624K, 46% used [0x0000000084a00000,0x0000000087314b18,0x000000008a280000)
 Metaspace       used 55393K, capacity 56006K, committed 56576K, reserved 1097728K
  class space    used 7449K, capacity 7599K, committed 7680K, reserved 1048576K
}
Event: 29,701 GC heap before
{Heap before GC invocations=17 (full 2):
 PSYoungGen      total 500736K, used 389857K [0x00000000d6e00000, 0x00000000f6b00000, 0x0000000100000000)
  eden space 484352K, 77% used [0x00000000d6e00000,0x00000000ede27fd8,0x00000000f4700000)
  from space 16384K, 78% used [0x00000000f5b00000,0x00000000f6790748,0x00000000f6b00000)
  to   space 18432K, 0% used [0x00000000f4700000,0x00000000f4700000,0x00000000f5900000)
 ParOldGen       total 90624K, used 42066K [0x0000000084a00000, 0x000000008a280000, 0x00000000d6e00000)
  object space 90624K, 46% used [0x0000000084a00000,0x0000000087314b18,0x000000008a280000)
 Metaspace       used 58159K, capacity 58746K, committed 59160K, reserved 1099776K
  class space    used 7783K, capacity 7955K, committed 8064K, reserved 1048576K

Deoptimization events (0 events):
No events

Internal exceptions (10 events):
Event: 29,147 Thread 0x00007fc1d8015800 Exception <a 'java/lang/ArrayIndexOutOfBoundsException'> (0x00000000ebb12108) thrown at [/build/openjdk-8-pZyJp3/openjdk-8-8u131-b11/src/hotspot/src/share/vm/runtime/sharedRuntime.cpp, line 605]
Event: 29,147 Thread 0x00007fc1d8015800 Exception <a 'java/lang/ArrayIndexOutOfBoundsException'> (0x00000000ebb13f28) thrown at [/build/openjdk-8-pZyJp3/openjdk-8-8u131-b11/src/hotspot/src/share/vm/runtime/sharedRuntime.cpp, line 605]
Event: 29,147 Thread 0x00007fc1d8015800 Exception <a 'java/lang/ArrayIndexOutOfBoundsException'> (0x00000000ebb1c7c8) thrown at [/build/openjdk-8-pZyJp3/openjdk-8-8u131-b11/src/hotspot/src/share/vm/runtime/sharedRuntime.cpp, line 605]
Event: 29,147 Thread 0x00007fc1d8015800 Exception <a 'java/lang/ArrayIndexOutOfBoundsException'> (0x00000000ebb1ecd0) thrown at [/build/openjdk-8-pZyJp3/openjdk-8-8u131-b11/src/hotspot/src/share/vm/runtime/sharedRuntime.cpp, line 605]
Event: 29,147 Thread 0x00007fc1d8015800 Exception <a 'java/lang/ArrayIndexOutOfBoundsException'> (0x00000000ebb20b10) thrown at [/build/openjdk-8-pZyJp3/openjdk-8-8u131-b11/src/hotspot/src/share/vm/runtime/sharedRuntime.cpp, line 605]
Event: 29,147 Thread 0x00007fc1d8015800 Exception <a 'java/lang/ArrayIndexOutOfBoundsException'> (0x00000000ebb22950) thrown at [/build/openjdk-8-pZyJp3/openjdk-8-8u131-b11/src/hotspot/src/share/vm/runtime/sharedRuntime.cpp, line 605]
Event: 29,148 Thread 0x00007fc1d8015800 Exception <a 'java/lang/ArrayIndexOutOfBoundsException'> (0x00000000ebb2dcd0) thrown at [/build/openjdk-8-pZyJp3/openjdk-8-8u131-b11/src/hotspot/src/share/vm/runtime/sharedRuntime.cpp, line 605]
Event: 29,165 Thread 0x00007fc1d8015800 Exception <a 'java/lang/ArrayIndexOutOfBoundsException'> (0x00000000ebbb71b0) thrown at [/build/openjdk-8-pZyJp3/openjdk-8-8u131-b11/src/hotspot/src/share/vm/runtime/sharedRuntime.cpp, line 605]
Event: 29,165 Thread 0x00007fc1d8015800 Exception <a 'java/lang/ArrayIndexOutOfBoundsException'> (0x00000000ebbbcba8) thrown at [/build/openjdk-8-pZyJp3/openjdk-8-8u131-b11/src/hotspot/src/share/vm/runtime/sharedRuntime.cpp, line 605]
Event: 29,165 Thread 0x00007fc1d8015800 Exception <a 'java/lang/ArrayIndexOutOfBoundsException'> (0x00000000ebbec250) thrown at [/build/openjdk-8-pZyJp3/openjdk-8-8u131-b11/src/hotspot/src/share/vm/runtime/sharedRuntime.cpp, line 605]

Events (10 events):
Event: 29,660 loading class org/hibernate/hql/internal/ast/HqlParser done
Event: 29,661 loading class org/hibernate/hql/internal/antlr/HqlBaseParser
Event: 29,661 loading class org/hibernate/hql/internal/antlr/HqlBaseParser done
Event: 29,663 loading class antlr/LLkParser
Event: 29,663 loading class antlr/LLkParser done
Event: 29,685 loading class antlr/Parser
Event: 29,685 loading class antlr/Parser done
Event: 29,686 loading class antlr/collections/impl/BitSet
Event: 29,686 loading class antlr/collections/impl/BitSet done
Event: 29,701 Executing VM operation: CollectForMetadataAllocation


Dynamic libraries:
00400000-00401000 r-xp 00000000 08:07 5642752                            /usr/lib/jvm/java-8-openjdk-amd64/jre/bin/java
00600000-00601000 r--p 00000000 08:07 5642752                            /usr/lib/jvm/java-8-openjdk-amd64/jre/bin/java
00601000-00602000 rw-p 00001000 08:07 5642752                            /usr/lib/jvm/java-8-openjdk-amd64/jre/bin/java
006f7000-00718000 rw-p 00000000 00:00 0                                  [heap]
84a00000-8a280000 rw-p 00000000 00:00 0 
8a280000-d6e00000 ---p 00000000 00:00 0 
d6e00000-f6b00000 rw-p 00000000 00:00 0 
ff500000-100000000 ---p 00000000 00:00 0 
100000000-1007e0000 rw-p 00000000 00:00 0 
1007e0000-140000000 ---p 00000000 00:00 0 
7fc160000000-7fc160021000 rw-p 00000000 00:00 0 
7fc160021000-7fc164000000 ---p 00000000 00:00 0 
7fc167600000-7fc1677e6000 rw-p 00000000 00:00 0 
7fc1677e6000-7fc167800000 ---p 00000000 00:00 0 
7fc167800000-7fc167a00000 rw-p 00000000 00:00 0 
7fc167a00000-7fc167c00000 rw-p 00000000 00:00 0 
7fc167c00000-7fc167e00000 rw-p 00000000 00:00 0 
7fc167e00000-7fc168000000 rw-p 00000000 00:00 0 
7fc168000000-7fc168021000 rw-p 00000000 00:00 0 
7fc168021000-7fc16c000000 ---p 00000000 00:00 0 
7fc16c000000-7fc16c021000 rw-p 00000000 00:00 0 
7fc16c021000-7fc170000000 ---p 00000000 00:00 0 
7fc170000000-7fc17005d000 rw-p 00000000 00:00 0 
7fc17005d000-7fc174000000 ---p 00000000 00:00 0 
7fc174000000-7fc1740c5000 rw-p 00000000 00:00 0 
7fc1740c5000-7fc178000000 ---p 00000000 00:00 0 
7fc178000000-7fc178021000 rw-p 00000000 00:00 0 
7fc178021000-7fc17c000000 ---p 00000000 00:00 0 
7fc17c000000-7fc17c1d7000 rw-p 00000000 00:00 0 
7fc17c1d7000-7fc180000000 ---p 00000000 00:00 0 
7fc180000000-7fc180021000 rw-p 00000000 00:00 0 
7fc180021000-7fc184000000 ---p 00000000 00:00 0 
7fc184000000-7fc184021000 rw-p 00000000 00:00 0 
7fc184021000-7fc188000000 ---p 00000000 00:00 0 
7fc188000000-7fc188021000 rw-p 00000000 00:00 0 
7fc188021000-7fc18c000000 ---p 00000000 00:00 0 
7fc18c000000-7fc18c021000 rw-p 00000000 00:00 0 
7fc18c021000-7fc190000000 ---p 00000000 00:00 0 
7fc1901fb000-7fc1903fb000 rw-p 00000000 00:00 0 
7fc1903fb000-7fc1905fb000 rw-p 00000000 00:00 0 
7fc1905fb000-7fc1907fb000 rw-p 00000000 00:00 0 
7fc1907fb000-7fc1907fe000 ---p 00000000 00:00 0 
7fc1907fe000-7fc1908fc000 rw-p 00000000 00:00 0 
7fc1908fc000-7fc1908ff000 ---p 00000000 00:00 0 
7fc1908ff000-7fc1909fd000 rw-p 00000000 00:00 0 
7fc1909fd000-7fc190a00000 ---p 00000000 00:00 0 
7fc190a00000-7fc190cfe000 rw-p 00000000 00:00 0 
7fc190cfe000-7fc190d01000 ---p 00000000 00:00 0 
7fc190d01000-7fc190fff000 rw-p 00000000 00:00 0 
7fc190fff000-7fc194000000 rw-p 00000000 00:00 0 
7fc194000000-7fc194021000 rw-p 00000000 00:00 0 
7fc194021000-7fc198000000 ---p 00000000 00:00 0 
7fc198000000-7fc198802000 rw-p 00000000 00:00 0 
7fc198802000-7fc19c000000 ---p 00000000 00:00 0 
7fc19c000000-7fc19c021000 rw-p 00000000 00:00 0 
7fc19c021000-7fc1a0000000 ---p 00000000 00:00 0 
7fc1a0000000-7fc1a0056000 rw-p 00000000 00:00 0 
7fc1a0056000-7fc1a4000000 ---p 00000000 00:00 0 
7fc1a4000000-7fc1a4021000 rw-p 00000000 00:00 0 
7fc1a4021000-7fc1a8000000 ---p 00000000 00:00 0 
7fc1a8000000-7fc1a8021000 rw-p 00000000 00:00 0 
7fc1a8021000-7fc1ac000000 ---p 00000000 00:00 0 
7fc1ac000000-7fc1ac021000 rw-p 00000000 00:00 0 
7fc1ac021000-7fc1b0000000 ---p 00000000 00:00 0 
7fc1b0028000-7fc1b0228000 rw-p 00000000 00:00 0 
7fc1b0228000-7fc1b0428000 rw-p 00000000 00:00 0 
7fc1b0428000-7fc1b0628000 rw-p 00000000 00:00 0 
7fc1b0628000-7fc1b062b000 ---p 00000000 00:00 0 
7fc1b062b000-7fc1b0929000 rw-p 00000000 00:00 0 
7fc1b0929000-7fc1b0b29000 rw-p 00000000 00:00 0 
7fc1b0b29000-7fc1b0d29000 rw-p 00000000 00:00 0 
7fc1b0d29000-7fc1b0f29000 rw-p 00000000 00:00 0 
7fc1b0f29000-7fc1b1129000 rw-p 00000000 00:00 0 
7fc1b1129000-7fc1b1329000 rw-p 00000000 00:00 0 
7fc1b1329000-7fc1b1529000 rw-p 00000000 00:00 0 
7fc1b1529000-7fc1b1540000 r-xp 00000000 08:07 2366108                    /lib/x86_64-linux-gnu/libresolv-2.23.so
7fc1b1540000-7fc1b1740000 ---p 00017000 08:07 2366108                    /lib/x86_64-linux-gnu/libresolv-2.23.so
7fc1b1740000-7fc1b1741000 r--p 00017000 08:07 2366108                    /lib/x86_64-linux-gnu/libresolv-2.23.so
7fc1b1741000-7fc1b1742000 rw-p 00018000 08:07 2366108                    /lib/x86_64-linux-gnu/libresolv-2.23.so
7fc1b1742000-7fc1b1744000 rw-p 00000000 00:00 0 
7fc1b1744000-7fc1b1749000 r-xp 00000000 08:07 2366095                    /lib/x86_64-linux-gnu/libnss_dns-2.23.so
7fc1b1749000-7fc1b1949000 ---p 00005000 08:07 2366095                    /lib/x86_64-linux-gnu/libnss_dns-2.23.so
7fc1b1949000-7fc1b194a000 r--p 00005000 08:07 2366095                    /lib/x86_64-linux-gnu/libnss_dns-2.23.so
7fc1b194a000-7fc1b194b000 rw-p 00006000 08:07 2366095                    /lib/x86_64-linux-gnu/libnss_dns-2.23.so
7fc1b194b000-7fc1b194d000 r-xp 00000000 08:07 2364021                    /lib/x86_64-linux-gnu/libnss_mdns4_minimal.so.2
7fc1b194d000-7fc1b1b4c000 ---p 00002000 08:07 2364021                    /lib/x86_64-linux-gnu/libnss_mdns4_minimal.so.2
7fc1b1b4c000-7fc1b1b4d000 r--p 00001000 08:07 2364021                    /lib/x86_64-linux-gnu/libnss_mdns4_minimal.so.2
7fc1b1b4d000-7fc1b1b4e000 rw-p 00002000 08:07 2364021                    /lib/x86_64-linux-gnu/libnss_mdns4_minimal.so.2
7fc1b1b54000-7fc1b1b57000 r--s 00015000 08:07 5514352                    /usr/lib/jvm/java-8-openjdk-amd64/jre/lib/jce.jar
7fc1b1b57000-7fc1b1b5c000 r--s 002f9000 08:07 5514330                    /usr/lib/jvm/java-8-openjdk-amd64/jre/lib/charsets.jar
7fc1b1b5c000-7fc1b1b6f000 r--s 00346000 08:07 5514326                    /usr/lib/jvm/java-8-openjdk-amd64/jre/lib/resources.jar
7fc1b1b6f000-7fc1b1b72000 ---p 00000000 00:00 0 
7fc1b1b72000-7fc1b1e70000 rw-p 00000000 00:00 0 
7fc1b1e70000-7fc1b1e71000 ---p 00000000 00:00 0 
7fc1b1e71000-7fc1b1f71000 rw-p 00000000 00:00 0 
7fc1b1f71000-7fc1b1f74000 ---p 00000000 00:00 0 
7fc1b1f74000-7fc1b2072000 rw-p 00000000 00:00 0 
7fc1b2072000-7fc1b2075000 ---p 00000000 00:00 0 
7fc1b2075000-7fc1b2173000 rw-p 00000000 00:00 0 
7fc1b2173000-7fc1b2176000 ---p 00000000 00:00 0 
7fc1b2176000-7fc1b2274000 rw-p 00000000 00:00 0 
7fc1b2274000-7fc1b2279000 r--s 0009a000 08:07 5514286                    /usr/lib/jvm/java-8-openjdk-amd64/jre/lib/jsse.jar
7fc1b2279000-7fc1b228f000 r--s 0014a000 08:07 1582702                    /home/fran/.m2/repository/org/projectlombok/lombok/1.16.16/lombok-1.16.16.jar
7fc1b228f000-7fc1b2291000 r--s 00009000 08:07 2237551                    /home/fran/.m2/repository/org/hamcrest/hamcrest-core/1.3/hamcrest-core-1.3.jar
7fc1b2291000-7fc1b22a2000 r--s 000c8000 08:07 2365274                    /home/fran/.m2/repository/org/directwebremoting/dwr/3.0.2-RELEASE/dwr-3.0.2-RELEASE.jar
7fc1b22a2000-7fc1b22a4000 r--s 0000f000 08:07 2365853                    /home/fran/.m2/repository/commons-fileupload/commons-fileupload/1.3.1/commons-fileupload-1.3.1.jar
7fc1b22a4000-7fc1b22a7000 r--s 00025000 08:07 2237533                    /home/fran/.m2/repository/commons-io/commons-io/2.1/commons-io-2.1.jar
7fc1b22a7000-7fc1b22af000 r--s 00040000 08:07 2365851                    /home/fran/.m2/repository/org/flywaydb/flyway-core/3.2.1/flyway-core-3.2.1.jar
7fc1b22af000-7fc1b22b2000 r--s 0001f000 08:07 2365849                    /home/fran/.m2/repository/com/zaxxer/HikariCP/2.5.1/HikariCP-2.5.1.jar
7fc1b22b2000-7fc1b22b4000 r--s 00009000 08:07 2237543                    /home/fran/.m2/repository/org/slf4j/slf4j-api/1.7.25/slf4j-api-1.7.25.jar
7fc1b22b4000-7fc1b22b6000 r--s 00008000 08:07 2365847                    /home/fran/.m2/repository/org/thymeleaf/extras/thymeleaf-extras-springsecurity4/3.0.1.RELEASE/thymeleaf-extras-springsecurity4-3.0.1.RELEASE.jar
7fc1b22b6000-7fc1b22b8000 r--s 00005000 08:07 2365845                    /home/fran/.m2/repository/xpp3/xpp3_min/1.1.4c/xpp3_min-1.1.4c.jar
7fc1b22b8000-7fc1b22b9000 r--s 00001000 08:07 2365843                    /home/fran/.m2/repository/xmlpull/xmlpull/1.1.3.1/xmlpull-1.1.3.1.jar
7fc1b22b9000-7fc1b22c7000 r--s 00079000 08:07 2365841                    /home/fran/.m2/repository/com/thoughtworks/xstream/xstream/1.4.9/xstream-1.4.9.jar
7fc1b22c7000-7fc1b22c9000 r--s 00003000 08:07 2365839                    /home/fran/.m2/repository/com/netflix/ribbon/ribbon-eureka/2.2.2/ribbon-eureka-2.2.2.jar
7fc1b22c9000-7fc1b22e1000 r--s 000fd000 08:07 2365244                    /home/fran/.m2/repository/io/reactivex/rxjava/1.1.10/rxjava-1.1.10.jar
7fc1b22e1000-7fc1b22e3000 r--s 00002000 08:07 2365242                    /home/fran/.m2/repository/com/netflix/netflix-commons/netflix-statistics/0.1.1/netflix-statistics-0.1.1.jar
7fc1b22e3000-7fc1b22e7000 r--s 00024000 08:07 2365240                    /home/fran/.m2/repository/com/netflix/ribbon/ribbon-loadbalancer/2.2.2/ribbon-loadbalancer-2.2.2.jar
7fc1b22e7000-7fc1b22e8000 r--s 00001000 08:07 2365238                    /home/fran/.m2/repository/com/netflix/netflix-commons/netflix-commons-util/0.1.1/netflix-commons-util-0.1.1.jar
7fc1b22e8000-7fc1b22f5000 r--s 00083000 08:07 2365218                    /home/fran/.m2/repository/commons-collections/commons-collections/3.2.2/commons-collections-3.2.2.jar
7fc1b22f5000-7fc1b22f7000 r--s 0000c000 08:07 2365216                    /home/fran/.m2/repository/com/netflix/ribbon/ribbon-httpclient/2.2.2/ribbon-httpclient-2.2.2.jar
7fc1b22f7000-7fc1b22fb000 r--s 00011000 08:07 2365212                    /home/fran/.m2/repository/com/netflix/ribbon/ribbon-core/2.2.2/ribbon-core-2.2.2.jar
7fc1b22fb000-7fc1b2302000 r--s 00047000 08:07 2365210                    /home/fran/.m2/repository/io/netty/netty-transport/4.0.27.Final/netty-transport-4.0.27.Final.jar
7fc1b2302000-7fc1b2304000 r--s 00027000 08:07 2365208                    /home/fran/.m2/repository/io/netty/netty-buffer/4.0.27.Final/netty-buffer-4.0.27.Final.jar
7fc1b2304000-7fc1b230b000 r--s 00060000 08:07 2365206                    /home/fran/.m2/repository/io/netty/netty-common/4.0.27.Final/netty-common-4.0.27.Final.jar
7fc1b230b000-7fc1b230d000 r--s 00016000 08:07 2365204                    /home/fran/.m2/repository/io/netty/netty-transport-native-epoll/4.0.27.Final/netty-transport-native-epoll-4.0.27.Final.jar
7fc1b230d000-7fc1b2312000 r--s 00036000 08:07 2365202                    /home/fran/.m2/repository/io/netty/netty-handler/4.0.27.Final/netty-handler-4.0.27.Final.jar
7fc1b2312000-7fc1b2316000 r--s 00020000 08:07 2365200                    /home/fran/.m2/repository/io/netty/netty-codec/4.0.27.Final/netty-codec-4.0.27.Final.jar
7fc1b2316000-7fc1b231e000 r--s 00061000 08:07 2365198                    /home/fran/.m2/repository/io/netty/netty-codec-http/4.0.27.Final/netty-codec-http-4.0.27.Final.jar
7fc1b231e000-7fc1b2328000 r--s 00059000 08:07 2365196                    /home/fran/.m2/repository/io/reactivex/rxnetty/0.4.9/rxnetty-0.4.9.jar
7fc1b2328000-7fc1b232a000 r--s 00006000 08:07 2365192                    /home/fran/.m2/repository/io/reactivex/rxnetty-servo/0.4.9/rxnetty-servo-0.4.9.jar
7fc1b232a000-7fc1b232d000 r--s 0000b000 08:07 2365190                    /home/fran/.m2/repository/io/reactivex/rxnetty-contexts/0.4.9/rxnetty-contexts-0.4.9.jar
7fc1b232d000-7fc1b232e000 r--s 00009000 08:07 2365188                    /home/fran/.m2/repository/com/netflix/ribbon/ribbon-transport/2.2.2/ribbon-transport-2.2.2.jar
7fc1b232e000-7fc1b2332000 r--s 00012000 08:07 2365186                    /home/fran/.m2/repository/com/netflix/ribbon/ribbon/2.2.2/ribbon-2.2.2.jar
7fc1b2332000-7fc1b2333000 r--s 00000000 08:07 2365113                    /home/fran/.m2/repository/org/springframework/cloud/spring-cloud-starter-ribbon/1.3.1.RELEASE/spring-cloud-starter-ribbon-1.3.1.RELEASE.jar
7fc1b2333000-7fc1b235e000 r--s 001fc000 08:07 2237531                    /home/fran/.m2/repository/com/google/guava/guava/18.0/guava-18.0.jar
7fc1b235e000-7fc1b2363000 r--s 00041000 08:07 2365214                    /home/fran/.m2/repository/commons-lang/commons-lang/2.6/commons-lang-2.6.jar
7fc1b2363000-7fc1b236a000 r--s 00050000 08:07 2365246                    /home/fran/.m2/repository/commons-configuration/commons-configuration/1.8/commons-configuration-1.8.jar
7fc1b236a000-7fc1b236b000 r--s 00000000 08:07 2365115                    /home/fran/.m2/repository/org/springframework/cloud/spring-cloud-starter-archaius/1.3.1.RELEASE/spring-cloud-starter-archaius-1.3.1.RELEASE.jar
7fc1b236b000-7fc1b236f000 r--s 00024000 08:07 2105018                    /home/fran/.m2/repository/org/codehaus/woodstox/stax2-api/3.1.4/stax2-api-3.1.4.jar
7fc1b236f000-7fc1b2371000 r--s 00004000 08:07 2365837                    /home/fran/.m2/repository/javax/xml/stream/stax-api/1.0-2/stax-api-1.0-2.jar
7fc1b2371000-7fc1b2377000 r--s 00071000 08:07 2105016                    /home/fran/.m2/repository/org/codehaus/woodstox/woodstox-core-asl/4.4.1/woodstox-core-asl-4.4.1.jar
7fc1b2377000-7fc1b237c000 r--s 00039000 08:07 2365835                    /home/fran/.m2/repository/com/netflix/eureka/eureka-core/1.6.2/eureka-core-1.6.2.jar
7fc1b237c000-7fc1b237d000 r--s 00000000 08:07 2365194                    /home/fran/.m2/repository/javax/inject/javax.inject/1/javax.inject-1.jar
7fc1b237d000-7fc1b238b000 r--s 00097000 08:07 2365833                    /home/fran/.m2/repository/com/google/inject/guice/4.1.0/guice-4.1.0.jar
7fc1b238b000-7fc1b2393000 r--s 00048000 08:07 2365222                    /home/fran/.m2/repository/org/apache/httpcomponents/httpcore/4.4.6/httpcore-4.4.6.jar
7fc1b2393000-7fc1b23a0000 r--s 000aa000 08:07 2365220                    /home/fran/.m2/repository/org/apache/httpcomponents/httpclient/4.5.3/httpclient-4.5.3.jar
7fc1b23a0000-7fc1b23a2000 r--s 00003000 08:07 2365232                    /home/fran/.m2/repository/com/sun/jersey/contribs/jersey-apache-client4/1.19.1/jersey-apache-client4-1.19.1.jar
7fc1b23a2000-7fc1b23a5000 r--s 0001e000 08:07 2365226                    /home/fran/.m2/repository/com/sun/jersey/jersey-client/1.19.1/jersey-client-1.19.1.jar
7fc1b23a5000-7fc1b23af000 r--s 00061000 08:07 2365228                    /home/fran/.m2/repository/com/sun/jersey/jersey-core/1.19.1/jersey-core-1.19.1.jar
7fc1b23af000-7fc1b23b3000 r--s 00027000 08:07 2365236                    /home/fran/.m2/repository/com/netflix/servo/servo-internal/0.10.1/servo-internal-0.10.1.jar
7fc1b23b3000-7fc1b23b8000 r--s 00032000 08:07 2365234                    /home/fran/.m2/repository/com/netflix/servo/servo-core/0.10.1/servo-core-0.10.1.jar
7fc1b23b8000-7fc1b23bc000 r--s 0001e000 08:07 2365178                    /home/fran/.m2/repository/com/netflix/archaius/archaius-core/0.7.4/archaius-core-0.7.4.jar
7fc1b23bc000-7fc1b23cf000 r--s 000df000 08:07 2365831                    /home/fran/.m2/repository/org/apache/commons/commons-math/2.2/commons-math-2.2.jar
7fc1b23cf000-7fc1b23d4000 r--s 00034000 08:07 1974528                    /home/fran/.m2/repository/com/google/code/gson/gson/2.8.0/gson-2.8.0.jar
7fc1b23d4000-7fc1b23d7000 r--s 00022000 08:07 2365829                    /home/fran/.m2/repository/org/antlr/stringtemplate/3.2.1/stringtemplate-3.2.1.jar
7fc1b23d7000-7fc1b23db000 r--s 00025000 08:07 2365827                    /home/fran/.m2/repository/org/antlr/antlr-runtime/3.4/antlr-runtime-3.4.jar
7fc1b23db000-7fc1b23ec000 r--s 0008a000 08:07 2365825                    /home/fran/.m2/repository/joda-time/joda-time/2.9.9/joda-time-2.9.9.jar
7fc1b23ec000-7fc1b23f2000 r--s 00044000 08:07 2365823                    /home/fran/.m2/repository/commons-jxpath/commons-jxpath/1.3/commons-jxpath-1.3.jar
7fc1b23f2000-7fc1b23f5000 r--s 00016000 08:07 2365821                    /home/fran/.m2/repository/com/netflix/netflix-commons/netflix-infix/0.3.0/netflix-infix-0.3.0.jar
7fc1b23f5000-7fc1b23f7000 r--s 0000f000 08:07 2365819                    /home/fran/.m2/repository/com/netflix/netflix-commons/netflix-eventbus/0.3.0/netflix-eventbus-0.3.0.jar
7fc1b23f7000-7fc1b23f9000 r--s 00005000 08:07 2365817                    /home/fran/.m2/repository/stax/stax-api/1.0.1/stax-api-1.0.1.jar
7fc1b23f9000-7fc1b23fc000 r--s 00012000 08:07 1846086                    /home/fran/.m2/repository/org/codehaus/jettison/jettison/1.3.7/jettison-1.3.7.jar
7fc1b23fc000-7fc1b2405000 r--s 0005b000 08:07 2365815                    /home/fran/.m2/repository/com/netflix/eureka/eureka-client/1.6.2/eureka-client-1.6.2.jar
7fc1b2405000-7fc1b2408000 r--s 00011000 08:07 2365739                    /home/fran/.m2/repository/org/springframework/cloud/spring-cloud-netflix-eureka-client/1.3.1.RELEASE/spring-cloud-netflix-eureka-client-1.3.1.RELEASE.jar
7fc1b2408000-7fc1b2412000 r--s 00055000 08:07 2365111                    /home/fran/.m2/repository/org/springframework/cloud/spring-cloud-netflix-core/1.3.1.RELEASE/spring-cloud-netflix-core-1.3.1.RELEASE.jar
7fc1b2412000-7fc1b2413000 r--s 00000000 08:07 2365737                    /home/fran/.m2/repository/org/springframework/cloud/spring-cloud-starter-eureka/1.3.1.RELEASE/spring-cloud-starter-eureka-1.3.1.RELEASE.jar
7fc1b2413000-7fc1b2415000 r--s 00007000 08:07 2237459                    /home/fran/.m2/repository/org/springframework/cloud/spring-cloud-config-client/1.3.1.RELEASE/spring-cloud-config-client-1.3.1.RELEASE.jar
7fc1b2415000-7fc1b2416000 r--s 00004000 08:07 2237457                    /home/fran/.m2/repository/org/springframework/security/spring-security-rsa/1.0.3.RELEASE/spring-security-rsa-1.0.3.RELEASE.jar
7fc1b2416000-7fc1b2419000 r--s 00015000 08:07 2237451                    /home/fran/.m2/repository/org/springframework/cloud/spring-cloud-context/1.2.2.RELEASE/spring-cloud-context-1.2.2.RELEASE.jar
7fc1b2419000-7fc1b241a000 r--s 00000000 08:07 2237445                    /home/fran/.m2/repository/org/springframework/cloud/spring-cloud-starter/1.2.2.RELEASE/spring-cloud-starter-1.2.2.RELEASE.jar
7fc1b241a000-7fc1b241b000 r--s 00000000 08:07 2237443                    /home/fran/.m2/repository/org/springframework/cloud/spring-cloud-starter-config/1.3.1.RELEASE/spring-cloud-starter-config-1.3.1.RELEASE.jar
7fc1b241b000-7fc1b241f000 r--s 00035000 08:07 1846084                    /home/fran/.m2/repository/org/codehaus/jackson/jackson-core-asl/1.9.13/jackson-core-asl-1.9.13.jar
7fc1b241f000-7fc1b242d000 r--s 000b1000 08:07 1711845                    /home/fran/.m2/repository/org/codehaus/jackson/jackson-mapper-asl/1.9.13/jackson-mapper-asl-1.9.13.jar
7fc1b242d000-7fc1b2434000 r--s 0003f000 08:07 2365224                    /home/fran/.m2/repository/commons-codec/commons-codec/1.10/commons-codec-1.10.jar
7fc1b2434000-7fc1b243f000 r--s 00053000 08:07 2365733                    /home/fran/.m2/repository/org/springframework/security/spring-security-web/4.2.2.RELEASE/spring-security-web-4.2.2.RELEASE.jar
7fc1b243f000-7fc1b2449000 r--s 00086000 08:07 2365731                    /home/fran/.m2/repository/org/springframework/security/spring-security-config/4.2.2.RELEASE/spring-security-config-4.2.2.RELEASE.jar
7fc1b2449000-7fc1b2463000 r--s 000fd000 08:07 2237469                    /home/fran/.m2/repository/org/springframework/spring-context/4.3.8.RELEASE/spring-context-4.3.8.RELEASE.jar
7fc1b2463000-7fc1b2479000 r--s 000fc000 08:07 2237481                    /home/fran/.m2/repository/org/springframework/spring-core/4.3.8.RELEASE/spring-core-4.3.8.RELEASE.jar
7fc1b2479000-7fc1b2487000 r--s 000ad000 08:07 2237467                    /home/fran/.m2/repository/org/springframework/spring-beans/4.3.8.RELEASE/spring-beans-4.3.8.RELEASE.jar
7fc1b2487000-7fc1b2493000 r--s 00068000 08:07 2365727                    /home/fran/.m2/repository/org/springframework/security/oauth/spring-security-oauth2/2.0.13.RELEASE/spring-security-oauth2-2.0.13.RELEASE.jar
7fc1b2493000-7fc1b249a000 r--s 00063000 08:07 2365725                    /home/fran/.m2/repository/org/springframework/springloaded/1.2.7.RELEASE/springloaded-1.2.7.RELEASE.jar
7fc1b249a000-7fc1b249b000 r--s 00004000 08:07 2237509                    /home/fran/.m2/repository/com/vaadin/external/google/android-json/0.0.20131108.vaadin1/android-json-0.0.20131108.vaadin1.jar
7fc1b249b000-7fc1b249d000 r--s 0000d000 08:07 1845994                    /home/fran/.m2/repository/org/springframework/boot/spring-boot-configuration-processor/1.5.3.RELEASE/spring-boot-configuration-processor-1.5.3.RELEASE.jar
7fc1b249d000-7fc1b249e000 r--s 00001000 08:07 2365811                    /home/fran/.m2/repository/nz/net/ultraq/thymeleaf/thymeleaf-expression-processor/1.1.2/thymeleaf-expression-processor-1.1.2.jar
7fc1b249e000-7fc1b24eb000 r--s 0040d000 08:07 1711843                    /home/fran/.m2/repository/org/codehaus/groovy/groovy/2.4.10/groovy-2.4.10.jar
7fc1b24eb000-7fc1b24f0000 r--s 00037000 08:07 2365809                    /home/fran/.m2/repository/nz/net/ultraq/thymeleaf/thymeleaf-layout-dialect/2.1.2/thymeleaf-layout-dialect-2.1.2.jar
7fc1b24f0000-7fc1b24f3000 r--s 00026000 08:07 2365807                    /home/fran/.m2/repository/org/unbescape/unbescape/1.1.4.RELEASE/unbescape-1.1.4.RELEASE.jar
7fc1b24f3000-7fc1b24f7000 r--s 00035000 08:07 2365805                    /home/fran/.m2/repository/org/attoparser/attoparser/2.0.2.RELEASE/attoparser-2.0.2.RELEASE.jar
7fc1b24f7000-7fc1b2507000 r--s 000c1000 08:07 2365803                    /home/fran/.m2/repository/org/thymeleaf/thymeleaf/3.0.3.RELEASE/thymeleaf-3.0.3.RELEASE.jar
7fc1b2507000-7fc1b250b000 r--s 0001a000 08:07 2365801                    /home/fran/.m2/repository/org/thymeleaf/thymeleaf-spring4/3.0.3.RELEASE/thymeleaf-spring4-3.0.3.RELEASE.jar
7fc1b250b000-7fc1b250c000 r--s 00000000 08:07 2365799                    /home/fran/.m2/repository/org/springframework/boot/spring-boot-starter-thymeleaf/1.5.3.RELEASE/spring-boot-starter-thymeleaf-1.5.3.RELEASE.jar
7fc1b250c000-7fc1b2524000 r--s 001bf000 08:07 2365797                    /home/fran/.m2/repository/org/aspectj/aspectjweaver/1.8.10/aspectjweaver-1.8.10.jar
7fc1b2524000-7fc1b252d000 r--s 00054000 08:07 2237465                    /home/fran/.m2/repository/org/springframework/spring-aop/4.3.8.RELEASE/spring-aop-4.3.8.RELEASE.jar
7fc1b252d000-7fc1b252e000 r--s 00000000 08:07 2365723                    /home/fran/.m2/repository/org/springframework/boot/spring-boot-starter-aop/1.5.3.RELEASE/spring-boot-starter-aop-1.5.3.RELEASE.jar
7fc1b252e000-7fc1b2531000 r--s 0000c000 08:07 2365721                    /home/fran/.m2/repository/org/springframework/spring-aspects/4.3.8.RELEASE/spring-aspects-4.3.8.RELEASE.jar
7fc1b2531000-7fc1b253b000 r--s 0006b000 08:07 2365717                    /home/fran/.m2/repository/org/springframework/spring-orm/4.3.8.RELEASE/spring-orm-4.3.8.RELEASE.jar
7fc1b253b000-7fc1b2542000 r--s 00040000 08:07 1582859                    /home/fran/.m2/repository/org/springframework/data/spring-data-jpa/1.11.3.RELEASE/spring-data-jpa-1.11.3.RELEASE.jar
7fc1b2542000-7fc1b2544000 r--s 00006000 08:07 2365795                    /home/fran/.m2/repository/javax/transaction/javax.transaction-api/1.2/javax.transaction-api-1.2.jar
7fc1b2544000-7fc1b2551000 r--s 00089000 08:07 2365268                    /home/fran/.m2/repository/org/hibernate/hibernate-entitymanager/5.0.12.Final/hibernate-entitymanager-5.0.12.Final.jar
7fc1b2551000-7fc1b2554000 r--s 00010000 08:07 2365266                    /home/fran/.m2/repository/org/hibernate/common/hibernate-commons-annotations/5.0.1.Final/hibernate-commons-annotations-5.0.1.Final.jar
7fc1b2554000-7fc1b2557000 r--s 0002b000 08:07 2365262                    /home/fran/.m2/repository/org/jboss/jandex/2.0.0.Final/jandex-2.0.0.Final.jar
7fc1b2557000-7fc1b255c000 r--s 00068000 08:07 2365258                    /home/fran/.m2/repository/antlr/antlr/2.7.7/antlr-2.7.7.jar
7fc1b255c000-7fc1b2566000 r--s 000aa000 08:07 2365256                    /home/fran/.m2/repository/org/javassist/javassist/3.21.0-GA/javassist-3.21.0-GA.jar
7fc1b2566000-7fc1b256b000 r--s 00017000 08:07 2365254                    /home/fran/.m2/repository/org/hibernate/javax/persistence/hibernate-jpa-2.1-api/1.0.0.Final/hibernate-jpa-2.1-api-1.0.0.Final.jar
7fc1b256b000-7fc1b25d4000 r--s 004f3000 08:07 2365252                    /home/fran/.m2/repository/org/hibernate/hibernate-core/5.0.12.Final/hibernate-core-5.0.12.Final.jar
7fc1b25d4000-7fc1b25de000 r--s 0005f000 08:07 2365793                    /home/fran/.m2/repository/org/springframework/spring-jdbc/4.3.8.RELEASE/spring-jdbc-4.3.8.RELEASE.jar
7fc1b25de000-7fc1b25e0000 r--s 00009000 08:07 2365791                    /home/fran/.m2/repository/org/apache/tomcat/tomcat-juli/8.5.14/tomcat-juli-8.5.14.jar
7fc1b25e0000-7fc1b25e3000 r--s 00021000 08:07 2365789                    /home/fran/.m2/repository/org/apache/tomcat/tomcat-jdbc/8.5.14/tomcat-jdbc-8.5.14.jar
7fc1b25e3000-7fc1b25e4000 r--s 00000000 08:07 2365715                    /home/fran/.m2/repository/org/springframework/boot/spring-boot-starter-jdbc/1.5.3.RELEASE/spring-boot-starter-jdbc-1.5.3.RELEASE.jar
7fc1b25e4000-7fc1b25e5000 r--s 00000000 08:07 2365713                    /home/fran/.m2/repository/org/springframework/boot/spring-boot-starter-data-jpa/1.5.3.RELEASE/spring-boot-starter-data-jpa-1.5.3.RELEASE.jar
7fc1b25e5000-7fc1b25ea000 r--s 00036000 08:07 2365787                    /home/fran/.m2/repository/org/apache/tomcat/embed/tomcat-embed-websocket/8.5.14/tomcat-embed-websocket-8.5.14.jar
7fc1b25ea000-7fc1b25ee000 r--s 00037000 08:07 2365785                    /home/fran/.m2/repository/org/apache/tomcat/embed/tomcat-embed-el/8.5.14/tomcat-embed-el-8.5.14.jar
7fc1b25ee000-7fc1b2617000 r--s 002bf000 08:07 2365783                    /home/fran/.m2/repository/org/apache/tomcat/embed/tomcat-embed-core/8.5.14/tomcat-embed-core-8.5.14.jar
7fc1b2617000-7fc1b2618000 r--s 00000000 08:07 2365709                    /home/fran/.m2/repository/org/springframework/boot/spring-boot-starter-tomcat/1.5.3.RELEASE/spring-boot-starter-tomcat-1.5.3.RELEASE.jar
7fc1b2618000-7fc1b261e000 r--s 0003d000 08:07 2237521                    /home/fran/.m2/repository/org/yaml/snakeyaml/1.17/snakeyaml-1.17.jar
7fc1b261e000-7fc1b2620000 r--s 00004000 08:07 2237519                    /home/fran/.m2/repository/org/slf4j/log4j-over-slf4j/1.7.25/log4j-over-slf4j-1.7.25.jar
7fc1b2620000-7fc1b2622000 r--s 00000000 08:07 2237517                    /home/fran/.m2/repository/org/slf4j/jul-to-slf4j/1.7.25/jul-to-slf4j-1.7.25.jar
7fc1b2622000-7fc1b262d000 r--s 0006a000 08:07 2237513                    /home/fran/.m2/repository/ch/qos/logback/logback-core/1.1.11/logback-core-1.1.11.jar
7fc1b262d000-7fc1b2634000 r--s 00045000 08:07 2237511                    /home/fran/.m2/repository/ch/qos/logback/logback-classic/1.1.11/logback-classic-1.1.11.jar
7fc1b2634000-7fc1b2635000 r--s 00000000 08:07 2237449                    /home/fran/.m2/repository/org/springframework/boot/spring-boot-starter-logging/1.5.3.RELEASE/spring-boot-starter-logging-1.5.3.RELEASE.jar
7fc1b2635000-7fc1b2636000 r--s 00000000 08:07 2237447                    /home/fran/.m2/repository/org/springframework/boot/spring-boot-starter/1.5.3.RELEASE/spring-boot-starter-1.5.3.RELEASE.jar
7fc1b2636000-7fc1b2637000 r--s 00000000 08:07 2365781                    /home/fran/.m2/repository/org/springframework/boot/spring-boot-starter-web/1.5.3.RELEASE/spring-boot-starter-web-1.5.3.RELEASE.jar
7fc1b2637000-7fc1b263e000 r--s 0009f000 08:07 2365779                    /home/fran/.m2/repository/org/postgresql/postgresql/9.4.1212.jre7/postgresql-9.4.1212.jre7.jar
7fc1b263e000-7fc1b2646000 r--s 00045000 08:07 1711802                    /home/fran/.m2/repository/junit/junit/4.12/junit-4.12.jar
7fc1b2646000-7fc1b265a000 r--s 00173000 08:07 2493461                    /home/fran/.m2/repository/org/apache/axis/axis/1.4/axis-1.4.jar
7fc1b265a000-7fc1b265c000 r--s 0000a000 08:07 2365230                    /home/fran/.m2/repository/javax/ws/rs/jsr311-api/1.1.1/jsr311-api-1.1.1.jar
7fc1b265c000-7fc1b265d000 r--s 00001000 08:07 2493459                    /home/fran/.m2/repository/io/github/openfeign/feign-jaxrs/9.3.1/feign-jaxrs-9.3.1.jar
7fc1b265d000-7fc1b265e000 r--s 00004000 08:07 2493457                    /home/fran/.m2/repository/com/bedatadriven/jackson-datatype-jts/2.2/jackson-datatype-jts-2.2.jar
7fc1b265e000-7fc1b2660000 r--s 00005000 08:07 1974543                    /home/fran/.m2/repository/com/fasterxml/jackson/datatype/jackson-datatype-jdk8/2.8.8/jackson-datatype-jdk8-2.8.8.jar
7fc1b2660000-7fc1b2662000 r--s 00014000 08:07 1846101                    /home/fran/.m2/repository/com/fasterxml/jackson/datatype/jackson-datatype-jsr310/2.8.8/jackson-datatype-jsr310-2.8.8.jar
7fc1b2662000-7fc1b2663000 r--s 00003000 08:07 2493455                    /home/fran/.m2/repository/javax/transaction/jta/1.1/jta-1.1.jar
7fc1b2663000-7fc1b2665000 r--s 00005000 08:07 1711867                    /home/fran/.m2/repository/com/fasterxml/jackson/datatype/jackson-datatype-hibernate5/2.8.8/jackson-datatype-hibernate5-2.8.8.jar
7fc1b2665000-7fc1b2668000 r--s 00042000 08:07 2237527                    /home/fran/.m2/repository/com/fasterxml/jackson/core/jackson-core/2.8.8/jackson-core-2.8.8.jar
7fc1b2668000-7fc1b266b000 r--s 0000b000 08:07 1711800                    /home/fran/.m2/repository/com/fasterxml/jackson/core/jackson-annotations/2.8.0/jackson-annotations-2.8.0.jar
7fc1b266b000-7fc1b267d000 r--s 0011d000 08:07 1974424                    /home/fran/.m2/repository/com/fasterxml/jackson/core/jackson-databind/2.8.8/jackson-databind-2.8.8.jar
7fc1b267d000-7fc1b2686000 r--s 0002d000 08:07 2493453                    /home/fran/.m2/repository/xml-apis/xml-apis/1.4.01/xml-apis-1.4.01.jar
7fc1b2686000-7fc1b268b000 r--s 00048000 08:07 2365264                    /home/fran/.m2/repository/dom4j/dom4j/1.6.1/dom4j-1.6.1.jar
7fc1b268b000-7fc1b2692000 r--s 00066000 08:07 2493451                    /home/fran/.m2/repository/org/geolatte/geolatte-geom/1.0.6/geolatte-geom-1.0.6.jar
7fc1b2692000-7fc1b2698000 r--s 00077000 08:07 2493449                    /home/fran/.m2/repository/postgresql/postgresql/8.4-701.jdbc4/postgresql-8.4-701.jdbc4.jar
7fc1b2698000-7fc1b269b000 r--s 00018000 08:07 2493447                    /home/fran/.m2/repository/org/hibernate/hibernate-spatial/5.0.12.Final/hibernate-spatial-5.0.12.Final.jar
7fc1b269b000-7fc1b269d000 r--s 0000e000 08:07 1582852                    /home/fran/.m2/repository/com/fasterxml/classmate/1.3.3/classmate-1.3.3.jar
7fc1b269d000-7fc1b26a1000 r--s 0000c000 08:07 2365272                    /home/fran/.m2/repository/javax/validation/validation-api/1.1.0.Final/validation-api-1.1.0.Final.jar
7fc1b26a1000-7fc1b26b2000 r--s 000a1000 08:07 2365270                    /home/fran/.m2/repository/org/hibernate/hibernate-validator/5.3.5.Final/hibernate-validator-5.3.5.Final.jar
7fc1b26b2000-7fc1b26bc000 r--s 0005a000 08:07 2365248                    /home/fran/.m2/repository/org/hibernate/hibernate-envers/5.0.12.Final/hibernate-envers-5.0.12.Final.jar
7fc1b26bc000-7fc1b26bf000 r--s 0000e000 08:07 2365250                    /home/fran/.m2/repository/org/jboss/logging/jboss-logging/3.3.1.Final/jboss-logging-3.3.1.Final.jar
7fc1b26bf000-7fc1b26c1000 r--s 00006000 08:07 2493445                    /home/fran/.m2/repository/org/hibernate/hibernate-java8/5.0.12.Final/hibernate-java8-5.0.12.Final.jar
7fc1b26c1000-7fc1b26c9000 r--s 0003a000 08:07 2365719                    /home/fran/.m2/repository/org/springframework/spring-tx/4.3.8.RELEASE/spring-tx-4.3.8.RELEASE.jar
7fc1b26c9000-7fc1b26cb000 r--s 00003000 08:07 2237515                    /home/fran/.m2/repository/org/slf4j/jcl-over-slf4j/1.7.25/jcl-over-slf4j-1.7.25.jar
7fc1b26cb000-7fc1b26dd000 r--s 000a9000 08:07 1449269                    /home/fran/.m2/repository/org/springframework/data/spring-data-commons/1.13.3.RELEASE/spring-data-commons-1.13.3.RELEASE.jar
7fc1b26dd000-7fc1b2727000 r--s 002f4000 08:07 2237525                    /home/fran/.m2/repository/org/bouncycastle/bcprov-jdk15on/1.55/bcprov-jdk15on-1.55.jar
7fc1b2727000-7fc1b2738000 r--s 00096000 08:07 2237523                    /home/fran/.m2/repository/org/bouncycastle/bcpkix-jdk15on/1.55/bcpkix-jdk15on-1.55.jar
7fc1b2738000-7fc1b273a000 r--s 00007000 08:07 2493386                    /home/fran/.m2/repository/org/springframework/security/spring-security-jwt/1.0.7.RELEASE/spring-security-jwt-1.0.7.RELEASE.jar
7fc1b273a000-7fc1b273c000 r--s 00000000 08:07 2365813                    /home/fran/.m2/repository/aopalliance/aopalliance/1.0/aopalliance-1.0.jar
7fc1b273c000-7fc1b2748000 r--s 00055000 08:07 2365729                    /home/fran/.m2/repository/org/springframework/security/spring-security-core/4.2.2.RELEASE/spring-security-core-4.2.2.RELEASE.jar
7fc1b2748000-7fc1b274d000 r--s 0003c000 08:07 2237471                    /home/fran/.m2/repository/org/springframework/spring-expression/4.3.8.RELEASE/spring-expression-4.3.8.RELEASE.jar
7fc1b274d000-7fc1b275e000 r--s 000cf000 08:07 2365711                    /home/fran/.m2/repository/org/springframework/spring-webmvc/4.3.8.RELEASE/spring-webmvc-4.3.8.RELEASE.jar
7fc1b275e000-7fc1b276f000 r--s 000b7000 08:07 2237463                    /home/fran/.m2/repository/org/springframework/spring-web/4.3.8.RELEASE/spring-web-4.3.8.RELEASE.jar
7fc1b276f000-7fc1b2771000 r--s 0001a000 08:07 2365184                    /home/fran/.m2/repository/org/hdrhistogram/HdrHistogram/2.1.9/HdrHistogram-2.1.9.jar
7fc1b2771000-7fc1b277d000 r--s 00068000 08:07 2365182                    /home/fran/.m2/repository/com/netflix/hystrix/hystrix-core/1.5.12/hystrix-core-1.5.12.jar
7fc1b277d000-7fc1b277e000 r--s 00003000 08:07 2365176                    /home/fran/.m2/repository/io/github/openfeign/feign-hystrix/9.5.0/feign-hystrix-9.5.0.jar
7fc1b277e000-7fc1b277f000 r--s 00000000 08:07 2365174                    /home/fran/.m2/repository/io/github/openfeign/feign-slf4j/9.5.0/feign-slf4j-9.5.0.jar
7fc1b277f000-7fc1b2780000 r--s 00000000 08:07 2365172                    /home/fran/.m2/repository/org/jvnet/animal-sniffer-annotation/1.0/animal-sniffer-annotation-1.0.jar
7fc1b2780000-7fc1b2782000 r--s 00016000 08:07 2365170                    /home/fran/.m2/repository/io/github/openfeign/feign-core/9.5.0/feign-core-9.5.0.jar
7fc1b2782000-7fc1b2784000 r--s 0000c000 08:07 2237453                    /home/fran/.m2/repository/org/springframework/security/spring-security-crypto/4.2.2.RELEASE/spring-security-crypto-4.2.2.RELEASE.jar
7fc1b2784000-7fc1b2788000 r--s 00017000 08:07 2237455                    /home/fran/.m2/repository/org/springframework/cloud/spring-cloud-commons/1.2.2.RELEASE/spring-cloud-commons-1.2.2.RELEASE.jar
7fc1b2788000-7fc1b2789000 r--s 00000000 08:07 2365109                    /home/fran/.m2/repository/org/springframework/cloud/spring-cloud-starter-feign/1.3.1.RELEASE/spring-cloud-starter-feign-1.3.1.RELEASE.jar
7fc1b2789000-7fc1b278a000 r--s 00000000 08:07 2365936                    /home/fran/.m2/repository/org/springframework/boot/spring-boot-starter-security/1.5.3.RELEASE/spring-boot-starter-security-1.5.3.RELEASE.jar
7fc1b278a000-7fc1b278c000 r--s 00005000 08:07 2493375                    /home/fran/.m2/repository/org/springframework/cloud/spring-cloud-security/1.2.1.RELEASE/spring-cloud-security-1.2.1.RELEASE.jar
7fc1b278c000-7fc1b278f000 r--s 00019000 08:07 2493443                    /home/fran/.m2/repository/org/apache/commons/commons-pool2/2.4.2/commons-pool2-2.4.2.jar
7fc1b278f000-7fc1b279b000 r--s 0007c000 08:07 2493441                    /home/fran/.m2/repository/redis/clients/jedis/2.9.0/jedis-2.9.0.jar
7fc1b279b000-7fc1b27a0000 r--s 00029000 08:07 2493112                    /home/fran/.m2/repository/org/springframework/spring-context-support/4.3.8.RELEASE/spring-context-support-4.3.8.RELEASE.jar
7fc1b27a0000-7fc1b27a2000 r--s 00013000 08:07 2493110                    /home/fran/.m2/repository/org/springframework/spring-oxm/4.3.8.RELEASE/spring-oxm-4.3.8.RELEASE.jar
7fc1b27a2000-7fc1b27a6000 r--s 00016000 08:07 1711864                    /home/fran/.m2/repository/org/springframework/data/spring-data-keyvalue/1.2.3.RELEASE/spring-data-keyvalue-1.2.3.RELEASE.jar
7fc1b27a6000-7fc1b27c2000 r--s 00110000 08:07 1711862                    /home/fran/.m2/repository/org/springframework/data/spring-data-redis/1.8.3.RELEASE/spring-data-redis-1.8.3.RELEASE.jar
7fc1b27c2000-7fc1b27c3000 r--s 00000000 08:07 2493074                    /home/fran/.m2/repository/org/springframework/boot/spring-boot-starter-data-redis/1.5.3.RELEASE/spring-boot-starter-data-redis-1.5.3.RELEASE.jar
7fc1b27c3000-7fc1b27c5000 r--s 00007000 08:07 1582880                    /home/fran/.m2/repository/com/fasterxml/jackson/module/jackson-module-jaxb-annotations/2.8.8/jackson-module-jaxb-annotations-2.8.8.jar
7fc1b27c5000-7fc1b27c6000 r--s 00003000 08:07 1582878                    /home/fran/.m2/repository/com/fasterxml/jackson/jaxrs/jackson-jaxrs-json-provider/2.8.8/jackson-jaxrs-json-provider-2.8.8.jar
7fc1b27c6000-7fc1b27c9000 r--s 0000f000 08:07 2493439                    /home/fran/.m2/repository/org/glassfish/jersey/ext/jersey-entity-filtering/2.25.1/jersey-entity-filtering-2.25.1.jar
7fc1b27c9000-7fc1b27cb000 r--s 00004000 08:07 2493437                    /home/fran/.m2/repository/org/glassfish/jersey/media/jersey-media-json-jackson/2.25.1/jersey-media-json-jackson-2.25.1.jar
7fc1b27cb000-7fc1b27cd000 r--s 00002000 08:07 2493435                    /home/fran/.m2/repository/org/glassfish/hk2/spring-bridge/2.5.0-b32/spring-bridge-2.5.0-b32.jar
7fc1b27cd000-7fc1b27d8000 r--s 000c1000 08:07 2493433                    /home/fran/.m2/repository/org/glassfish/hk2/external/asm-all-repackaged/2.5.0-b32/asm-all-repackaged-2.5.0-b32.jar
7fc1b27d8000-7fc1b27db000 r--s 00013000 08:07 2493431                    /home/fran/.m2/repository/org/glassfish/hk2/class-model/2.5.0-b32/class-model-2.5.0-b32.jar
7fc1b27db000-7fc1b27de000 r--s 0000c000 08:07 2493429                    /home/fran/.m2/repository/org/glassfish/hk2/hk2-runlevel/2.5.0-b32/hk2-runlevel-2.5.0-b32.jar
7fc1b27de000-7fc1b27e3000 r--s 0002e000 08:07 2493427                    /home/fran/.m2/repository/org/glassfish/hk2/hk2-config/2.5.0-b32/hk2-config-2.5.0-b32.jar
7fc1b27e3000-7fc1b27f4000 r-xp 00000000 08:07 5514290                    /usr/lib/jvm/java-8-openjdk-amd64/jre/lib/amd64/libnio.so
7fc1b27f4000-7fc1b29f4000 ---p 00011000 08:07 5514290                    /usr/lib/jvm/java-8-openjdk-amd64/jre/lib/amd64/libnio.so
7fc1b29f4000-7fc1b29f5000 r--p 00011000 08:07 5514290                    /usr/lib/jvm/java-8-openjdk-amd64/jre/lib/amd64/libnio.so
7fc1b29f5000-7fc1b29f6000 rw-p 00012000 08:07 5514290                    /usr/lib/jvm/java-8-openjdk-amd64/jre/lib/amd64/libnio.so
7fc1b29f6000-7fc1b2a0d000 r-xp 00000000 08:07 5514310                    /usr/lib/jvm/java-8-openjdk-amd64/jre/lib/amd64/libnet.so
7fc1b2a0d000-7fc1b2c0c000 ---p 00017000 08:07 5514310                    /usr/lib/jvm/java-8-openjdk-amd64/jre/lib/amd64/libnet.so
7fc1b2c0c000-7fc1b2c0d000 r--p 00016000 08:07 5514310                    /usr/lib/jvm/java-8-openjdk-amd64/jre/lib/amd64/libnet.so
7fc1b2c0d000-7fc1b2c0e000 rw-p 00017000 08:07 5514310                    /usr/lib/jvm/java-8-openjdk-amd64/jre/lib/amd64/libnet.so
7fc1b2c0e000-7fc1b2c17000 r-xp 00000000 08:07 5514304                    /usr/lib/jvm/java-8-openjdk-amd64/jre/lib/amd64/libmanagement.so
7fc1b2c17000-7fc1b2e16000 ---p 00009000 08:07 5514304                    /usr/lib/jvm/java-8-openjdk-amd64/jre/lib/amd64/libmanagement.so
7fc1b2e16000-7fc1b2e17000 r--p 00008000 08:07 5514304                    /usr/lib/jvm/java-8-openjdk-amd64/jre/lib/amd64/libmanagement.so
7fc1b2e17000-7fc1b2e18000 rw-p 00009000 08:07 5514304                    /usr/lib/jvm/java-8-openjdk-amd64/jre/lib/amd64/libmanagement.so
7fc1b2e18000-7fc1b2e1b000 ---p 00000000 00:00 0 
7fc1b2e1b000-7fc1b2f19000 rw-p 00000000 00:00 0 
7fc1b2f19000-7fc1b2f1c000 ---p 00000000 00:00 0 
7fc1b2f1c000-7fc1b301a000 rw-p 00000000 00:00 0 
7fc1b301a000-7fc1b301d000 ---p 00000000 00:00 0 
7fc1b301d000-7fc1b311b000 rw-p 00000000 00:00 0 
7fc1b311b000-7fc1b311e000 ---p 00000000 00:00 0 
7fc1b311e000-7fc1b321c000 rw-p 00000000 00:00 0 
7fc1b321c000-7fc1b321f000 ---p 00000000 00:00 0 
7fc1b321f000-7fc1b331d000 rw-p 00000000 00:00 0 
7fc1b331d000-7fc1b35f6000 r--p 00000000 08:07 5382434                    /usr/lib/locale/locale-archive
7fc1b35f6000-7fc1b35f9000 ---p 00000000 00:00 0 
7fc1b35f9000-7fc1b36f7000 rw-p 00000000 00:00 0 
7fc1b36f7000-7fc1b36fa000 ---p 00000000 00:00 0 
7fc1b36fa000-7fc1b37f8000 rw-p 00000000 00:00 0 
7fc1b37f8000-7fc1b37f9000 ---p 00000000 00:00 0 
7fc1b37f9000-7fc1b4000000 rw-p 00000000 00:00 0 
7fc1b4000000-7fc1b4021000 rw-p 00000000 00:00 0 
7fc1b4021000-7fc1b8000000 ---p 00000000 00:00 0 
7fc1b8000000-7fc1b8001000 r--s 00007000 08:07 1449286                    /home/fran/.m2/repository/com/fasterxml/jackson/jaxrs/jackson-jaxrs-base/2.8.8/jackson-jaxrs-base-2.8.8.jar
7fc1b8001000-7fc1b8004000 r--s 0001a000 08:07 2493425                    /home/fran/.m2/repository/org/glassfish/hk2/hk2-core/2.5.0-b32/hk2-core-2.5.0-b32.jar
7fc1b8004000-7fc1b8005000 r--s 00002000 08:07 2493423                    /home/fran/.m2/repository/org/glassfish/hk2/config-types/2.5.0-b32/config-types-2.5.0-b32.jar
7fc1b8005000-7fc1b8007000 r--s 00004000 08:07 2493419                    /home/fran/.m2/repository/org/glassfish/jersey/ext/jersey-spring3/2.25.1/jersey-spring3-2.25.1.jar
7fc1b8007000-7fc1b8009000 r--s 00008000 08:07 2493417                    /home/fran/.m2/repository/org/glassfish/jersey/ext/jersey-bean-validation/2.25.1/jersey-bean-validation-2.25.1.jar
7fc1b8009000-7fc1b800b000 r--s 00003000 08:07 2493415                    /home/fran/.m2/repository/org/glassfish/jersey/containers/jersey-container-servlet/2.25.1/jersey-container-servlet-2.25.1.jar
7fc1b800b000-7fc1b800e000 r--s 0000e000 08:07 2493413                    /home/fran/.m2/repository/org/glassfish/jersey/containers/jersey-container-servlet-core/2.25.1/jersey-container-servlet-core-2.25.1.jar
7fc1b800e000-7fc1b8011000 r--s 0002b000 08:07 2366204                    /home/fran/.m2/repository/org/glassfish/hk2/hk2-locator/2.5.0-b32/hk2-locator-2.5.0-b32.jar
7fc1b8011000-7fc1b8013000 r--s 00002000 08:07 2366200                    /home/fran/.m2/repository/org/glassfish/hk2/external/aopalliance-repackaged/2.5.0-b32/aopalliance-repackaged-2.5.0-b32.jar
7fc1b8013000-7fc1b802b000 r--s 000d6000 08:07 2366186                    /home/fran/.m2/repository/org/glassfish/jersey/bundles/repackaged/jersey-guava/2.25.1/jersey-guava-2.25.1.jar
7fc1b802b000-7fc1b8039000 r--s 000a1000 08:07 2366184                    /home/fran/.m2/repository/org/glassfish/jersey/core/jersey-common/2.25.1/jersey-common-2.25.1.jar
7fc1b8039000-7fc1b804e000 r--s 000d1000 08:07 2366182                    /home/fran/.m2/repository/org/glassfish/jersey/core/jersey-server/2.25.1/jersey-server-2.25.1.jar
7fc1b804e000-7fc1bc000000 rw-p 00000000 00:00 0 
7fc1bc000000-7fc1bc021000 rw-p 00000000 00:00 0 
7fc1bc021000-7fc1c0000000 ---p 00000000 00:00 0 
7fc1c0000000-7fc1c0021000 rw-p 00000000 00:00 0 
7fc1c0021000-7fc1c4000000 ---p 00000000 00:00 0 
7fc1c4000000-7fc1c4027000 rw-p 00000000 00:00 0 
7fc1c4027000-7fc1c8000000 ---p 00000000 00:00 0 
7fc1c8000000-7fc1c8001000 r--s 00000000 08:07 2493421                    /home/fran/.m2/repository/org/glassfish/hk2/hk2/2.5.0-b32/hk2-2.5.0-b32.jar
7fc1c8001000-7fc1c8004000 r--s 0001e000 08:07 2366198                    /home/fran/.m2/repository/org/glassfish/hk2/hk2-utils/2.5.0-b32/hk2-utils-2.5.0-b32.jar
7fc1c8004000-7fc1c800a000 r--s 00028000 08:07 2366196                    /home/fran/.m2/repository/org/glassfish/hk2/hk2-api/2.5.0-b32/hk2-api-2.5.0-b32.jar
7fc1c800a000-7fc1c800c000 r--s 00005000 08:07 2366194                    /home/fran/.m2/repository/javax/annotation/javax.annotation-api/1.2/javax.annotation-api-1.2.jar
7fc1c800c000-7fc1c802c000 r--s 000e4000 08:07 2237461                    /home/fran/.m2/repository/org/springframework/boot/spring-boot-autoconfigure/1.5.3.RELEASE/spring-boot-autoconfigure-1.5.3.RELEASE.jar
7fc1c802c000-7fc1c8632000 rw-p 00000000 00:00 0 
7fc1c8632000-7fc1c8800000 r--s 03c13000 08:07 5514274                    /usr/lib/jvm/java-8-openjdk-amd64/jre/lib/rt.jar
7fc1c8800000-7fc1c9000000 rw-p 00000000 00:00 0 
7fc1c9000000-7fc1c9ac0000 rwxp 00000000 00:00 0 
7fc1c9ac0000-7fc1d8000000 ---p 00000000 00:00 0 
7fc1d8000000-7fc1da140000 rw-p 00000000 00:00 0 
7fc1da140000-7fc1dc000000 ---p 00000000 00:00 0 
7fc1dc000000-7fc1dc001000 r--s 00001000 08:07 2366202                    /home/fran/.m2/repository/org/glassfish/hk2/external/javax.inject/2.5.0-b32/javax.inject-2.5.0-b32.jar
7fc1dc001000-7fc1dc003000 r--s 00010000 08:07 2366192                    /home/fran/.m2/repository/org/glassfish/jersey/media/jersey-media-jaxb/2.25.1/jersey-media-jaxb-2.25.1.jar
7fc1dc003000-7fc1dc007000 r--s 00026000 08:07 2366190                    /home/fran/.m2/repository/org/glassfish/jersey/core/jersey-client/2.25.1/jersey-client-2.25.1.jar
7fc1dc007000-7fc1dc008000 r--s 00004000 08:07 2366188                    /home/fran/.m2/repository/org/glassfish/hk2/osgi-resource-locator/1.0.1/osgi-resource-locator-1.0.1.jar
7fc1dc008000-7fc1dc018000 r--s 00094000 08:07 2237477                    /home/fran/.m2/repository/org/springframework/boot/spring-boot/1.5.3.RELEASE/spring-boot-1.5.3.RELEASE.jar
7fc1dc018000-7fc1dc01b000 r--s 00015000 08:07 2366180                    /home/fran/.m2/repository/javax/servlet/javax.servlet-api/3.1.0/javax.servlet-api-3.1.0.jar
7fc1dc01b000-7fc1dc02c000 r--s 000b2000 08:07 2365879                    /home/fran/.m2/repository/com/vividsolutions/jts/1.13/jts-1.13.jar
7fc1dc02c000-7fc1dc047000 r--s 00394000 08:07 5514276                    /usr/lib/jvm/java-8-openjdk-amd64/jre/lib/ext/cldrdata.jar
7fc1dc047000-7fc1dc062000 r--s 001d6000 08:07 5514277                    /usr/lib/jvm/java-8-openjdk-amd64/jre/lib/ext/nashorn.jar
7fc1dc062000-7fc1dc585000 rw-p 00000000 00:00 0 
7fc1dc585000-7fc1dc586000 ---p 00000000 00:00 0 
7fc1dc586000-7fc1dc686000 rw-p 00000000 00:00 0 
7fc1dc686000-7fc1dc687000 ---p 00000000 00:00 0 
7fc1dc687000-7fc1dc787000 rw-p 00000000 00:00 0 
7fc1dc787000-7fc1dc788000 ---p 00000000 00:00 0 
7fc1dc788000-7fc1dc888000 rw-p 00000000 00:00 0 
7fc1dc888000-7fc1dc889000 ---p 00000000 00:00 0 
7fc1dc889000-7fc1dc9b6000 rw-p 00000000 00:00 0 
7fc1dc9b6000-7fc1dcc1b000 ---p 00000000 00:00 0 
7fc1dcc1b000-7fc1dcc48000 rw-p 00000000 00:00 0 
7fc1dcc48000-7fc1dcead000 ---p 00000000 00:00 0 
7fc1dcead000-7fc1dcfac000 rw-p 00000000 00:00 0 
7fc1dcfac000-7fc1dcff6000 ---p 00000000 00:00 0 
7fc1dcff6000-7fc1dd022000 rw-p 00000000 00:00 0 
7fc1dd022000-7fc1dd3b7000 ---p 00000000 00:00 0 
7fc1dd3b7000-7fc1dd3bf000 r-xp 00000000 08:07 5514301                    /usr/lib/jvm/java-8-openjdk-amd64/jre/lib/amd64/libzip.so
7fc1dd3bf000-7fc1dd5be000 ---p 00008000 08:07 5514301                    /usr/lib/jvm/java-8-openjdk-amd64/jre/lib/amd64/libzip.so
7fc1dd5be000-7fc1dd5bf000 r--p 00007000 08:07 5514301                    /usr/lib/jvm/java-8-openjdk-amd64/jre/lib/amd64/libzip.so
7fc1dd5bf000-7fc1dd5c0000 rw-p 00008000 08:07 5514301                    /usr/lib/jvm/java-8-openjdk-amd64/jre/lib/amd64/libzip.so
7fc1dd5c0000-7fc1dd5cb000 r-xp 00000000 08:07 2366097                    /lib/x86_64-linux-gnu/libnss_files-2.23.so
7fc1dd5cb000-7fc1dd7ca000 ---p 0000b000 08:07 2366097                    /lib/x86_64-linux-gnu/libnss_files-2.23.so
7fc1dd7ca000-7fc1dd7cb000 r--p 0000a000 08:07 2366097                    /lib/x86_64-linux-gnu/libnss_files-2.23.so
7fc1dd7cb000-7fc1dd7cc000 rw-p 0000b000 08:07 2366097                    /lib/x86_64-linux-gnu/libnss_files-2.23.so
7fc1dd7cc000-7fc1dd7d2000 rw-p 00000000 00:00 0 
7fc1dd7d2000-7fc1dd7dd000 r-xp 00000000 08:07 2366100                    /lib/x86_64-linux-gnu/libnss_nis-2.23.so
7fc1dd7dd000-7fc1dd9dc000 ---p 0000b000 08:07 2366100                    /lib/x86_64-linux-gnu/libnss_nis-2.23.so
7fc1dd9dc000-7fc1dd9dd000 r--p 0000a000 08:07 2366100                    /lib/x86_64-linux-gnu/libnss_nis-2.23.so
7fc1dd9dd000-7fc1dd9de000 rw-p 0000b000 08:07 2366100                    /lib/x86_64-linux-gnu/libnss_nis-2.23.so
7fc1dd9de000-7fc1dd9f4000 r-xp 00000000 08:07 2366093                    /lib/x86_64-linux-gnu/libnsl-2.23.so
7fc1dd9f4000-7fc1ddbf3000 ---p 00016000 08:07 2366093                    /lib/x86_64-linux-gnu/libnsl-2.23.so
7fc1ddbf3000-7fc1ddbf4000 r--p 00015000 08:07 2366093                    /lib/x86_64-linux-gnu/libnsl-2.23.so
7fc1ddbf4000-7fc1ddbf5000 rw-p 00016000 08:07 2366093                    /lib/x86_64-linux-gnu/libnsl-2.23.so
7fc1ddbf5000-7fc1ddbf7000 rw-p 00000000 00:00 0 
7fc1ddbf7000-7fc1ddbff000 r-xp 00000000 08:07 2366106                    /lib/x86_64-linux-gnu/libnss_compat-2.23.so
7fc1ddbff000-7fc1dddfe000 ---p 00008000 08:07 2366106                    /lib/x86_64-linux-gnu/libnss_compat-2.23.so
7fc1dddfe000-7fc1dddff000 r--p 00007000 08:07 2366106                    /lib/x86_64-linux-gnu/libnss_compat-2.23.so
7fc1dddff000-7fc1dde00000 rw-p 00008000 08:07 2366106                    /lib/x86_64-linux-gnu/libnss_compat-2.23.so
7fc1dde00000-7fc1dde2d000 r-xp 00000000 08:07 5514316                    /usr/lib/jvm/java-8-openjdk-amd64/jre/lib/amd64/libjava.so
7fc1dde2d000-7fc1de02c000 ---p 0002d000 08:07 5514316                    /usr/lib/jvm/java-8-openjdk-amd64/jre/lib/amd64/libjava.so
7fc1de02c000-7fc1de02d000 r--p 0002c000 08:07 5514316                    /usr/lib/jvm/java-8-openjdk-amd64/jre/lib/amd64/libjava.so
7fc1de02d000-7fc1de02f000 rw-p 0002d000 08:07 5514316                    /usr/lib/jvm/java-8-openjdk-amd64/jre/lib/amd64/libjava.so
7fc1de02f000-7fc1de03e000 r-xp 00000000 08:07 5514294                    /usr/lib/jvm/java-8-openjdk-amd64/jre/lib/amd64/libverify.so
7fc1de03e000-7fc1de23d000 ---p 0000f000 08:07 5514294                    /usr/lib/jvm/java-8-openjdk-amd64/jre/lib/amd64/libverify.so
7fc1de23d000-7fc1de23f000 r--p 0000e000 08:07 5514294                    /usr/lib/jvm/java-8-openjdk-amd64/jre/lib/amd64/libverify.so
7fc1de23f000-7fc1de240000 rw-p 00010000 08:07 5514294                    /usr/lib/jvm/java-8-openjdk-amd64/jre/lib/amd64/libverify.so
7fc1de240000-7fc1de247000 r-xp 00000000 08:07 2366102                    /lib/x86_64-linux-gnu/librt-2.23.so
7fc1de247000-7fc1de446000 ---p 00007000 08:07 2366102                    /lib/x86_64-linux-gnu/librt-2.23.so
7fc1de446000-7fc1de447000 r--p 00006000 08:07 2366102                    /lib/x86_64-linux-gnu/librt-2.23.so
7fc1de447000-7fc1de448000 rw-p 00007000 08:07 2366102                    /lib/x86_64-linux-gnu/librt-2.23.so
7fc1de448000-7fc1de45e000 r-xp 00000000 08:07 2363954                    /lib/x86_64-linux-gnu/libgcc_s.so.1
7fc1de45e000-7fc1de65d000 ---p 00016000 08:07 2363954                    /lib/x86_64-linux-gnu/libgcc_s.so.1
7fc1de65d000-7fc1de65e000 rw-p 00015000 08:07 2363954                    /lib/x86_64-linux-gnu/libgcc_s.so.1
7fc1de65e000-7fc1de766000 r-xp 00000000 08:07 2366111                    /lib/x86_64-linux-gnu/libm-2.23.so
7fc1de766000-7fc1de965000 ---p 00108000 08:07 2366111                    /lib/x86_64-linux-gnu/libm-2.23.so
7fc1de965000-7fc1de966000 r--p 00107000 08:07 2366111                    /lib/x86_64-linux-gnu/libm-2.23.so
7fc1de966000-7fc1de967000 rw-p 00108000 08:07 2366111                    /lib/x86_64-linux-gnu/libm-2.23.so
7fc1de967000-7fc1dead9000 r-xp 00000000 08:07 5377826                    /usr/lib/x86_64-linux-gnu/libstdc++.so.6.0.21
7fc1dead9000-7fc1decd9000 ---p 00172000 08:07 5377826                    /usr/lib/x86_64-linux-gnu/libstdc++.so.6.0.21
7fc1decd9000-7fc1dece3000 r--p 00172000 08:07 5377826                    /usr/lib/x86_64-linux-gnu/libstdc++.so.6.0.21
7fc1dece3000-7fc1dece5000 rw-p 0017c000 08:07 5377826                    /usr/lib/x86_64-linux-gnu/libstdc++.so.6.0.21
7fc1dece5000-7fc1dece9000 rw-p 00000000 00:00 0 
7fc1dece9000-7fc1df93d000 r-xp 00000000 08:07 5514300                    /usr/lib/jvm/java-8-openjdk-amd64/jre/lib/amd64/server/libjvm.so
7fc1df93d000-7fc1dfb3d000 ---p 00c54000 08:07 5514300                    /usr/lib/jvm/java-8-openjdk-amd64/jre/lib/amd64/server/libjvm.so
7fc1dfb3d000-7fc1dfbd0000 r--p 00c54000 08:07 5514300                    /usr/lib/jvm/java-8-openjdk-amd64/jre/lib/amd64/server/libjvm.so
7fc1dfbd0000-7fc1dfbf9000 rw-p 00ce7000 08:07 5514300                    /usr/lib/jvm/java-8-openjdk-amd64/jre/lib/amd64/server/libjvm.so
7fc1dfbf9000-7fc1dfc29000 rw-p 00000000 00:00 0 
7fc1dfc29000-7fc1dfc41000 r-xp 00000000 08:07 2366099                    /lib/x86_64-linux-gnu/libpthread-2.23.so
7fc1dfc41000-7fc1dfe40000 ---p 00018000 08:07 2366099                    /lib/x86_64-linux-gnu/libpthread-2.23.so
7fc1dfe40000-7fc1dfe41000 r--p 00017000 08:07 2366099                    /lib/x86_64-linux-gnu/libpthread-2.23.so
7fc1dfe41000-7fc1dfe42000 rw-p 00018000 08:07 2366099                    /lib/x86_64-linux-gnu/libpthread-2.23.so
7fc1dfe42000-7fc1dfe46000 rw-p 00000000 00:00 0 
7fc1dfe46000-7fc1dfe49000 r-xp 00000000 08:07 2366105                    /lib/x86_64-linux-gnu/libdl-2.23.so
7fc1dfe49000-7fc1e0048000 ---p 00003000 08:07 2366105                    /lib/x86_64-linux-gnu/libdl-2.23.so
7fc1e0048000-7fc1e0049000 r--p 00002000 08:07 2366105                    /lib/x86_64-linux-gnu/libdl-2.23.so
7fc1e0049000-7fc1e004a000 rw-p 00003000 08:07 2366105                    /lib/x86_64-linux-gnu/libdl-2.23.so
7fc1e004a000-7fc1e0063000 r-xp 00000000 08:07 2364107                    /lib/x86_64-linux-gnu/libz.so.1.2.8
7fc1e0063000-7fc1e0262000 ---p 00019000 08:07 2364107                    /lib/x86_64-linux-gnu/libz.so.1.2.8
7fc1e0262000-7fc1e0263000 r--p 00018000 08:07 2364107                    /lib/x86_64-linux-gnu/libz.so.1.2.8
7fc1e0263000-7fc1e0264000 rw-p 00019000 08:07 2364107                    /lib/x86_64-linux-gnu/libz.so.1.2.8
7fc1e0264000-7fc1e0424000 r-xp 00000000 08:07 2366116                    /lib/x86_64-linux-gnu/libc-2.23.so
7fc1e0424000-7fc1e0624000 ---p 001c0000 08:07 2366116                    /lib/x86_64-linux-gnu/libc-2.23.so
7fc1e0624000-7fc1e0628000 r--p 001c0000 08:07 2366116                    /lib/x86_64-linux-gnu/libc-2.23.so
7fc1e0628000-7fc1e062a000 rw-p 001c4000 08:07 2366116                    /lib/x86_64-linux-gnu/libc-2.23.so
7fc1e062a000-7fc1e062e000 rw-p 00000000 00:00 0 
7fc1e062e000-7fc1e063b000 r-xp 00000000 08:07 5514292                    /usr/lib/jvm/java-8-openjdk-amd64/jre/lib/amd64/jli/libjli.so
7fc1e063b000-7fc1e083b000 ---p 0000d000 08:07 5514292                    /usr/lib/jvm/java-8-openjdk-amd64/jre/lib/amd64/jli/libjli.so
7fc1e083b000-7fc1e083c000 r--p 0000d000 08:07 5514292                    /usr/lib/jvm/java-8-openjdk-amd64/jre/lib/amd64/jli/libjli.so
7fc1e083c000-7fc1e083d000 rw-p 0000e000 08:07 5514292                    /usr/lib/jvm/java-8-openjdk-amd64/jre/lib/amd64/jli/libjli.so
7fc1e083d000-7fc1e0863000 r-xp 00000000 08:07 2366094                    /lib/x86_64-linux-gnu/ld-2.23.so
7fc1e0863000-7fc1e0864000 r--s 00000000 08:07 2363853                    /home/fran/.m2/repository/org/springframework/boot/spring-boot-starter-validation/1.5.3.RELEASE/spring-boot-starter-validation-1.5.3.RELEASE.jar
7fc1e0864000-7fc1e0865000 r--s 00000000 08:07 2363849                    /home/fran/.m2/repository/org/springframework/boot/spring-boot-starter-jersey/1.5.3.RELEASE/spring-boot-starter-jersey-1.5.3.RELEASE.jar
7fc1e0865000-7fc1e0869000 r--s 00019000 08:07 2365877                    /home/fran/.m2/repository/javax/ws/rs/javax.ws.rs-api/2.0.1/javax.ws.rs-api-2.0.1.jar
7fc1e0869000-7fc1e086a000 r--s 00010000 08:07 5514285                    /usr/lib/jvm/java-8-openjdk-amd64/jre/lib/ext/zipfs.jar
7fc1e086a000-7fc1e086c000 r--s 00001000 08:07 5514280                    /usr/lib/jvm/java-8-openjdk-amd64/jre/lib/ext/dnsns.jar
7fc1e086c000-7fc1e086e000 r--s 00008000 08:07 5514284                    /usr/lib/jvm/java-8-openjdk-amd64/jre/lib/ext/sunec.jar
7fc1e086e000-7fc1e0939000 rw-p 00000000 00:00 0 
7fc1e0939000-7fc1e093c000 ---p 00000000 00:00 0 
7fc1e093c000-7fc1e0a3f000 rw-p 00000000 00:00 0 
7fc1e0a3f000-7fc1e0a40000 r--s 0000a000 08:07 5514281                    /usr/lib/jvm/java-8-openjdk-amd64/jre/lib/ext/jaccess.jar
7fc1e0a40000-7fc1e0a4a000 r--s 00116000 08:07 5514278                    /usr/lib/jvm/java-8-openjdk-amd64/jre/lib/ext/localedata.jar
7fc1e0a4a000-7fc1e0a4f000 r--s 0003b000 08:07 5514282                    /usr/lib/jvm/java-8-openjdk-amd64/jre/lib/ext/sunjce_provider.jar
7fc1e0a4f000-7fc1e0a53000 r--s 00037000 08:07 5514279                    /usr/lib/jvm/java-8-openjdk-amd64/jre/lib/ext/sunpkcs11.jar
7fc1e0a53000-7fc1e0a56000 r--s 0000f000 08:07 5514283                    /usr/lib/jvm/java-8-openjdk-amd64/jre/lib/ext/icedtea-sound.jar
7fc1e0a56000-7fc1e0a5e000 rw-s 00000000 08:07 6171237                    /tmp/hsperfdata_fran/13584
7fc1e0a5e000-7fc1e0a5f000 rw-p 00000000 00:00 0 
7fc1e0a5f000-7fc1e0a60000 ---p 00000000 00:00 0 
7fc1e0a60000-7fc1e0a62000 rw-p 00000000 00:00 0 
7fc1e0a62000-7fc1e0a63000 r--p 00025000 08:07 2366094                    /lib/x86_64-linux-gnu/ld-2.23.so
7fc1e0a63000-7fc1e0a64000 rw-p 00026000 08:07 2366094                    /lib/x86_64-linux-gnu/ld-2.23.so
7fc1e0a64000-7fc1e0a65000 rw-p 00000000 00:00 0 
7ffd56029000-7ffd56050000 rw-p 00000000 00:00 0                          [stack]
7ffd56197000-7ffd56199000 r--p 00000000 00:00 0                          [vvar]
7ffd56199000-7ffd5619b000 r-xp 00000000 00:00 0                          [vdso]
ffffffffff600000-ffffffffff601000 r-xp 00000000 00:00 0                  [vsyscall]

VM Arguments:
jvm_args: -Dcom.sun.management.jmxremote -Dcom.sun.management.jmxremote.port=37681 -Dcom.sun.management.jmxremote.authenticate=false -Dcom.sun.management.jmxremote.ssl=false -Djava.rmi.server.hostname=localhost -Dspring.application.admin.enabled=true -Djava.security.egd=file:/dev/./urandom -Xverify:none -XX:TieredStopAtLevel=1 -Dfile.encoding=UTF-8 
java_command: br.com.eits.categoria.Application
java_class_path (initial): /usr/lib/jvm/java-8-openjdk-amd64/jre/lib/resources.jar:/usr/lib/jvm/java-8-openjdk-amd64/jre/lib/rt.jar:/usr/lib/jvm/java-8-openjdk-amd64/jre/lib/jsse.jar:/usr/lib/jvm/java-8-openjdk-amd64/jre/lib/jce.jar:/usr/lib/jvm/java-8-openjdk-amd64/jre/lib/charsets.jar:/usr/lib/jvm/java-8-openjdk-amd64/jre/lib/ext/nashorn.jar:/usr/lib/jvm/java-8-openjdk-amd64/jre/lib/ext/icedtea-sound.jar:/usr/lib/jvm/java-8-openjdk-amd64/jre/lib/ext/sunpkcs11.jar:/usr/lib/jvm/java-8-openjdk-amd64/jre/lib/ext/sunjce_provider.jar:/usr/lib/jvm/java-8-openjdk-amd64/jre/lib/ext/localedata.jar:/usr/lib/jvm/java-8-openjdk-amd64/jre/lib/ext/sunec.jar:/usr/lib/jvm/java-8-openjdk-amd64/jre/lib/ext/cldrdata.jar:/usr/lib/jvm/java-8-openjdk-amd64/jre/lib/ext/dnsns.jar:/usr/lib/jvm/java-8-openjdk-amd64/jre/lib/ext/jaccess.jar:/usr/lib/jvm/java-8-openjdk-amd64/jre/lib/ext/zipfs.jar:/home/fran/Desktop/eits-microservice-starter/microservices/functional/categoria-equipamento/target/classes:/home/fran/Desktop/eits-microservice-starter/common/functional-microservices/target/classes:/home/fran/Desktop/eits-microservice-starter/common/domain/target/classes:/home/fran/.m2/repository/javax/ws/rs/javax.ws.rs-api/2.0.1/javax.ws.rs-api-2.0.1.jar:/home/fran/.m2/repository/com/vividsolutions/jts/1.13/jts-1.13.jar:/home/fran/.m2/repository/javax/servlet/javax.servlet-api/3.1.0/javax.servlet-api-3.1.0.jar:/home/fran/.m2/repository/org/springframework/boot/spring-boot/1.5.3.RELEASE/spring-boot-1.5.3.RELEASE.jar:/home/fran/.m2/repository/org/springframework/boot/spring-boot-autoconfigure/1.5.3.RELEASE/spring-boot-autoconfigure-1.5.3.RELEASE.jar:/home/fran/.m2/repository/org/springframework/boot/spring-boot-starter-jersey/1.5.3.RELEASE/spring-boot-starter-jersey-1.5.3.RELEASE.jar:/home/fran/.m2/repository/org/springframework/boot/spring-boot-starter-validation/1.5.3.RELEASE/spring-boot-starter-validation-1.5.3.RELEASE.jar:/home/fran/.m2/repository/org/glassfish/jersey/core/jersey-server/2.25.1/j
Launcher Type: SUN_STANDARD

Environment Variables:
PATH=/home/fran/bin:/home/fran/.local/bin:/usr/local/sbin:/usr/local/bin:/usr/sbin:/usr/bin:/sbin:/bin:/usr/games:/usr/local/games
SHELL=/bin/bash
DISPLAY=:0

Signal Handlers:
SIGSEGV: [libjvm.so+0xa6ad10], sa_mask[0]=11111111011111111101111111111110, sa_flags=SA_RESTART|SA_SIGINFO
SIGBUS: [libjvm.so+0xa6ad10], sa_mask[0]=11111111011111111101111111111110, sa_flags=SA_RESTART|SA_SIGINFO
SIGFPE: [libjvm.so+0x8b3bc0], sa_mask[0]=11111111011111111101111111111110, sa_flags=SA_RESTART|SA_SIGINFO
SIGPIPE: [libjvm.so+0x8b3bc0], sa_mask[0]=11111111011111111101111111111110, sa_flags=SA_RESTART|SA_SIGINFO
SIGXFSZ: [libjvm.so+0x8b3bc0], sa_mask[0]=11111111011111111101111111111110, sa_flags=SA_RESTART|SA_SIGINFO
SIGILL: [libjvm.so+0x8b3bc0], sa_mask[0]=11111111011111111101111111111110, sa_flags=SA_RESTART|SA_SIGINFO
SIGUSR1: SIG_DFL, sa_mask[0]=00000000000000000000000000000000, sa_flags=none
SIGUSR2: [libjvm.so+0x8b3a70], sa_mask[0]=00100000000000000000000000000000, sa_flags=SA_RESTART|SA_SIGINFO
SIGHUP: [libjvm.so+0x8b3f40], sa_mask[0]=11111111011111111101111111111110, sa_flags=SA_RESTART|SA_SIGINFO
SIGINT: [libjvm.so+0x8b3f40], sa_mask[0]=11111111011111111101111111111110, sa_flags=SA_RESTART|SA_SIGINFO
SIGTERM: [libjvm.so+0x8b3f40], sa_mask[0]=11111111011111111101111111111110, sa_flags=SA_RESTART|SA_SIGINFO
SIGQUIT: [libjvm.so+0x8b3f40], sa_mask[0]=11111111011111111101111111111110, sa_flags=SA_RESTART|SA_SIGINFO


---------------  S Y S T E M  ---------------

OS:DISTRIB_ID=LinuxMint
DISTRIB_RELEASE=18.2
DISTRIB_CODENAME=sonya
DISTRIB_DESCRIPTION="Linux Mint 18.2 Sonya"

uname:Linux 4.8.0-53-generic #56~16.04.1-Ubuntu SMP Tue May 16 01:18:56 UTC 2017 x86_64
libc:glibc 2.23 NPTL 2.23 
rlimit: STACK 8192k, CORE 0k, NPROC 31335, NOFILE 1048576, AS infinity
load average:1,73 1,57 1,69

/proc/meminfo:
MemTotal:        8082672 kB
MemFree:          134704 kB
MemAvailable:      41920 kB
Buffers:             604 kB
Cached:           532756 kB
SwapCached:            0 kB
Active:          7235588 kB
Inactive:         480044 kB
Active(anon):    7201384 kB
Inactive(anon):   461476 kB
Active(file):      34204 kB
Inactive(file):    18568 kB
Unevictable:          48 kB
Mlocked:              48 kB
SwapTotal:             0 kB
SwapFree:              0 kB
Dirty:              1968 kB
Writeback:             0 kB
AnonPages:       7182428 kB
Mapped:           311716 kB
Shmem:            480512 kB
Slab:              78484 kB
SReclaimable:      35416 kB
SUnreclaim:        43068 kB
KernelStack:       14144 kB
PageTables:        56468 kB
NFS_Unstable:          0 kB
Bounce:                0 kB
WritebackTmp:          0 kB
CommitLimit:     4041336 kB
Committed_AS:   11801988 kB
VmallocTotal:   34359738367 kB
VmallocUsed:           0 kB
VmallocChunk:          0 kB
HardwareCorrupted:     0 kB
AnonHugePages:   4063232 kB
ShmemHugePages:        0 kB
ShmemPmdMapped:        0 kB
CmaTotal:              0 kB
CmaFree:               0 kB
HugePages_Total:       0
HugePages_Free:        0
HugePages_Rsvd:        0
HugePages_Surp:        0
Hugepagesize:       2048 kB
DirectMap4k:      178352 kB
DirectMap2M:     7069696 kB
DirectMap1G:     1048576 kB


CPU:total 4 (initial active 4) (2 cores per cpu, 2 threads per core) family 6 model 142 stepping 9, cmov, cx8, fxsr, mmx, sse, sse2, sse3, ssse3, sse4.1, sse4.2, popcnt, avx, avx2, aes, clmul, erms, 3dnowpref, lzcnt, ht, tsc, tscinvbit, bmi1, bmi2, adx

/proc/cpuinfo:
processor	: 0
vendor_id	: GenuineIntel
cpu family	: 6
model		: 142
model name	: Intel(R) Core(TM) i7-7500U CPU @ 2.70GHz
stepping	: 9
microcode	: 0x4e
cpu MHz		: 2399.792
cache size	: 4096 KB
physical id	: 0
siblings	: 4
core id		: 0
cpu cores	: 2
apicid		: 0
initial apicid	: 0
fpu		: yes
fpu_exception	: yes
cpuid level	: 22
wp		: yes
flags		: fpu vme de pse tsc msr pae mce cx8 apic sep mtrr pge mca cmov pat pse36 clflush dts acpi mmx fxsr sse sse2 ss ht tm pbe syscall nx pdpe1gb rdtscp lm constant_tsc art arch_perfmon pebs bts rep_good nopl xtopology nonstop_tsc aperfmperf eagerfpu pni pclmulqdq dtes64 monitor ds_cpl vmx est tm2 ssse3 sdbg fma cx16 xtpr pdcm pcid sse4_1 sse4_2 x2apic movbe popcnt tsc_deadline_timer aes xsave avx f16c rdrand lahf_lm abm 3dnowprefetch epb intel_pt tpr_shadow vnmi flexpriority ept vpid fsgsbase tsc_adjust bmi1 avx2 smep bmi2 erms invpcid mpx rdseed adx smap clflushopt xsaveopt xsavec xgetbv1 xsaves dtherm ida arat pln pts hwp hwp_notify hwp_act_window hwp_epp
bugs		:
bogomips	: 5800.00
clflush size	: 64
cache_alignment	: 64
address sizes	: 39 bits physical, 48 bits virtual
power management:

processor	: 1
vendor_id	: GenuineIntel
cpu family	: 6
model		: 142
model name	: Intel(R) Core(TM) i7-7500U CPU @ 2.70GHz
stepping	: 9
microcode	: 0x4e
cpu MHz		: 2285.095
cache size	: 4096 KB
physical id	: 0
siblings	: 4
core id		: 1
cpu cores	: 2
apicid		: 2
initial apicid	: 2
fpu		: yes
fpu_exception	: yes
cpuid level	: 22
wp		: yes
flags		: fpu vme de pse tsc msr pae mce cx8 apic sep mtrr pge mca cmov pat pse36 clflush dts acpi mmx fxsr sse sse2 ss ht tm pbe syscall nx pdpe1gb rdtscp lm constant_tsc art arch_perfmon pebs bts rep_good nopl xtopology nonstop_tsc aperfmperf eagerfpu pni pclmulqdq dtes64 monitor ds_cpl vmx est tm2 ssse3 sdbg fma cx16 xtpr pdcm pcid sse4_1 sse4_2 x2apic movbe popcnt tsc_deadline_timer aes xsave avx f16c rdrand lahf_lm abm 3dnowprefetch epb intel_pt tpr_shadow vnmi flexpriority ept vpid fsgsbase tsc_adjust bmi1 avx2 smep bmi2 erms invpcid mpx rdseed adx smap clflushopt xsaveopt xsavec xgetbv1 xsaves dtherm ida arat pln pts hwp hwp_notify hwp_act_window hwp_epp
bugs		:
bogomips	: 5800.00
clflush size	: 64
cache_alignment	: 64
address sizes	: 39 bits physical, 48 bits virtual
power management:

processor	: 2
vendor_id	: GenuineIntel
cpu family	: 6
model		: 142
model name	: Intel(R) Core(TM) i7-7500U CPU @ 2.70GHz
stepping	: 9
microcode	: 0x4e
cpu MHz		: 2151.989
cache size	: 4096 KB
physical id	: 0
siblings	: 4
core id		: 0
cpu cores	: 2
apicid		: 1
initial apicid	: 1
fpu		: yes
fpu_exception	: yes
cpuid level	: 22
wp		: yes
flags		: fpu vme de pse tsc msr pae mce cx8 apic sep mtrr pge mca cmov pat pse36 clflush dts acpi mmx fxsr sse sse2 ss ht tm pbe syscall nx pdpe1gb rdtscp lm constant_tsc art arch_perfmon pebs bts rep_good nopl xtopology nonstop_tsc aperfmperf eagerfpu pni pclmulqdq dtes64 monitor ds_cpl vmx est tm2 ssse3 sdbg fma cx16 xtpr pdcm pcid sse4_1 sse4_2 x2apic movbe popcnt tsc_deadline_timer aes xsave avx f16c rdrand lahf_lm abm 3dnowprefetch epb intel_pt tpr_shadow vnmi flexpriority ept vpid fsgsbase tsc_adjust bmi1 avx2 smep bmi2 erms invpcid mpx rdseed adx smap clflushopt xsaveopt xsavec xgetbv1 xsaves dtherm ida arat pln pts hwp hwp_notify hwp_act_window hwp_epp
bugs		:
bogomips	: 5800.00
clflush size	: 64
cache_alignment	: 64
address sizes	: 39 bits physical, 48 bits virtual
power management:

processor	: 3
vendor_id	: GenuineIntel
cpu family	: 6
model		: 142
model name	: Intel(R) Core(TM) i7-7500U CPU @ 2.70GHz
stepping	: 9
microcode	: 0x4e
cpu MHz		: 2045.257
cache size	: 4096 KB
physical id	: 0
siblings	: 4
core id		: 1
cpu cores	: 2
apicid		: 3
initial apicid	: 3
fpu		: yes
fpu_exception	: yes
cpuid level	: 22
wp		: yes
flags		: fpu vme de pse tsc msr pae mce cx8 apic sep mtrr pge mca cmov pat pse36 clflush dts acpi mmx fxsr sse sse2 ss ht tm pbe syscall nx pdpe1gb rdtscp lm constant_tsc art arch_perfmon pebs bts rep_good nopl xtopology nonstop_tsc aperfmperf eagerfpu pni pclmulqdq dtes64 monitor ds_cpl vmx est tm2 ssse3 sdbg fma cx16 xtpr pdcm pcid sse4_1 sse4_2 x2apic movbe popcnt tsc_deadline_timer aes xsave avx f16c rdrand lahf_lm abm 3dnowprefetch epb intel_pt tpr_shadow vnmi flexpriority ept vpid fsgsbase tsc_adjust bmi1 avx2 smep bmi2 erms invpcid mpx rdseed adx smap clflushopt xsaveopt xsavec xgetbv1 xsaves dtherm ida arat pln pts hwp hwp_notify hwp_act_window hwp_epp
bugs		:
bogomips	: 5800.00
clflush size	: 64
cache_alignment	: 64
address sizes	: 39 bits physical, 48 bits virtual
power management:



Memory: 4k page, physical 8082672k(134704k free), swap 0k(0k free)

vm_info: OpenJDK 64-Bit Server VM (25.131-b11) for linux-amd64 JRE (1.8.0_131-8u131-b11-2ubuntu1.16.04.3-b11), built on Jul 28 2017 01:23:32 by "buildd" with gcc 5.4.0 20160609

time: Fri Nov 10 12:01:35 2017
elapsed time: 30 seconds (0d 0h 0m 30s)

